# JRE version: OpenJDK Runtime Environment Temurin-21.0.11+10 (21.0.11+10) (build 21.0.11+10-LTS)
# Java VM: OpenJDK 64-Bit Server VM Temurin-21.0.11+10 (21.0.11+10-LTS, mixed mode, sharing, tiered, compressed oops, compressed class ptrs, parallel gc, windows-amd64)
GC Precious Log:
 CardTable entry size: 512
 CPUs: 12 total, 12 available
 Memory: 15681M
 Large Page Support: Disabled
 NUMA Support: Disabled
 Compressed Oops: Enabled (32-bit)
 Alignments: Space 512K, Generation 512K, Heap 2M
 Heap Min Capacity: 100M
 Heap Initial Capacity: 100M
 Heap Max Capacity: 2G
 Pre-touch: Disabled
 Parallel Workers: 10
Heap:
 PSYoungGen      total 17920K, used 11488K [0x00000000d5580000, 0x00000000d7400000, 0x0000000100000000)
  eden space 16896K, 62% used [0x00000000d5580000,0x00000000d5fbcf40,0x00000000d6600000)
  from space 1024K, 98% used [0x00000000d6b80000,0x00000000d6c7b110,0x00000000d6c80000)
  to   space 5632K, 0% used [0x00000000d6600000,0x00000000d6600000,0x00000000d6b80000)
 ParOldGen       total 68608K, used 51553K [0x0000000080000000, 0x0000000084300000, 0x00000000d5580000)
  object space 68608K, 75% used [0x0000000080000000,0x0000000083258518,0x0000000084300000)
 Metaspace       used 56349K, committed 57856K, reserved 1114112K
  class space    used 6125K, committed 6784K, reserved 1048576K
GC Heap History (20 events):
Event: 12.878 GC heap before
{Heap before GC invocations=25 (full 2):
 PSYoungGen      total 21504K, used 21496K [0x00000000d5580000, 0x00000000d6f00000, 0x0000000100000000)
  eden space 19968K, 100% used [0x00000000d5580000,0x00000000d6900000,0x00000000d6900000)
  from space 1536K, 99% used [0x00000000d6d00000,0x00000000d6e7e1e8,0x00000000d6e80000)
  to   space 3072K, 0% used [0x00000000d6900000,0x00000000d6900000,0x00000000d6c00000)
 ParOldGen       total 68608K, used 33645K [0x0000000080000000, 0x0000000084300000, 0x00000000d5580000)
  object space 68608K, 49% used [0x0000000080000000,0x00000000820db4c0,0x0000000084300000)
 Metaspace       used 48910K, committed 50240K, reserved 1114112K
  class space    used 5334K, committed 5888K, reserved 1048576K
}
Event: 12.881 GC heap after
{Heap after GC invocations=25 (full 2):
 PSYoungGen      total 22016K, used 1952K [0x00000000d5580000, 0x00000000d6e00000, 0x0000000100000000)
  eden space 19968K, 0% used [0x00000000d5580000,0x00000000d5580000,0x00000000d6900000)
  from space 2048K, 95% used [0x00000000d6900000,0x00000000d6ae8010,0x00000000d6b00000)
  to   space 2560K, 0% used [0x00000000d6b80000,0x00000000d6b80000,0x00000000d6e00000)
 ParOldGen       total 68608K, used 35129K [0x0000000080000000, 0x0000000084300000, 0x00000000d5580000)
  object space 68608K, 51% used [0x0000000080000000,0x000000008224e658,0x0000000084300000)
 Metaspace       used 48910K, committed 50240K, reserved 1114112K
  class space    used 5334K, committed 5888K, reserved 1048576K
}
Event: 13.005 GC heap before
{Heap before GC invocations=26 (full 2):
 PSYoungGen      total 22016K, used 21920K [0x00000000d5580000, 0x00000000d6e00000, 0x0000000100000000)
  eden space 19968K, 100% used [0x00000000d5580000,0x00000000d6900000,0x00000000d6900000)
  from space 2048K, 95% used [0x00000000d6900000,0x00000000d6ae8010,0x00000000d6b00000)
  to   space 2560K, 0% used [0x00000000d6b80000,0x00000000d6b80000,0x00000000d6e00000)
 ParOldGen       total 68608K, used 35129K [0x0000000080000000, 0x0000000084300000, 0x00000000d5580000)
  object space 68608K, 51% used [0x0000000080000000,0x000000008224e658,0x0000000084300000)
 Metaspace       used 49274K, committed 50624K, reserved 1114112K
  class space    used 5391K, committed 5952K, reserved 1048576K
}
Event: 13.008 GC heap after
{Heap after GC invocations=26 (full 2):
 PSYoungGen      total 22528K, used 2306K [0x00000000d5580000, 0x00000000d6e00000, 0x0000000100000000)
  eden space 19968K, 0% used [0x00000000d5580000,0x00000000d5580000,0x00000000d6900000)
  from space 2560K, 90% used [0x00000000d6b80000,0x00000000d6dc0820,0x00000000d6e00000)
  to   space 2560K, 0% used [0x00000000d6900000,0x00000000d6900000,0x00000000d6b80000)
 ParOldGen       total 68608K, used 36849K [0x0000000080000000, 0x0000000084300000, 0x00000000d5580000)
  object space 68608K, 53% used [0x0000000080000000,0x00000000823fc658,0x0000000084300000)
 Metaspace       used 49274K, committed 50624K, reserved 1114112K
  class space    used 5391K, committed 5952K, reserved 1048576K
}
Event: 13.072 GC heap before
{Heap before GC invocations=27 (full 2):
 PSYoungGen      total 22528K, used 22274K [0x00000000d5580000, 0x00000000d6e00000, 0x0000000100000000)
  eden space 19968K, 100% used [0x00000000d5580000,0x00000000d6900000,0x00000000d6900000)
  from space 2560K, 90% used [0x00000000d6b80000,0x00000000d6dc0820,0x00000000d6e00000)
  to   space 2560K, 0% used [0x00000000d6900000,0x00000000d6900000,0x00000000d6b80000)
 ParOldGen       total 68608K, used 36849K [0x0000000080000000, 0x0000000084300000, 0x00000000d5580000)
  object space 68608K, 53% used [0x0000000080000000,0x00000000823fc658,0x0000000084300000)
 Metaspace       used 49294K, committed 50624K, reserved 1114112K
  class space    used 5391K, committed 5952K, reserved 1048576K
}
Event: 13.076 GC heap after
{Heap after GC invocations=27 (full 2):
 PSYoungGen      total 22528K, used 2048K [0x00000000d5580000, 0x00000000d6e00000, 0x0000000100000000)
  eden space 19968K, 0% used [0x00000000d5580000,0x00000000d5580000,0x00000000d6900000)
  from space 2560K, 80% used [0x00000000d6900000,0x00000000d6b00000,0x00000000d6b80000)
  to   space 2560K, 0% used [0x00000000d6b80000,0x00000000d6b80000,0x00000000d6e00000)
 ParOldGen       total 68608K, used 38967K [0x0000000080000000, 0x0000000084300000, 0x00000000d5580000)
  object space 68608K, 56% used [0x0000000080000000,0x000000008260df88,0x0000000084300000)
 Metaspace       used 49294K, committed 50624K, reserved 1114112K
  class space    used 5391K, committed 5952K, reserved 1048576K
}
Event: 13.142 GC heap before
{Heap before GC invocations=28 (full 2):
 PSYoungGen      total 22528K, used 22016K [0x00000000d5580000, 0x00000000d6e00000, 0x0000000100000000)
  eden space 19968K, 100% used [0x00000000d5580000,0x00000000d6900000,0x00000000d6900000)
  from space 2560K, 80% used [0x00000000d6900000,0x00000000d6b00000,0x00000000d6b80000)
  to   space 2560K, 0% used [0x00000000d6b80000,0x00000000d6b80000,0x00000000d6e00000)
 ParOldGen       total 68608K, used 38967K [0x0000000080000000, 0x0000000084300000, 0x00000000d5580000)
  object space 68608K, 56% used [0x0000000080000000,0x000000008260df88,0x0000000084300000)
 Metaspace       used 49304K, committed 50624K, reserved 1114112K
  class space    used 5391K, committed 5952K, reserved 1048576K
}
Event: 13.146 GC heap after
{Heap after GC invocations=28 (full 2):
 PSYoungGen      total 22016K, used 1924K [0x00000000d5580000, 0x00000000d6d80000, 0x0000000100000000)
  eden space 19968K, 0% used [0x00000000d5580000,0x00000000d5580000,0x00000000d6900000)
  from space 2048K, 93% used [0x00000000d6b80000,0x00000000d6d61000,0x00000000d6d80000)
  to   space 2048K, 0% used [0x00000000d6980000,0x00000000d6980000,0x00000000d6b80000)
 ParOldGen       total 68608K, used 40871K [0x0000000080000000, 0x0000000084300000, 0x00000000d5580000)
  object space 68608K, 59% used [0x0000000080000000,0x00000000827e9f88,0x0000000084300000)
 Metaspace       used 49304K, committed 50624K, reserved 1114112K
  class space    used 5391K, committed 5952K, reserved 1048576K
}
Event: 13.213 GC heap before
{Heap before GC invocations=29 (full 2):
 PSYoungGen      total 22016K, used 21892K [0x00000000d5580000, 0x00000000d6d80000, 0x0000000100000000)
  eden space 19968K, 100% used [0x00000000d5580000,0x00000000d6900000,0x00000000d6900000)
  from space 2048K, 93% used [0x00000000d6b80000,0x00000000d6d61000,0x00000000d6d80000)
  to   space 2048K, 0% used [0x00000000d6980000,0x00000000d6980000,0x00000000d6b80000)
 ParOldGen       total 68608K, used 40871K [0x0000000080000000, 0x0000000084300000, 0x00000000d5580000)
  object space 68608K, 59% used [0x0000000080000000,0x00000000827e9f88,0x0000000084300000)
 Metaspace       used 49311K, committed 50624K, reserved 1114112K
  class space    used 5391K, committed 5952K, reserved 1048576K
}
Event: 13.216 GC heap after
{Heap after GC invocations=29 (full 2):
 PSYoungGen      total 22016K, used 2016K [0x00000000d5580000, 0x00000000d7200000, 0x0000000100000000)
  eden space 19968K, 0% used [0x00000000d5580000,0x00000000d5580000,0x00000000d6900000)
  from space 2048K, 98% used [0x00000000d6980000,0x00000000d6b78010,0x00000000d6b80000)
  to   space 4608K, 0% used [0x00000000d6d80000,0x00000000d6d80000,0x00000000d7200000)
 ParOldGen       total 68608K, used 42637K [0x0000000080000000, 0x0000000084300000, 0x00000000d5580000)
  object space 68608K, 62% used [0x0000000080000000,0x00000000829a35b0,0x0000000084300000)
 Metaspace       used 49311K, committed 50624K, reserved 1114112K
  class space    used 5391K, committed 5952K, reserved 1048576K
}
Event: 13.311 GC heap before
{Heap before GC invocations=30 (full 2):
 PSYoungGen      total 22016K, used 21984K [0x00000000d5580000, 0x00000000d7200000, 0x0000000100000000)
  eden space 19968K, 100% used [0x00000000d5580000,0x00000000d6900000,0x00000000d6900000)
  from space 2048K, 98% used [0x00000000d6980000,0x00000000d6b78010,0x00000000d6b80000)
  to   space 4608K, 0% used [0x00000000d6d80000,0x00000000d6d80000,0x00000000d7200000)
 ParOldGen       total 68608K, used 42637K [0x0000000080000000, 0x0000000084300000, 0x00000000d5580000)
  object space 68608K, 62% used [0x0000000080000000,0x00000000829a35b0,0x0000000084300000)
 Metaspace       used 49343K, committed 50688K, reserved 1114112K
  class space    used 5392K, committed 5952K, reserved 1048576K
}
Event: 13.314 GC heap after
{Heap after GC invocations=30 (full 2):
 PSYoungGen      total 22016K, used 1752K [0x00000000d5580000, 0x00000000d6f80000, 0x0000000100000000)
  eden space 19968K, 0% used [0x00000000d5580000,0x00000000d5580000,0x00000000d6900000)
  from space 2048K, 85% used [0x00000000d6d80000,0x00000000d6f36200,0x00000000d6f80000)
  to   space 2560K, 0% used [0x00000000d6a80000,0x00000000d6a80000,0x00000000d6d00000)
 ParOldGen       total 68608K, used 44581K [0x0000000080000000, 0x0000000084300000, 0x00000000d5580000)
  object space 68608K, 64% used [0x0000000080000000,0x0000000082b895c0,0x0000000084300000)
 Metaspace       used 49343K, committed 50688K, reserved 1114112K
  class space    used 5392K, committed 5952K, reserved 1048576K
}
Event: 13.528 GC heap before
{Heap before GC invocations=31 (full 2):
 PSYoungGen      total 22016K, used 21720K [0x00000000d5580000, 0x00000000d6f80000, 0x0000000100000000)
  eden space 19968K, 100% used [0x00000000d5580000,0x00000000d6900000,0x00000000d6900000)
  from space 2048K, 85% used [0x00000000d6d80000,0x00000000d6f36200,0x00000000d6f80000)
  to   space 2560K, 0% used [0x00000000d6a80000,0x00000000d6a80000,0x00000000d6d00000)
 ParOldGen       total 68608K, used 44581K [0x0000000080000000, 0x0000000084300000, 0x00000000d5580000)
  object space 68608K, 64% used [0x0000000080000000,0x0000000082b895c0,0x0000000084300000)
 Metaspace       used 49982K, committed 51328K, reserved 1114112K
  class space    used 5473K, committed 6016K, reserved 1048576K
}
Event: 13.531 GC heap after
{Heap after GC invocations=31 (full 2):
 PSYoungGen      total 21504K, used 1472K [0x00000000d5580000, 0x00000000d6e00000, 0x0000000100000000)
  eden space 19968K, 0% used [0x00000000d5580000,0x00000000d5580000,0x00000000d6900000)
  from space 1536K, 95% used [0x00000000d6a80000,0x00000000d6bf0000,0x00000000d6c00000)
  to   space 2048K, 0% used [0x00000000d6c00000,0x00000000d6c00000,0x00000000d6e00000)
 ParOldGen       total 68608K, used 46221K [0x0000000080000000, 0x0000000084300000, 0x00000000d5580000)
  object space 68608K, 67% used [0x0000000080000000,0x0000000082d237c0,0x0000000084300000)
 Metaspace       used 49982K, committed 51328K, reserved 1114112K
  class space    used 5473K, committed 6016K, reserved 1048576K
}
Event: 14.183 GC heap before
{Heap before GC invocations=32 (full 2):
 PSYoungGen      total 21504K, used 21440K [0x00000000d5580000, 0x00000000d6e00000, 0x0000000100000000)
  eden space 19968K, 100% used [0x00000000d5580000,0x00000000d6900000,0x00000000d6900000)
  from space 1536K, 95% used [0x00000000d6a80000,0x00000000d6bf0000,0x00000000d6c00000)
  to   space 2048K, 0% used [0x00000000d6c00000,0x00000000d6c00000,0x00000000d6e00000)
 ParOldGen       total 68608K, used 46221K [0x0000000080000000, 0x0000000084300000, 0x00000000d5580000)
  object space 68608K, 67% used [0x0000000080000000,0x0000000082d237c0,0x0000000084300000)
 Metaspace       used 51421K, committed 52800K, reserved 1114112K
  class space    used 5682K, committed 6272K, reserved 1048576K
}
Event: 14.185 GC heap after
{Heap after GC invocations=32 (full 2):
 PSYoungGen      total 20992K, used 760K [0x00000000d5580000, 0x00000000d6d00000, 0x0000000100000000)
  eden space 19968K, 0% used [0x00000000d5580000,0x00000000d5580000,0x00000000d6900000)
  from space 1024K, 74% used [0x00000000d6c00000,0x00000000d6cbe2f8,0x00000000d6d00000)
  to   space 1536K, 0% used [0x00000000d6a00000,0x00000000d6a00000,0x00000000d6b80000)
 ParOldGen       total 68608K, used 47589K [0x0000000080000000, 0x0000000084300000, 0x00000000d5580000)
  object space 68608K, 69% used [0x0000000080000000,0x0000000082e79738,0x0000000084300000)
 Metaspace       used 51421K, committed 52800K, reserved 1114112K
  class space    used 5682K, committed 6272K, reserved 1048576K
}
Event: 14.749 GC heap before
{Heap before GC invocations=33 (full 2):
 PSYoungGen      total 20992K, used 20728K [0x00000000d5580000, 0x00000000d6d00000, 0x0000000100000000)
  eden space 19968K, 100% used [0x00000000d5580000,0x00000000d6900000,0x00000000d6900000)
  from space 1024K, 74% used [0x00000000d6c00000,0x00000000d6cbe2f8,0x00000000d6d00000)
  to   space 1536K, 0% used [0x00000000d6a00000,0x00000000d6a00000,0x00000000d6b80000)
 ParOldGen       total 68608K, used 47589K [0x0000000080000000, 0x0000000084300000, 0x00000000d5580000)
  object space 68608K, 69% used [0x0000000080000000,0x0000000082e79738,0x0000000084300000)
 Metaspace       used 52975K, committed 54336K, reserved 1114112K
  class space    used 5828K, committed 6400K, reserved 1048576K
}
Event: 14.750 GC heap after
{Heap after GC invocations=33 (full 2):
 PSYoungGen      total 21504K, used 480K [0x00000000d5580000, 0x00000000d6c80000, 0x0000000100000000)
  eden space 19968K, 0% used [0x00000000d5580000,0x00000000d5580000,0x00000000d6900000)
  from space 1536K, 31% used [0x00000000d6a00000,0x00000000d6a78000,0x00000000d6b80000)
  to   space 1024K, 0% used [0x00000000d6b80000,0x00000000d6b80000,0x00000000d6c80000)
 ParOldGen       total 68608K, used 48116K [0x0000000080000000, 0x0000000084300000, 0x00000000d5580000)
  object space 68608K, 70% used [0x0000000080000000,0x0000000082efd280,0x0000000084300000)
 Metaspace       used 52975K, committed 54336K, reserved 1114112K
  class space    used 5828K, committed 6400K, reserved 1048576K
}
Event: 15.108 GC heap before
{Heap before GC invocations=34 (full 2):
 PSYoungGen      total 21504K, used 20448K [0x00000000d5580000, 0x00000000d6c80000, 0x0000000100000000)
  eden space 19968K, 100% used [0x00000000d5580000,0x00000000d6900000,0x00000000d6900000)
  from space 1536K, 31% used [0x00000000d6a00000,0x00000000d6a78000,0x00000000d6b80000)
  to   space 1024K, 0% used [0x00000000d6b80000,0x00000000d6b80000,0x00000000d6c80000)
 ParOldGen       total 68608K, used 48116K [0x0000000080000000, 0x0000000084300000, 0x00000000d5580000)
  object space 68608K, 70% used [0x0000000080000000,0x0000000082efd280,0x0000000084300000)
 Metaspace       used 55087K, committed 56448K, reserved 1114112K
  class space    used 6012K, committed 6592K, reserved 1048576K
}
Event: 15.112 GC heap after
{Heap after GC invocations=34 (full 2):
 PSYoungGen      total 17920K, used 1004K [0x00000000d5580000, 0x00000000d7400000, 0x0000000100000000)
  eden space 16896K, 0% used [0x00000000d5580000,0x00000000d5580000,0x00000000d6600000)
  from space 1024K, 98% used [0x00000000d6b80000,0x00000000d6c7b110,0x00000000d6c80000)
  to   space 5632K, 0% used [0x00000000d6600000,0x00000000d6600000,0x00000000d6b80000)
 ParOldGen       total 68608K, used 51553K [0x0000000080000000, 0x0000000084300000, 0x00000000d5580000)
  object space 68608K, 75% used [0x0000000080000000,0x0000000083258518,0x0000000084300000)
 Metaspace       used 55087K, committed 56448K, reserved 1114112K
  class space    used 6012K, committed 6592K, reserved 1048576K
}

