# JRE version: OpenJDK Runtime Environment Temurin-21.0.11+10 (21.0.11+10) (build 21.0.11+10-LTS)
# Java VM: OpenJDK 64-Bit Server VM Temurin-21.0.11+10 (21.0.11+10-LTS, mixed mode, sharing, tiered, compressed oops, compressed class ptrs, parallel gc, windows-amd64)
GC Precious Log:
 CardTable entry size: 512
 CPUs: 12 total, 12 available
 Memory: 15681M
 Large Page Support: Disabled
 NUMA Support: Disabled
 Compressed Oops: Enabled (32-bit)
 Alignments: Space 512K, Generation 512K, Heap 2M
 Heap Min Capacity: 100M
 Heap Initial Capacity: 100M
 Heap Max Capacity: 2G
 Pre-touch: Disabled
 Parallel Workers: 10
Heap:
 PSYoungGen      total 23040K, used 16279K [0x00000000d5580000, 0x00000000d7480000, 0x0000000100000000)
  eden space 20480K, 66% used [0x00000000d5580000,0x00000000d62e5ff0,0x00000000d6980000)
  from space 2560K, 99% used [0x00000000d6a00000,0x00000000d6c7fdf0,0x00000000d6c80000)
  to   space 5632K, 0% used [0x00000000d6f00000,0x00000000d6f00000,0x00000000d7480000)
 ParOldGen       total 68608K, used 61912K [0x0000000080000000, 0x0000000084300000, 0x00000000d5580000)
  object space 68608K, 90% used [0x0000000080000000,0x0000000083c76128,0x0000000084300000)
 Metaspace       used 57646K, committed 59008K, reserved 1114112K
  class space    used 6115K, committed 6784K, reserved 1048576K
GC Heap History (20 events):
Event: 6.706 GC heap before
{Heap before GC invocations=26 (full 2):
 PSYoungGen      total 24576K, used 22656K [0x00000000d5580000, 0x00000000d7400000, 0x0000000100000000)
  eden space 20992K, 100% used [0x00000000d5580000,0x00000000d6a00000,0x00000000d6a00000)
  from space 3584K, 46% used [0x00000000d6e00000,0x00000000d6fa0000,0x00000000d7180000)
  to   space 2560K, 0% used [0x00000000d7180000,0x00000000d7180000,0x00000000d7400000)
 ParOldGen       total 68608K, used 45902K [0x0000000080000000, 0x0000000084300000, 0x00000000d5580000)
  object space 68608K, 66% used [0x0000000080000000,0x0000000082cd3878,0x0000000084300000)
 Metaspace       used 42285K, committed 43584K, reserved 1114112K
  class space    used 4477K, committed 5056K, reserved 1048576K
}
Event: 6.709 GC heap after
{Heap after GC invocations=26 (full 2):
 PSYoungGen      total 23040K, used 1884K [0x00000000d5580000, 0x00000000d7380000, 0x0000000100000000)
  eden space 20992K, 0% used [0x00000000d5580000,0x00000000d5580000,0x00000000d6a00000)
  from space 2048K, 92% used [0x00000000d7180000,0x00000000d7357288,0x00000000d7380000)
  to   space 2048K, 0% used [0x00000000d6f80000,0x00000000d6f80000,0x00000000d7180000)
 ParOldGen       total 68608K, used 47358K [0x0000000080000000, 0x0000000084300000, 0x00000000d5580000)
  object space 68608K, 69% used [0x0000000080000000,0x0000000082e3fa78,0x0000000084300000)
 Metaspace       used 42285K, committed 43584K, reserved 1114112K
  class space    used 4477K, committed 5056K, reserved 1048576K
}
Event: 6.920 GC heap before
{Heap before GC invocations=27 (full 2):
 PSYoungGen      total 23040K, used 22876K [0x00000000d5580000, 0x00000000d7380000, 0x0000000100000000)
  eden space 20992K, 100% used [0x00000000d5580000,0x00000000d6a00000,0x00000000d6a00000)
  from space 2048K, 92% used [0x00000000d7180000,0x00000000d7357288,0x00000000d7380000)
  to   space 2048K, 0% used [0x00000000d6f80000,0x00000000d6f80000,0x00000000d7180000)
 ParOldGen       total 68608K, used 47358K [0x0000000080000000, 0x0000000084300000, 0x00000000d5580000)
  object space 68608K, 69% used [0x0000000080000000,0x0000000082e3fa78,0x0000000084300000)
 Metaspace       used 44597K, committed 45888K, reserved 1114112K
  class space    used 4766K, committed 5312K, reserved 1048576K
}
Event: 6.922 GC heap after
{Heap after GC invocations=27 (full 2):
 PSYoungGen      total 22016K, used 896K [0x00000000d5580000, 0x00000000d7200000, 0x0000000100000000)
  eden space 20992K, 0% used [0x00000000d5580000,0x00000000d5580000,0x00000000d6a00000)
  from space 1024K, 87% used [0x00000000d6f80000,0x00000000d7060000,0x00000000d7080000)
  to   space 1536K, 0% used [0x00000000d7080000,0x00000000d7080000,0x00000000d7200000)
 ParOldGen       total 68608K, used 48595K [0x0000000080000000, 0x0000000084300000, 0x00000000d5580000)
  object space 68608K, 70% used [0x0000000080000000,0x0000000082f74dd0,0x0000000084300000)
 Metaspace       used 44597K, committed 45888K, reserved 1114112K
  class space    used 4766K, committed 5312K, reserved 1048576K
}
Event: 7.247 GC heap before
{Heap before GC invocations=28 (full 2):
 PSYoungGen      total 22016K, used 21888K [0x00000000d5580000, 0x00000000d7200000, 0x0000000100000000)
  eden space 20992K, 100% used [0x00000000d5580000,0x00000000d6a00000,0x00000000d6a00000)
  from space 1024K, 87% used [0x00000000d6f80000,0x00000000d7060000,0x00000000d7080000)
  to   space 1536K, 0% used [0x00000000d7080000,0x00000000d7080000,0x00000000d7200000)
 ParOldGen       total 68608K, used 48595K [0x0000000080000000, 0x0000000084300000, 0x00000000d5580000)
  object space 68608K, 70% used [0x0000000080000000,0x0000000082f74dd0,0x0000000084300000)
 Metaspace       used 47022K, committed 48256K, reserved 1114112K
  class space    used 5093K, committed 5632K, reserved 1048576K
}
Event: 7.248 GC heap after
{Heap after GC invocations=28 (full 2):
 PSYoungGen      total 22528K, used 1472K [0x00000000d5580000, 0x00000000d7200000, 0x0000000100000000)
  eden space 20992K, 0% used [0x00000000d5580000,0x00000000d5580000,0x00000000d6a00000)
  from space 1536K, 95% used [0x00000000d7080000,0x00000000d71f0000,0x00000000d7200000)
  to   space 2048K, 0% used [0x00000000d6e00000,0x00000000d6e00000,0x00000000d7000000)
 ParOldGen       total 68608K, used 49303K [0x0000000080000000, 0x0000000084300000, 0x00000000d5580000)
  object space 68608K, 71% used [0x0000000080000000,0x0000000083025de0,0x0000000084300000)
 Metaspace       used 47022K, committed 48256K, reserved 1114112K
  class space    used 5093K, committed 5632K, reserved 1048576K
}
Event: 7.429 GC heap before
{Heap before GC invocations=29 (full 2):
 PSYoungGen      total 22528K, used 22450K [0x00000000d5580000, 0x00000000d7200000, 0x0000000100000000)
  eden space 20992K, 99% used [0x00000000d5580000,0x00000000d69fc830,0x00000000d6a00000)
  from space 1536K, 95% used [0x00000000d7080000,0x00000000d71f0000,0x00000000d7200000)
  to   space 2048K, 0% used [0x00000000d6e00000,0x00000000d6e00000,0x00000000d7000000)
 ParOldGen       total 68608K, used 49303K [0x0000000080000000, 0x0000000084300000, 0x00000000d5580000)
  object space 68608K, 71% used [0x0000000080000000,0x0000000083025de0,0x0000000084300000)
 Metaspace       used 49346K, committed 50624K, reserved 1114112K
  class space    used 5352K, committed 5888K, reserved 1048576K
}
Event: 7.432 GC heap after
{Heap after GC invocations=29 (full 2):
 PSYoungGen      total 22528K, used 1409K [0x00000000d5580000, 0x00000000d7100000, 0x0000000100000000)
  eden space 20992K, 0% used [0x00000000d5580000,0x00000000d5580000,0x00000000d6a00000)
  from space 1536K, 91% used [0x00000000d6e00000,0x00000000d6f60688,0x00000000d6f80000)
  to   space 1536K, 0% used [0x00000000d6f80000,0x00000000d6f80000,0x00000000d7100000)
 ParOldGen       total 68608K, used 50646K [0x0000000080000000, 0x0000000084300000, 0x00000000d5580000)
  object space 68608K, 73% used [0x0000000080000000,0x0000000083175b00,0x0000000084300000)
 Metaspace       used 49346K, committed 50624K, reserved 1114112K
  class space    used 5352K, committed 5888K, reserved 1048576K
}
Event: 7.730 GC heap before
{Heap before GC invocations=30 (full 2):
 PSYoungGen      total 22528K, used 22401K [0x00000000d5580000, 0x00000000d7100000, 0x0000000100000000)
  eden space 20992K, 100% used [0x00000000d5580000,0x00000000d6a00000,0x00000000d6a00000)
  from space 1536K, 91% used [0x00000000d6e00000,0x00000000d6f60688,0x00000000d6f80000)
  to   space 1536K, 0% used [0x00000000d6f80000,0x00000000d6f80000,0x00000000d7100000)
 ParOldGen       total 68608K, used 50646K [0x0000000080000000, 0x0000000084300000, 0x00000000d5580000)
  object space 68608K, 73% used [0x0000000080000000,0x0000000083175b00,0x0000000084300000)
 Metaspace       used 51432K, committed 52800K, reserved 1114112K
  class space    used 5605K, committed 6208K, reserved 1048576K
}
Event: 7.732 GC heap after
{Heap after GC invocations=30 (full 2):
 PSYoungGen      total 22016K, used 964K [0x00000000d5580000, 0x00000000d7080000, 0x0000000100000000)
  eden space 20992K, 0% used [0x00000000d5580000,0x00000000d5580000,0x00000000d6a00000)
  from space 1024K, 94% used [0x00000000d6f80000,0x00000000d70711b0,0x00000000d7080000)
  to   space 1536K, 0% used [0x00000000d6d80000,0x00000000d6d80000,0x00000000d6f00000)
 ParOldGen       total 68608K, used 51827K [0x0000000080000000, 0x0000000084300000, 0x00000000d5580000)
  object space 68608K, 75% used [0x0000000080000000,0x000000008329ceb0,0x0000000084300000)
 Metaspace       used 51432K, committed 52800K, reserved 1114112K
  class space    used 5605K, committed 6208K, reserved 1048576K
}
Event: 8.025 GC heap before
{Heap before GC invocations=31 (full 2):
 PSYoungGen      total 22016K, used 21937K [0x00000000d5580000, 0x00000000d7080000, 0x0000000100000000)
  eden space 20992K, 99% used [0x00000000d5580000,0x00000000d69fb308,0x00000000d6a00000)
  from space 1024K, 94% used [0x00000000d6f80000,0x00000000d70711b0,0x00000000d7080000)
  to   space 1536K, 0% used [0x00000000d6d80000,0x00000000d6d80000,0x00000000d6f00000)
 ParOldGen       total 68608K, used 51827K [0x0000000080000000, 0x0000000084300000, 0x00000000d5580000)
  object space 68608K, 75% used [0x0000000080000000,0x000000008329ceb0,0x0000000084300000)
 Metaspace       used 52298K, committed 53632K, reserved 1114112K
  class space    used 5716K, committed 6272K, reserved 1048576K
}
Event: 8.026 GC heap after
{Heap after GC invocations=31 (full 2):
 PSYoungGen      total 22528K, used 352K [0x00000000d5580000, 0x00000000d7000000, 0x0000000100000000)
  eden space 20992K, 0% used [0x00000000d5580000,0x00000000d5580000,0x00000000d6a00000)
  from space 1536K, 22% used [0x00000000d6d80000,0x00000000d6dd8000,0x00000000d6f00000)
  to   space 1024K, 0% used [0x00000000d6f00000,0x00000000d6f00000,0x00000000d7000000)
 ParOldGen       total 68608K, used 52676K [0x0000000080000000, 0x0000000084300000, 0x00000000d5580000)
  object space 68608K, 76% used [0x0000000080000000,0x00000000833710c8,0x0000000084300000)
 Metaspace       used 52298K, committed 53632K, reserved 1114112K
  class space    used 5716K, committed 6272K, reserved 1048576K
}
Event: 8.166 GC heap before
{Heap before GC invocations=32 (full 2):
 PSYoungGen      total 22528K, used 21344K [0x00000000d5580000, 0x00000000d7000000, 0x0000000100000000)
  eden space 20992K, 100% used [0x00000000d5580000,0x00000000d6a00000,0x00000000d6a00000)
  from space 1536K, 22% used [0x00000000d6d80000,0x00000000d6dd8000,0x00000000d6f00000)
  to   space 1024K, 0% used [0x00000000d6f00000,0x00000000d6f00000,0x00000000d7000000)
 ParOldGen       total 68608K, used 52676K [0x0000000080000000, 0x0000000084300000, 0x00000000d5580000)
  object space 68608K, 76% used [0x0000000080000000,0x00000000833710c8,0x0000000084300000)
 Metaspace       used 52997K, committed 54272K, reserved 1114112K
  class space    used 5783K, committed 6336K, reserved 1048576K
}
Event: 8.168 GC heap after
{Heap after GC invocations=32 (full 2):
 PSYoungGen      total 21504K, used 1020K [0x00000000d5580000, 0x00000000d7500000, 0x0000000100000000)
  eden space 20480K, 0% used [0x00000000d5580000,0x00000000d5580000,0x00000000d6980000)
  from space 1024K, 99% used [0x00000000d6f00000,0x00000000d6fff198,0x00000000d7000000)
  to   space 5632K, 0% used [0x00000000d6980000,0x00000000d6980000,0x00000000d6f00000)
 ParOldGen       total 68608K, used 56177K [0x0000000080000000, 0x0000000084300000, 0x00000000d5580000)
  object space 68608K, 81% used [0x0000000080000000,0x00000000836dc638,0x0000000084300000)
 Metaspace       used 52997K, committed 54272K, reserved 1114112K
  class space    used 5783K, committed 6336K, reserved 1048576K
}
Event: 8.573 GC heap before
{Heap before GC invocations=33 (full 2):
 PSYoungGen      total 21504K, used 21500K [0x00000000d5580000, 0x00000000d7500000, 0x0000000100000000)
  eden space 20480K, 100% used [0x00000000d5580000,0x00000000d6980000,0x00000000d6980000)
  from space 1024K, 99% used [0x00000000d6f00000,0x00000000d6fff198,0x00000000d7000000)
  to   space 5632K, 0% used [0x00000000d6980000,0x00000000d6980000,0x00000000d6f00000)
 ParOldGen       total 68608K, used 56177K [0x0000000080000000, 0x0000000084300000, 0x00000000d5580000)
  object space 68608K, 81% used [0x0000000080000000,0x00000000836dc638,0x0000000084300000)
 Metaspace       used 54691K, committed 56064K, reserved 1114112K
  class space    used 5907K, committed 6528K, reserved 1048576K
}
Event: 8.575 GC heap after
{Heap after GC invocations=33 (full 2):
 PSYoungGen      total 23552K, used 2893K [0x00000000d5580000, 0x00000000d7080000, 0x0000000100000000)
  eden space 20480K, 0% used [0x00000000d5580000,0x00000000d5580000,0x00000000d6980000)
  from space 3072K, 94% used [0x00000000d6980000,0x00000000d6c53438,0x00000000d6c80000)
  to   space 3584K, 0% used [0x00000000d6d00000,0x00000000d6d00000,0x00000000d7080000)
 ParOldGen       total 68608K, used 57194K [0x0000000080000000, 0x0000000084300000, 0x00000000d5580000)
  object space 68608K, 83% used [0x0000000080000000,0x00000000837dabf0,0x0000000084300000)
 Metaspace       used 54691K, committed 56064K, reserved 1114112K
  class space    used 5907K, committed 6528K, reserved 1048576K
}
Event: 8.883 GC heap before
{Heap before GC invocations=34 (full 2):
 PSYoungGen      total 23552K, used 23368K [0x00000000d5580000, 0x00000000d7080000, 0x0000000100000000)
  eden space 20480K, 99% used [0x00000000d5580000,0x00000000d697eea0,0x00000000d6980000)
  from space 3072K, 94% used [0x00000000d6980000,0x00000000d6c53438,0x00000000d6c80000)
  to   space 3584K, 0% used [0x00000000d6d00000,0x00000000d6d00000,0x00000000d7080000)
 ParOldGen       total 68608K, used 57194K [0x0000000080000000, 0x0000000084300000, 0x00000000d5580000)
  object space 68608K, 83% used [0x0000000080000000,0x00000000837dabf0,0x0000000084300000)
 Metaspace       used 56074K, committed 57472K, reserved 1114112K
  class space    used 6049K, committed 6720K, reserved 1048576K
}
Event: 8.886 GC heap after
{Heap after GC invocations=34 (full 2):
 PSYoungGen      total 22528K, used 1865K [0x00000000d5580000, 0x00000000d6f00000, 0x0000000100000000)
  eden space 20480K, 0% used [0x00000000d5580000,0x00000000d5580000,0x00000000d6980000)
  from space 2048K, 91% used [0x00000000d6d00000,0x00000000d6ed2660,0x00000000d6f00000)
  to   space 2560K, 0% used [0x00000000d6a00000,0x00000000d6a00000,0x00000000d6c80000)
 ParOldGen       total 68608K, used 59834K [0x0000000080000000, 0x0000000084300000, 0x00000000d5580000)
  object space 68608K, 87% used [0x0000000080000000,0x0000000083a6e9d0,0x0000000084300000)
 Metaspace       used 56074K, committed 57472K, reserved 1114112K
  class space    used 6049K, committed 6720K, reserved 1048576K
}
Event: 9.220 GC heap before
{Heap before GC invocations=35 (full 2):
 PSYoungGen      total 22528K, used 22345K [0x00000000d5580000, 0x00000000d6f00000, 0x0000000100000000)
  eden space 20480K, 100% used [0x00000000d5580000,0x00000000d6980000,0x00000000d6980000)
  from space 2048K, 91% used [0x00000000d6d00000,0x00000000d6ed2660,0x00000000d6f00000)
  to   space 2560K, 0% used [0x00000000d6a00000,0x00000000d6a00000,0x00000000d6c80000)
 ParOldGen       total 68608K, used 59834K [0x0000000080000000, 0x0000000084300000, 0x00000000d5580000)
  object space 68608K, 87% used [0x0000000080000000,0x0000000083a6e9d0,0x0000000084300000)
 Metaspace       used 56964K, committed 58368K, reserved 1114112K
  class space    used 6106K, committed 6784K, reserved 1048576K
}
Event: 9.223 GC heap after
{Heap after GC invocations=35 (full 2):
 PSYoungGen      total 23040K, used 2559K [0x00000000d5580000, 0x00000000d7480000, 0x0000000100000000)
  eden space 20480K, 0% used [0x00000000d5580000,0x00000000d5580000,0x00000000d6980000)
  from space 2560K, 99% used [0x00000000d6a00000,0x00000000d6c7fdf0,0x00000000d6c80000)
  to   space 5632K, 0% used [0x00000000d6f00000,0x00000000d6f00000,0x00000000d7480000)
 ParOldGen       total 68608K, used 61912K [0x0000000080000000, 0x0000000084300000, 0x00000000d5580000)
  object space 68608K, 90% used [0x0000000080000000,0x0000000083c76128,0x0000000084300000)
 Metaspace       used 56964K, committed 58368K, reserved 1114112K
  class space    used 6106K, committed 6784K, reserved 1048576K
}

