# JRE version: OpenJDK Runtime Environment Temurin-21.0.11+10 (21.0.11+10) (build 21.0.11+10-LTS)
# Java VM: OpenJDK 64-Bit Server VM Temurin-21.0.11+10 (21.0.11+10-LTS, mixed mode, sharing, tiered, compressed oops, compressed class ptrs, parallel gc, windows-amd64)
GC Precious Log:
 CardTable entry size: 512
 CPUs: 12 total, 12 available
 Memory: 15681M
 Large Page Support: Disabled
 NUMA Support: Disabled
 Compressed Oops: Enabled (32-bit)
 Alignments: Space 512K, Generation 512K, Heap 2M
 Heap Min Capacity: 100M
 Heap Initial Capacity: 100M
 Heap Max Capacity: 2G
 Pre-touch: Disabled
 Parallel Workers: 10
Heap:
 PSYoungGen      total 13312K, used 11838K [0x00000000d5580000, 0x00000000d6600000, 0x0000000100000000)
  eden space 11776K, 87% used [0x00000000d5580000,0x00000000d5f9b360,0x00000000d6100000)
  from space 1536K, 96% used [0x00000000d6480000,0x00000000d65f45f8,0x00000000d6600000)
  to   space 2048K, 0% used [0x00000000d6200000,0x00000000d6200000,0x00000000d6400000)
 ParOldGen       total 102912K, used 102658K [0x0000000080000000, 0x0000000086480000, 0x00000000d5580000)
  object space 102912K, 99% used [0x0000000080000000,0x00000000864408a8,0x0000000086480000)
 Metaspace       used 67435K, committed 68992K, reserved 1114112K
  class space    used 7175K, committed 7808K, reserved 1048576K
GC Heap History (20 events):
Event: 21.915 GC heap before
{Heap before GC invocations=134 (full 3):
 PSYoungGen      total 16384K, used 16360K [0x00000000d5580000, 0x00000000d6980000, 0x0000000100000000)
  eden space 15360K, 99% used [0x00000000d5580000,0x00000000d647fe58,0x00000000d6480000)
  from space 1024K, 97% used [0x00000000d6680000,0x00000000d677a380,0x00000000d6780000)
  to   space 2048K, 0% used [0x00000000d6480000,0x00000000d6480000,0x00000000d6680000)
 ParOldGen       total 91136K, used 90961K [0x0000000080000000, 0x0000000085900000, 0x00000000d5580000)
  object space 91136K, 99% used [0x0000000080000000,0x00000000858d46d0,0x0000000085900000)
 Metaspace       used 63084K, committed 64640K, reserved 1114112K
  class space    used 6781K, committed 7424K, reserved 1048576K
}
Event: 21.916 GC heap after
{Heap after GC invocations=134 (full 3):
 PSYoungGen      total 16384K, used 579K [0x00000000d5580000, 0x00000000d6700000, 0x0000000100000000)
  eden space 15360K, 0% used [0x00000000d5580000,0x00000000d5580000,0x00000000d6480000)
  from space 1024K, 56% used [0x00000000d6480000,0x00000000d6510c50,0x00000000d6580000)
  to   space 1024K, 0% used [0x00000000d6600000,0x00000000d6600000,0x00000000d6700000)
 ParOldGen       total 92160K, used 91958K [0x0000000080000000, 0x0000000085a00000, 0x00000000d5580000)
  object space 92160K, 99% used [0x0000000080000000,0x00000000859cd950,0x0000000085a00000)
 Metaspace       used 63084K, committed 64640K, reserved 1114112K
  class space    used 6781K, committed 7424K, reserved 1048576K
}
Event: 21.973 GC heap before
{Heap before GC invocations=135 (full 3):
 PSYoungGen      total 16384K, used 15939K [0x00000000d5580000, 0x00000000d6700000, 0x0000000100000000)
  eden space 15360K, 100% used [0x00000000d5580000,0x00000000d6480000,0x00000000d6480000)
  from space 1024K, 56% used [0x00000000d6480000,0x00000000d6510c50,0x00000000d6580000)
  to   space 1024K, 0% used [0x00000000d6600000,0x00000000d6600000,0x00000000d6700000)
 ParOldGen       total 92160K, used 91958K [0x0000000080000000, 0x0000000085a00000, 0x00000000d5580000)
  object space 92160K, 99% used [0x0000000080000000,0x00000000859cd950,0x0000000085a00000)
 Metaspace       used 63460K, committed 64960K, reserved 1114112K
  class space    used 6814K, committed 7424K, reserved 1048576K
}
Event: 21.976 GC heap after
{Heap after GC invocations=135 (full 3):
 PSYoungGen      total 16384K, used 752K [0x00000000d5580000, 0x00000000d6700000, 0x0000000100000000)
  eden space 15360K, 0% used [0x00000000d5580000,0x00000000d5580000,0x00000000d6480000)
  from space 1024K, 73% used [0x00000000d6600000,0x00000000d66bc010,0x00000000d6700000)
  to   space 1024K, 0% used [0x00000000d6480000,0x00000000d6480000,0x00000000d6580000)
 ParOldGen       total 92672K, used 92343K [0x0000000080000000, 0x0000000085a80000, 0x00000000d5580000)
  object space 92672K, 99% used [0x0000000080000000,0x0000000085a2ddc0,0x0000000085a80000)
 Metaspace       used 63460K, committed 64960K, reserved 1114112K
  class space    used 6814K, committed 7424K, reserved 1048576K
}
Event: 22.064 GC heap before
{Heap before GC invocations=136 (full 3):
 PSYoungGen      total 16384K, used 16099K [0x00000000d5580000, 0x00000000d6700000, 0x0000000100000000)
  eden space 15360K, 99% used [0x00000000d5580000,0x00000000d647ce20,0x00000000d6480000)
  from space 1024K, 73% used [0x00000000d6600000,0x00000000d66bc010,0x00000000d6700000)
  to   space 1024K, 0% used [0x00000000d6480000,0x00000000d6480000,0x00000000d6580000)
 ParOldGen       total 92672K, used 92343K [0x0000000080000000, 0x0000000085a80000, 0x00000000d5580000)
  object space 92672K, 99% used [0x0000000080000000,0x0000000085a2ddc0,0x0000000085a80000)
 Metaspace       used 63606K, committed 65152K, reserved 1114112K
  class space    used 6829K, committed 7488K, reserved 1048576K
}
Event: 22.067 GC heap after
{Heap after GC invocations=136 (full 3):
 PSYoungGen      total 16384K, used 997K [0x00000000d5580000, 0x00000000d6a80000, 0x0000000100000000)
  eden space 15360K, 0% used [0x00000000d5580000,0x00000000d5580000,0x00000000d6480000)
  from space 1024K, 97% used [0x00000000d6480000,0x00000000d6579700,0x00000000d6580000)
  to   space 3072K, 0% used [0x00000000d6780000,0x00000000d6780000,0x00000000d6a80000)
 ParOldGen       total 93696K, used 93661K [0x0000000080000000, 0x0000000085b80000, 0x00000000d5580000)
  object space 93696K, 99% used [0x0000000080000000,0x0000000085b77408,0x0000000085b80000)
 Metaspace       used 63606K, committed 65152K, reserved 1114112K
  class space    used 6829K, committed 7488K, reserved 1048576K
}
Event: 22.148 GC heap before
{Heap before GC invocations=137 (full 3):
 PSYoungGen      total 16384K, used 16357K [0x00000000d5580000, 0x00000000d6a80000, 0x0000000100000000)
  eden space 15360K, 100% used [0x00000000d5580000,0x00000000d6480000,0x00000000d6480000)
  from space 1024K, 97% used [0x00000000d6480000,0x00000000d6579700,0x00000000d6580000)
  to   space 3072K, 0% used [0x00000000d6780000,0x00000000d6780000,0x00000000d6a80000)
 ParOldGen       total 93696K, used 93661K [0x0000000080000000, 0x0000000085b80000, 0x00000000d5580000)
  object space 93696K, 99% used [0x0000000080000000,0x0000000085b77408,0x0000000085b80000)
 Metaspace       used 63687K, committed 65280K, reserved 1114112K
  class space    used 6833K, committed 7488K, reserved 1048576K
}
Event: 22.152 GC heap after
{Heap after GC invocations=137 (full 3):
 PSYoungGen      total 17408K, used 1929K [0x00000000d5580000, 0x00000000d6980000, 0x0000000100000000)
  eden space 15360K, 0% used [0x00000000d5580000,0x00000000d5580000,0x00000000d6480000)
  from space 2048K, 94% used [0x00000000d6780000,0x00000000d69626c8,0x00000000d6980000)
  to   space 2560K, 0% used [0x00000000d6480000,0x00000000d6480000,0x00000000d6700000)
 ParOldGen       total 94720K, used 94485K [0x0000000080000000, 0x0000000085c80000, 0x00000000d5580000)
  object space 94720K, 99% used [0x0000000080000000,0x0000000085c45660,0x0000000085c80000)
 Metaspace       used 63687K, committed 65280K, reserved 1114112K
  class space    used 6833K, committed 7488K, reserved 1048576K
}
Event: 22.203 GC heap before
{Heap before GC invocations=138 (full 3):
 PSYoungGen      total 17408K, used 17285K [0x00000000d5580000, 0x00000000d6980000, 0x0000000100000000)
  eden space 15360K, 99% used [0x00000000d5580000,0x00000000d647ef40,0x00000000d6480000)
  from space 2048K, 94% used [0x00000000d6780000,0x00000000d69626c8,0x00000000d6980000)
  to   space 2560K, 0% used [0x00000000d6480000,0x00000000d6480000,0x00000000d6700000)
 ParOldGen       total 94720K, used 94485K [0x0000000080000000, 0x0000000085c80000, 0x00000000d5580000)
  object space 94720K, 99% used [0x0000000080000000,0x0000000085c45660,0x0000000085c80000)
 Metaspace       used 63784K, committed 65344K, reserved 1114112K
  class space    used 6842K, committed 7488K, reserved 1048576K
}
Event: 22.207 GC heap after
{Heap after GC invocations=138 (full 3):
 PSYoungGen      total 16896K, used 1459K [0x00000000d5580000, 0x00000000d6880000, 0x0000000100000000)
  eden space 15360K, 0% used [0x00000000d5580000,0x00000000d5580000,0x00000000d6480000)
  from space 1536K, 95% used [0x00000000d6480000,0x00000000d65ecdd8,0x00000000d6600000)
  to   space 2048K, 0% used [0x00000000d6680000,0x00000000d6680000,0x00000000d6880000)
 ParOldGen       total 95744K, used 95349K [0x0000000080000000, 0x0000000085d80000, 0x00000000d5580000)
  object space 95744K, 99% used [0x0000000080000000,0x0000000085d1d660,0x0000000085d80000)
 Metaspace       used 63784K, committed 65344K, reserved 1114112K
  class space    used 6842K, committed 7488K, reserved 1048576K
}
Event: 22.382 GC heap before
{Heap before GC invocations=139 (full 3):
 PSYoungGen      total 16896K, used 16819K [0x00000000d5580000, 0x00000000d6880000, 0x0000000100000000)
  eden space 15360K, 100% used [0x00000000d5580000,0x00000000d6480000,0x00000000d6480000)
  from space 1536K, 95% used [0x00000000d6480000,0x00000000d65ecdd8,0x00000000d6600000)
  to   space 2048K, 0% used [0x00000000d6680000,0x00000000d6680000,0x00000000d6880000)
 ParOldGen       total 95744K, used 95349K [0x0000000080000000, 0x0000000085d80000, 0x00000000d5580000)
  object space 95744K, 99% used [0x0000000080000000,0x0000000085d1d660,0x0000000085d80000)
 Metaspace       used 65489K, committed 67008K, reserved 1114112K
  class space    used 6997K, committed 7616K, reserved 1048576K
}
Event: 22.385 GC heap after
{Heap after GC invocations=139 (full 3):
 PSYoungGen      total 17408K, used 1903K [0x00000000d5580000, 0x00000000d6880000, 0x0000000100000000)
  eden space 15360K, 0% used [0x00000000d5580000,0x00000000d5580000,0x00000000d6480000)
  from space 2048K, 92% used [0x00000000d6680000,0x00000000d685be00,0x00000000d6880000)
  to   space 2048K, 0% used [0x00000000d6480000,0x00000000d6480000,0x00000000d6680000)
 ParOldGen       total 95744K, used 95683K [0x0000000080000000, 0x0000000085d80000, 0x00000000d5580000)
  object space 95744K, 99% used [0x0000000080000000,0x0000000085d70de0,0x0000000085d80000)
 Metaspace       used 65489K, committed 67008K, reserved 1114112K
  class space    used 6997K, committed 7616K, reserved 1048576K
}
Event: 22.655 GC heap before
{Heap before GC invocations=140 (full 3):
 PSYoungGen      total 17408K, used 17259K [0x00000000d5580000, 0x00000000d6880000, 0x0000000100000000)
  eden space 15360K, 99% used [0x00000000d5580000,0x00000000d647ee10,0x00000000d6480000)
  from space 2048K, 92% used [0x00000000d6680000,0x00000000d685be00,0x00000000d6880000)
  to   space 2048K, 0% used [0x00000000d6480000,0x00000000d6480000,0x00000000d6680000)
 ParOldGen       total 95744K, used 95683K [0x0000000080000000, 0x0000000085d80000, 0x00000000d5580000)
  object space 95744K, 99% used [0x0000000080000000,0x0000000085d70de0,0x0000000085d80000)
 Metaspace       used 66306K, committed 67840K, reserved 1114112K
  class space    used 7071K, committed 7680K, reserved 1048576K
}
Event: 22.658 GC heap after
{Heap after GC invocations=140 (full 3):
 PSYoungGen      total 16384K, used 592K [0x00000000d5580000, 0x00000000d6780000, 0x0000000100000000)
  eden space 15360K, 0% used [0x00000000d5580000,0x00000000d5580000,0x00000000d6480000)
  from space 1024K, 57% used [0x00000000d6480000,0x00000000d6514050,0x00000000d6580000)
  to   space 1536K, 0% used [0x00000000d6600000,0x00000000d6600000,0x00000000d6780000)
 ParOldGen       total 96256K, used 96164K [0x0000000080000000, 0x0000000085e00000, 0x00000000d5580000)
  object space 96256K, 99% used [0x0000000080000000,0x0000000085de9278,0x0000000085e00000)
 Metaspace       used 66306K, committed 67840K, reserved 1114112K
  class space    used 7071K, committed 7680K, reserved 1048576K
}
Event: 22.822 GC heap before
{Heap before GC invocations=141 (full 3):
 PSYoungGen      total 16384K, used 15952K [0x00000000d5580000, 0x00000000d6780000, 0x0000000100000000)
  eden space 15360K, 100% used [0x00000000d5580000,0x00000000d6480000,0x00000000d6480000)
  from space 1024K, 57% used [0x00000000d6480000,0x00000000d6514050,0x00000000d6580000)
  to   space 1536K, 0% used [0x00000000d6600000,0x00000000d6600000,0x00000000d6780000)
 ParOldGen       total 96256K, used 96164K [0x0000000080000000, 0x0000000085e00000, 0x00000000d5580000)
  object space 96256K, 99% used [0x0000000080000000,0x0000000085de9278,0x0000000085e00000)
 Metaspace       used 66543K, committed 68032K, reserved 1114112K
  class space    used 7100K, committed 7680K, reserved 1048576K
}
Event: 22.825 GC heap after
{Heap after GC invocations=141 (full 3):
 PSYoungGen      total 13312K, used 1522K [0x00000000d5580000, 0x00000000d6e80000, 0x0000000100000000)
  eden space 11776K, 0% used [0x00000000d5580000,0x00000000d5580000,0x00000000d6100000)
  from space 1536K, 99% used [0x00000000d6600000,0x00000000d677caf8,0x00000000d6780000)
  to   space 5120K, 0% used [0x00000000d6100000,0x00000000d6100000,0x00000000d6600000)
 ParOldGen       total 99328K, used 98852K [0x0000000080000000, 0x0000000086100000, 0x00000000d5580000)
  object space 99328K, 99% used [0x0000000080000000,0x0000000086089188,0x0000000086100000)
 Metaspace       used 66543K, committed 68032K, reserved 1114112K
  class space    used 7100K, committed 7680K, reserved 1048576K
}
Event: 23.078 GC heap before
{Heap before GC invocations=142 (full 3):
 PSYoungGen      total 13312K, used 13298K [0x00000000d5580000, 0x00000000d6e80000, 0x0000000100000000)
  eden space 11776K, 100% used [0x00000000d5580000,0x00000000d6100000,0x00000000d6100000)
  from space 1536K, 99% used [0x00000000d6600000,0x00000000d677caf8,0x00000000d6780000)
  to   space 5120K, 0% used [0x00000000d6100000,0x00000000d6100000,0x00000000d6600000)
 ParOldGen       total 99328K, used 98852K [0x0000000080000000, 0x0000000086100000, 0x00000000d5580000)
  object space 99328K, 99% used [0x0000000080000000,0x0000000086089188,0x0000000086100000)
 Metaspace       used 66727K, committed 68288K, reserved 1114112K
  class space    used 7110K, committed 7744K, reserved 1048576K
}
Event: 23.081 GC heap after
{Heap after GC invocations=142 (full 3):
 PSYoungGen      total 14336K, used 2478K [0x00000000d5580000, 0x00000000d6800000, 0x0000000100000000)
  eden space 11776K, 0% used [0x00000000d5580000,0x00000000d5580000,0x00000000d6100000)
  from space 2560K, 96% used [0x00000000d6100000,0x00000000d636b810,0x00000000d6380000)
  to   space 3584K, 0% used [0x00000000d6480000,0x00000000d6480000,0x00000000d6800000)
 ParOldGen       total 100864K, used 100360K [0x0000000080000000, 0x0000000086280000, 0x00000000d5580000)
  object space 100864K, 99% used [0x0000000080000000,0x00000000862020d0,0x0000000086280000)
 Metaspace       used 66727K, committed 68288K, reserved 1114112K
  class space    used 7110K, committed 7744K, reserved 1048576K
}
Event: 23.299 GC heap before
{Heap before GC invocations=143 (full 3):
 PSYoungGen      total 14336K, used 14254K [0x00000000d5580000, 0x00000000d6800000, 0x0000000100000000)
  eden space 11776K, 100% used [0x00000000d5580000,0x00000000d6100000,0x00000000d6100000)
  from space 2560K, 96% used [0x00000000d6100000,0x00000000d636b810,0x00000000d6380000)
  to   space 3584K, 0% used [0x00000000d6480000,0x00000000d6480000,0x00000000d6800000)
 ParOldGen       total 100864K, used 100360K [0x0000000080000000, 0x0000000086280000, 0x00000000d5580000)
  object space 100864K, 99% used [0x0000000080000000,0x00000000862020d0,0x0000000086280000)
 Metaspace       used 67036K, committed 68544K, reserved 1114112K
  class space    used 7125K, committed 7744K, reserved 1048576K
}
Event: 23.302 GC heap after
{Heap after GC invocations=143 (full 3):
 PSYoungGen      total 13312K, used 1489K [0x00000000d5580000, 0x00000000d6600000, 0x0000000100000000)
  eden space 11776K, 0% used [0x00000000d5580000,0x00000000d5580000,0x00000000d6100000)
  from space 1536K, 96% used [0x00000000d6480000,0x00000000d65f45f8,0x00000000d6600000)
  to   space 2048K, 0% used [0x00000000d6200000,0x00000000d6200000,0x00000000d6400000)
 ParOldGen       total 102912K, used 102658K [0x0000000080000000, 0x0000000086480000, 0x00000000d5580000)
  object space 102912K, 99% used [0x0000000080000000,0x00000000864408a8,0x0000000086480000)
 Metaspace       used 67036K, committed 68544K, reserved 1114112K
  class space    used 7125K, committed 7744K, reserved 1048576K
}

