# JRE version: OpenJDK Runtime Environment Temurin-21.0.11+10 (21.0.11+10) (build 21.0.11+10-LTS)
# Java VM: OpenJDK 64-Bit Server VM Temurin-21.0.11+10 (21.0.11+10-LTS, mixed mode, sharing, tiered, compressed oops, compressed class ptrs, parallel gc, windows-amd64)
GC Precious Log:
 CardTable entry size: 512
 CPUs: 12 total, 12 available
 Memory: 15681M
 Large Page Support: Disabled
 NUMA Support: Disabled
 Compressed Oops: Enabled (32-bit)
 Alignments: Space 512K, Generation 512K, Heap 2M
 Heap Min Capacity: 100M
 Heap Initial Capacity: 100M
 Heap Max Capacity: 2G
 Pre-touch: Disabled
 Parallel Workers: 10
Heap:
 PSYoungGen      total 19968K, used 3771K [0x00000000d5580000, 0x00000000d6d80000, 0x0000000100000000)
  eden space 18432K, 12% used [0x00000000d5580000,0x00000000d57b0580,0x00000000d6780000)
  from space 1536K, 99% used [0x00000000d6780000,0x00000000d68fe890,0x00000000d6900000)
  to   space 3072K, 0% used [0x00000000d6a80000,0x00000000d6a80000,0x00000000d6d80000)
 ParOldGen       total 79872K, used 64132K [0x0000000080000000, 0x0000000084e00000, 0x00000000d5580000)
  object space 79872K, 80% used [0x0000000080000000,0x0000000083ea11e0,0x0000000084e00000)
 Metaspace       used 60402K, committed 61888K, reserved 1114112K
  class space    used 6451K, committed 7104K, reserved 1048576K
GC Heap History (20 events):
Event: 31.735 GC heap before
{Heap before GC invocations=57 (full 2):
 PSYoungGen      total 19968K, used 19961K [0x00000000d5580000, 0x00000000d7000000, 0x0000000100000000)
  eden space 18944K, 100% used [0x00000000d5580000,0x00000000d6800000,0x00000000d6800000)
  from space 1024K, 99% used [0x00000000d6b00000,0x00000000d6bfe5a8,0x00000000d6c00000)
  to   space 3072K, 0% used [0x00000000d6800000,0x00000000d6800000,0x00000000d6b00000)
 ParOldGen       total 74240K, used 73872K [0x0000000080000000, 0x0000000084880000, 0x00000000d5580000)
  object space 74240K, 99% used [0x0000000080000000,0x0000000084824048,0x0000000084880000)
 Metaspace       used 57789K, committed 59264K, reserved 1114112K
  class space    used 6219K, committed 6848K, reserved 1048576K
}
Event: 31.737 GC heap after
{Heap after GC invocations=57 (full 2):
 PSYoungGen      total 19968K, used 928K [0x00000000d5580000, 0x00000000d6b80000, 0x0000000100000000)
  eden space 18944K, 0% used [0x00000000d5580000,0x00000000d5580000,0x00000000d6800000)
  from space 1024K, 90% used [0x00000000d6800000,0x00000000d68e8000,0x00000000d6900000)
  to   space 1536K, 0% used [0x00000000d6a00000,0x00000000d6a00000,0x00000000d6b80000)
 ParOldGen       total 75264K, used 74845K [0x0000000080000000, 0x0000000084980000, 0x00000000d5580000)
  object space 75264K, 99% used [0x0000000080000000,0x0000000084917450,0x0000000084980000)
 Metaspace       used 57789K, committed 59264K, reserved 1114112K
  class space    used 6219K, committed 6848K, reserved 1048576K
}
Event: 31.761 GC heap before
{Heap before GC invocations=58 (full 2):
 PSYoungGen      total 19968K, used 19872K [0x00000000d5580000, 0x00000000d6b80000, 0x0000000100000000)
  eden space 18944K, 100% used [0x00000000d5580000,0x00000000d6800000,0x00000000d6800000)
  from space 1024K, 90% used [0x00000000d6800000,0x00000000d68e8000,0x00000000d6900000)
  to   space 1536K, 0% used [0x00000000d6a00000,0x00000000d6a00000,0x00000000d6b80000)
 ParOldGen       total 76288K, used 75629K [0x0000000080000000, 0x0000000084a80000, 0x00000000d5580000)
  object space 76288K, 99% used [0x0000000080000000,0x00000000849db450,0x0000000084a80000)
 Metaspace       used 57789K, committed 59264K, reserved 1114112K
  class space    used 6219K, committed 6848K, reserved 1048576K
}
Event: 31.763 GC heap after
{Heap after GC invocations=58 (full 2):
 PSYoungGen      total 19968K, used 992K [0x00000000d5580000, 0x00000000d6b00000, 0x0000000100000000)
  eden space 18944K, 0% used [0x00000000d5580000,0x00000000d5580000,0x00000000d6800000)
  from space 1024K, 96% used [0x00000000d6a00000,0x00000000d6af8020,0x00000000d6b00000)
  to   space 1536K, 0% used [0x00000000d6800000,0x00000000d6800000,0x00000000d6980000)
 ParOldGen       total 76800K, used 76441K [0x0000000080000000, 0x0000000084b00000, 0x00000000d5580000)
  object space 76800K, 99% used [0x0000000080000000,0x0000000084aa67b8,0x0000000084b00000)
 Metaspace       used 57789K, committed 59264K, reserved 1114112K
  class space    used 6219K, committed 6848K, reserved 1048576K
}
Event: 31.796 GC heap before
{Heap before GC invocations=59 (full 2):
 PSYoungGen      total 19968K, used 19936K [0x00000000d5580000, 0x00000000d6b00000, 0x0000000100000000)
  eden space 18944K, 100% used [0x00000000d5580000,0x00000000d6800000,0x00000000d6800000)
  from space 1024K, 96% used [0x00000000d6a00000,0x00000000d6af8020,0x00000000d6b00000)
  to   space 1536K, 0% used [0x00000000d6800000,0x00000000d6800000,0x00000000d6980000)
 ParOldGen       total 76800K, used 76443K [0x0000000080000000, 0x0000000084b00000, 0x00000000d5580000)
  object space 76800K, 99% used [0x0000000080000000,0x0000000084aa6e68,0x0000000084b00000)
 Metaspace       used 57796K, committed 59264K, reserved 1114112K
  class space    used 6219K, committed 6848K, reserved 1048576K
}
Event: 31.798 GC heap after
{Heap after GC invocations=59 (full 2):
 PSYoungGen      total 20480K, used 1045K [0x00000000d5580000, 0x00000000d6b00000, 0x0000000100000000)
  eden space 18944K, 0% used [0x00000000d5580000,0x00000000d5580000,0x00000000d6800000)
  from space 1536K, 68% used [0x00000000d6800000,0x00000000d6905538,0x00000000d6980000)
  to   space 1536K, 0% used [0x00000000d6980000,0x00000000d6980000,0x00000000d6b00000)
 ParOldGen       total 77824K, used 77323K [0x0000000080000000, 0x0000000084c00000, 0x00000000d5580000)
  object space 77824K, 99% used [0x0000000080000000,0x0000000084b82e88,0x0000000084c00000)
 Metaspace       used 57796K, committed 59264K, reserved 1114112K
  class space    used 6219K, committed 6848K, reserved 1048576K
}
Event: 31.829 GC heap before
{Heap before GC invocations=60 (full 2):
 PSYoungGen      total 20480K, used 19989K [0x00000000d5580000, 0x00000000d6b00000, 0x0000000100000000)
  eden space 18944K, 100% used [0x00000000d5580000,0x00000000d6800000,0x00000000d6800000)
  from space 1536K, 68% used [0x00000000d6800000,0x00000000d6905538,0x00000000d6980000)
  to   space 1536K, 0% used [0x00000000d6980000,0x00000000d6980000,0x00000000d6b00000)
 ParOldGen       total 77824K, used 77323K [0x0000000080000000, 0x0000000084c00000, 0x00000000d5580000)
  object space 77824K, 99% used [0x0000000080000000,0x0000000084b82e88,0x0000000084c00000)
 Metaspace       used 57799K, committed 59328K, reserved 1114112K
  class space    used 6219K, committed 6848K, reserved 1048576K
}
Event: 31.831 GC heap after
{Heap after GC invocations=60 (full 2):
 PSYoungGen      total 19968K, used 738K [0x00000000d5580000, 0x00000000d6a80000, 0x0000000100000000)
  eden space 18944K, 0% used [0x00000000d5580000,0x00000000d5580000,0x00000000d6800000)
  from space 1024K, 72% used [0x00000000d6980000,0x00000000d6a388a8,0x00000000d6a80000)
  to   space 1024K, 0% used [0x00000000d6880000,0x00000000d6880000,0x00000000d6980000)
 ParOldGen       total 78336K, used 78176K [0x0000000080000000, 0x0000000084c80000, 0x00000000d5580000)
  object space 78336K, 99% used [0x0000000080000000,0x0000000084c58150,0x0000000084c80000)
 Metaspace       used 57799K, committed 59328K, reserved 1114112K
  class space    used 6219K, committed 6848K, reserved 1048576K
}
Event: 31.864 GC heap before
{Heap before GC invocations=61 (full 2):
 PSYoungGen      total 19968K, used 19682K [0x00000000d5580000, 0x00000000d6a80000, 0x0000000100000000)
  eden space 18944K, 100% used [0x00000000d5580000,0x00000000d6800000,0x00000000d6800000)
  from space 1024K, 72% used [0x00000000d6980000,0x00000000d6a388a8,0x00000000d6a80000)
  to   space 1024K, 0% used [0x00000000d6880000,0x00000000d6880000,0x00000000d6980000)
 ParOldGen       total 78336K, used 78176K [0x0000000080000000, 0x0000000084c80000, 0x00000000d5580000)
  object space 78336K, 99% used [0x0000000080000000,0x0000000084c58150,0x0000000084c80000)
 Metaspace       used 57805K, committed 59328K, reserved 1114112K
  class space    used 6219K, committed 6848K, reserved 1048576K
}
Event: 31.867 GC heap after
{Heap after GC invocations=61 (full 2):
 PSYoungGen      total 19968K, used 550K [0x00000000d5580000, 0x00000000d6a00000, 0x0000000100000000)
  eden space 18944K, 0% used [0x00000000d5580000,0x00000000d5580000,0x00000000d6800000)
  from space 1024K, 53% used [0x00000000d6880000,0x00000000d6909b18,0x00000000d6980000)
  to   space 512K, 0% used [0x00000000d6980000,0x00000000d6980000,0x00000000d6a00000)
 ParOldGen       total 78848K, used 78748K [0x0000000080000000, 0x0000000084d00000, 0x00000000d5580000)
  object space 78848K, 99% used [0x0000000080000000,0x0000000084ce7140,0x0000000084d00000)
 Metaspace       used 57805K, committed 59328K, reserved 1114112K
  class space    used 6219K, committed 6848K, reserved 1048576K
}
Event: 31.909 GC heap before
{Heap before GC invocations=62 (full 2):
 PSYoungGen      total 19968K, used 19494K [0x00000000d5580000, 0x00000000d6a00000, 0x0000000100000000)
  eden space 18944K, 100% used [0x00000000d5580000,0x00000000d6800000,0x00000000d6800000)
  from space 1024K, 53% used [0x00000000d6880000,0x00000000d6909b18,0x00000000d6980000)
  to   space 512K, 0% used [0x00000000d6980000,0x00000000d6980000,0x00000000d6a00000)
 ParOldGen       total 78848K, used 78748K [0x0000000080000000, 0x0000000084d00000, 0x00000000d5580000)
  object space 78848K, 99% used [0x0000000080000000,0x0000000084ce7140,0x0000000084d00000)
 Metaspace       used 57820K, committed 59328K, reserved 1114112K
  class space    used 6220K, committed 6848K, reserved 1048576K
}
Event: 31.911 GC heap after
{Heap after GC invocations=62 (full 2):
 PSYoungGen      total 19456K, used 480K [0x00000000d5580000, 0x00000000d6a00000, 0x0000000100000000)
  eden space 18944K, 0% used [0x00000000d5580000,0x00000000d5580000,0x00000000d6800000)
  from space 512K, 93% used [0x00000000d6980000,0x00000000d69f8390,0x00000000d6a00000)
  to   space 1024K, 0% used [0x00000000d6800000,0x00000000d6800000,0x00000000d6900000)
 ParOldGen       total 79360K, used 79211K [0x0000000080000000, 0x0000000084d80000, 0x00000000d5580000)
  object space 79360K, 99% used [0x0000000080000000,0x0000000084d5af50,0x0000000084d80000)
 Metaspace       used 57820K, committed 59328K, reserved 1114112K
  class space    used 6220K, committed 6848K, reserved 1048576K
}
Event: 32.008 GC heap before
{Heap before GC invocations=63 (full 2):
 PSYoungGen      total 19456K, used 16062K [0x00000000d5580000, 0x00000000d6a00000, 0x0000000100000000)
  eden space 18944K, 82% used [0x00000000d5580000,0x00000000d64b77a8,0x00000000d6800000)
  from space 512K, 93% used [0x00000000d6980000,0x00000000d69f8390,0x00000000d6a00000)
  to   space 1024K, 0% used [0x00000000d6800000,0x00000000d6800000,0x00000000d6900000)
 ParOldGen       total 79360K, used 79211K [0x0000000080000000, 0x0000000084d80000, 0x00000000d5580000)
  object space 79360K, 99% used [0x0000000080000000,0x0000000084d5af50,0x0000000084d80000)
 Metaspace       used 58316K, committed 59776K, reserved 1114112K
  class space    used 6273K, committed 6912K, reserved 1048576K
}
Event: 32.010 GC heap after
{Heap after GC invocations=63 (full 2):
 PSYoungGen      total 19968K, used 474K [0x00000000d5580000, 0x00000000d6a00000, 0x0000000100000000)
  eden space 18944K, 0% used [0x00000000d5580000,0x00000000d5580000,0x00000000d6800000)
  from space 1024K, 46% used [0x00000000d6800000,0x00000000d6876900,0x00000000d6900000)
  to   space 1024K, 0% used [0x00000000d6900000,0x00000000d6900000,0x00000000d6a00000)
 ParOldGen       total 79872K, used 79580K [0x0000000080000000, 0x0000000084e00000, 0x00000000d5580000)
  object space 79872K, 99% used [0x0000000080000000,0x0000000084db73d0,0x0000000084e00000)
 Metaspace       used 58316K, committed 59776K, reserved 1114112K
  class space    used 6273K, committed 6912K, reserved 1048576K
}
Event: 32.010 GC heap before
{Heap before GC invocations=64 (full 3):
 PSYoungGen      total 19968K, used 474K [0x00000000d5580000, 0x00000000d6a00000, 0x0000000100000000)
  eden space 18944K, 0% used [0x00000000d5580000,0x00000000d5580000,0x00000000d6800000)
  from space 1024K, 46% used [0x00000000d6800000,0x00000000d6876900,0x00000000d6900000)
  to   space 1024K, 0% used [0x00000000d6900000,0x00000000d6900000,0x00000000d6a00000)
 ParOldGen       total 79872K, used 79580K [0x0000000080000000, 0x0000000084e00000, 0x00000000d5580000)
  object space 79872K, 99% used [0x0000000080000000,0x0000000084db73d0,0x0000000084e00000)
 Metaspace       used 58316K, committed 59776K, reserved 1114112K
  class space    used 6273K, committed 6912K, reserved 1048576K
}
Event: 32.139 GC heap after
{Heap after GC invocations=64 (full 3):
 PSYoungGen      total 19968K, used 0K [0x00000000d5580000, 0x00000000d6a00000, 0x0000000100000000)
  eden space 18944K, 0% used [0x00000000d5580000,0x00000000d5580000,0x00000000d6800000)
  from space 1024K, 0% used [0x00000000d6800000,0x00000000d6800000,0x00000000d6900000)
  to   space 1024K, 0% used [0x00000000d6900000,0x00000000d6900000,0x00000000d6a00000)
 ParOldGen       total 79872K, used 62870K [0x0000000080000000, 0x0000000084e00000, 0x00000000d5580000)
  object space 79872K, 78% used [0x0000000080000000,0x0000000083d65b50,0x0000000084e00000)
 Metaspace       used 58309K, committed 59776K, reserved 1114112K
  class space    used 6271K, committed 6912K, reserved 1048576K
}
Event: 32.663 GC heap before
{Heap before GC invocations=65 (full 3):
 PSYoungGen      total 19968K, used 18944K [0x00000000d5580000, 0x00000000d6a00000, 0x0000000100000000)
  eden space 18944K, 100% used [0x00000000d5580000,0x00000000d6800000,0x00000000d6800000)
  from space 1024K, 0% used [0x00000000d6800000,0x00000000d6800000,0x00000000d6900000)
  to   space 1024K, 0% used [0x00000000d6900000,0x00000000d6900000,0x00000000d6a00000)
 ParOldGen       total 79872K, used 62870K [0x0000000080000000, 0x0000000084e00000, 0x00000000d5580000)
  object space 79872K, 78% used [0x0000000080000000,0x0000000083d65b50,0x0000000084e00000)
 Metaspace       used 59496K, committed 60992K, reserved 1114112K
  class space    used 6385K, committed 7040K, reserved 1048576K
}
Event: 32.667 GC heap after
{Heap after GC invocations=65 (full 3):
 PSYoungGen      total 19456K, used 1022K [0x00000000d5580000, 0x00000000d6b00000, 0x0000000100000000)
  eden space 18432K, 0% used [0x00000000d5580000,0x00000000d5580000,0x00000000d6780000)
  from space 1024K, 99% used [0x00000000d6900000,0x00000000d69ffbb0,0x00000000d6a00000)
  to   space 1536K, 0% used [0x00000000d6780000,0x00000000d6780000,0x00000000d6900000)
 ParOldGen       total 79872K, used 63134K [0x0000000080000000, 0x0000000084e00000, 0x00000000d5580000)
  object space 79872K, 79% used [0x0000000080000000,0x0000000083da7b50,0x0000000084e00000)
 Metaspace       used 59496K, committed 60992K, reserved 1114112K
  class space    used 6385K, committed 7040K, reserved 1048576K
}
Event: 35.335 GC heap before
{Heap before GC invocations=66 (full 3):
 PSYoungGen      total 19456K, used 19454K [0x00000000d5580000, 0x00000000d6b00000, 0x0000000100000000)
  eden space 18432K, 100% used [0x00000000d5580000,0x00000000d6780000,0x00000000d6780000)
  from space 1024K, 99% used [0x00000000d6900000,0x00000000d69ffbb0,0x00000000d6a00000)
  to   space 1536K, 0% used [0x00000000d6780000,0x00000000d6780000,0x00000000d6900000)
 ParOldGen       total 79872K, used 63134K [0x0000000080000000, 0x0000000084e00000, 0x00000000d5580000)
  object space 79872K, 79% used [0x0000000080000000,0x0000000083da7b50,0x0000000084e00000)
 Metaspace       used 60347K, committed 61888K, reserved 1114112K
  class space    used 6448K, committed 7104K, reserved 1048576K
}
Event: 35.337 GC heap after
{Heap after GC invocations=66 (full 3):
 PSYoungGen      total 19968K, used 1530K [0x00000000d5580000, 0x00000000d6d80000, 0x0000000100000000)
  eden space 18432K, 0% used [0x00000000d5580000,0x00000000d5580000,0x00000000d6780000)
  from space 1536K, 99% used [0x00000000d6780000,0x00000000d68fe890,0x00000000d6900000)
  to   space 3072K, 0% used [0x00000000d6a80000,0x00000000d6a80000,0x00000000d6d80000)
 ParOldGen       total 79872K, used 64132K [0x0000000080000000, 0x0000000084e00000, 0x00000000d5580000)
  object space 79872K, 80% used [0x0000000080000000,0x0000000083ea11e0,0x0000000084e00000)
 Metaspace       used 60347K, committed 61888K, reserved 1114112K
  class space    used 6448K, committed 7104K, reserved 1048576K
}

