# JRE version: OpenJDK Runtime Environment Temurin-21.0.11+10 (21.0.11+10) (build 21.0.11+10-LTS)
# Java VM: OpenJDK 64-Bit Server VM Temurin-21.0.11+10 (21.0.11+10-LTS, mixed mode, sharing, tiered, compressed oops, compressed class ptrs, parallel gc, windows-amd64)
GC Precious Log:
 CardTable entry size: 512
 CPUs: 12 total, 12 available
 Memory: 15681M
 Large Page Support: Disabled
 NUMA Support: Disabled
 Compressed Oops: Enabled (32-bit)
 Alignments: Space 512K, Generation 512K, Heap 2M
 Heap Min Capacity: 100M
 Heap Initial Capacity: 100M
 Heap Max Capacity: 2G
 Pre-touch: Disabled
 Parallel Workers: 10
Heap:
 PSYoungGen      total 20480K, used 15552K [0x00000000d5580000, 0x00000000d6b80000, 0x0000000100000000)
  eden space 19456K, 75% used [0x00000000d5580000,0x00000000d63dfae0,0x00000000d6880000)
  from space 1024K, 81% used [0x00000000d6a80000,0x00000000d6b506c0,0x00000000d6b80000)
  to   space 1024K, 0% used [0x00000000d6880000,0x00000000d6880000,0x00000000d6980000)
 ParOldGen       total 68608K, used 52401K [0x0000000080000000, 0x0000000084300000, 0x00000000d5580000)
  object space 68608K, 76% used [0x0000000080000000,0x000000008332c470,0x0000000084300000)
 Metaspace       used 53468K, committed 54784K, reserved 1114112K
  class space    used 5819K, committed 6400K, reserved 1048576K
GC Heap History (20 events):
Event: 7.594 GC heap before
{Heap before GC invocations=23 (full 2):
 PSYoungGen      total 21504K, used 21216K [0x00000000d5580000, 0x00000000d7180000, 0x0000000100000000)
  eden space 19456K, 100% used [0x00000000d5580000,0x00000000d6880000,0x00000000d6880000)
  from space 2048K, 85% used [0x00000000d6f80000,0x00000000d7138000,0x00000000d7180000)
  to   space 2048K, 0% used [0x00000000d6b00000,0x00000000d6b00000,0x00000000d6d00000)
 ParOldGen       total 68608K, used 39760K [0x0000000080000000, 0x0000000084300000, 0x00000000d5580000)
  object space 68608K, 57% used [0x0000000080000000,0x00000000826d4178,0x0000000084300000)
 Metaspace       used 41407K, committed 42752K, reserved 1114112K
  class space    used 4404K, committed 4992K, reserved 1048576K
}
Event: 7.597 GC heap after
{Heap after GC invocations=23 (full 2):
 PSYoungGen      total 21504K, used 1639K [0x00000000d5580000, 0x00000000d7000000, 0x0000000100000000)
  eden space 19456K, 0% used [0x00000000d5580000,0x00000000d5580000,0x00000000d6880000)
  from space 2048K, 80% used [0x00000000d6b00000,0x00000000d6c99f60,0x00000000d6d00000)
  to   space 2048K, 0% used [0x00000000d6e00000,0x00000000d6e00000,0x00000000d7000000)
 ParOldGen       total 68608K, used 41342K [0x0000000080000000, 0x0000000084300000, 0x00000000d5580000)
  object space 68608K, 60% used [0x0000000080000000,0x000000008285fb28,0x0000000084300000)
 Metaspace       used 41407K, committed 42752K, reserved 1114112K
  class space    used 4404K, committed 4992K, reserved 1048576K
}
Event: 7.645 GC heap before
{Heap before GC invocations=24 (full 2):
 PSYoungGen      total 21504K, used 21095K [0x00000000d5580000, 0x00000000d7000000, 0x0000000100000000)
  eden space 19456K, 100% used [0x00000000d5580000,0x00000000d6880000,0x00000000d6880000)
  from space 2048K, 80% used [0x00000000d6b00000,0x00000000d6c99f60,0x00000000d6d00000)
  to   space 2048K, 0% used [0x00000000d6e00000,0x00000000d6e00000,0x00000000d7000000)
 ParOldGen       total 68608K, used 41342K [0x0000000080000000, 0x0000000084300000, 0x00000000d5580000)
  object space 68608K, 60% used [0x0000000080000000,0x000000008285fb28,0x0000000084300000)
 Metaspace       used 41721K, committed 43072K, reserved 1114112K
  class space    used 4441K, committed 5056K, reserved 1048576K
}
Event: 7.648 GC heap after
{Heap after GC invocations=24 (full 2):
 PSYoungGen      total 20992K, used 1504K [0x00000000d5580000, 0x00000000d6f80000, 0x0000000100000000)
  eden space 19456K, 0% used [0x00000000d5580000,0x00000000d5580000,0x00000000d6880000)
  from space 1536K, 97% used [0x00000000d6e00000,0x00000000d6f78000,0x00000000d6f80000)
  to   space 2048K, 0% used [0x00000000d6b80000,0x00000000d6b80000,0x00000000d6d80000)
 ParOldGen       total 68608K, used 42799K [0x0000000080000000, 0x0000000084300000, 0x00000000d5580000)
  object space 68608K, 62% used [0x0000000080000000,0x00000000829cbc28,0x0000000084300000)
 Metaspace       used 41721K, committed 43072K, reserved 1114112K
  class space    used 4441K, committed 5056K, reserved 1048576K
}
Event: 7.719 GC heap before
{Heap before GC invocations=25 (full 2):
 PSYoungGen      total 20992K, used 20960K [0x00000000d5580000, 0x00000000d6f80000, 0x0000000100000000)
  eden space 19456K, 100% used [0x00000000d5580000,0x00000000d6880000,0x00000000d6880000)
  from space 1536K, 97% used [0x00000000d6e00000,0x00000000d6f78000,0x00000000d6f80000)
  to   space 2048K, 0% used [0x00000000d6b80000,0x00000000d6b80000,0x00000000d6d80000)
 ParOldGen       total 68608K, used 42799K [0x0000000080000000, 0x0000000084300000, 0x00000000d5580000)
  object space 68608K, 62% used [0x0000000080000000,0x00000000829cbc28,0x0000000084300000)
 Metaspace       used 42090K, committed 43456K, reserved 1114112K
  class space    used 4492K, committed 5120K, reserved 1048576K
}
Event: 7.723 GC heap after
{Heap after GC invocations=25 (full 2):
 PSYoungGen      total 21504K, used 1792K [0x00000000d5580000, 0x00000000d6e80000, 0x0000000100000000)
  eden space 19456K, 0% used [0x00000000d5580000,0x00000000d5580000,0x00000000d6880000)
  from space 2048K, 87% used [0x00000000d6b80000,0x00000000d6d40010,0x00000000d6d80000)
  to   space 1024K, 0% used [0x00000000d6d80000,0x00000000d6d80000,0x00000000d6e80000)
 ParOldGen       total 68608K, used 44079K [0x0000000080000000, 0x0000000084300000, 0x00000000d5580000)
  object space 68608K, 64% used [0x0000000080000000,0x0000000082b0bc28,0x0000000084300000)
 Metaspace       used 42090K, committed 43456K, reserved 1114112K
  class space    used 4492K, committed 5120K, reserved 1048576K
}
Event: 7.788 GC heap before
{Heap before GC invocations=26 (full 2):
 PSYoungGen      total 21504K, used 21248K [0x00000000d5580000, 0x00000000d6e80000, 0x0000000100000000)
  eden space 19456K, 100% used [0x00000000d5580000,0x00000000d6880000,0x00000000d6880000)
  from space 2048K, 87% used [0x00000000d6b80000,0x00000000d6d40010,0x00000000d6d80000)
  to   space 1024K, 0% used [0x00000000d6d80000,0x00000000d6d80000,0x00000000d6e80000)
 ParOldGen       total 68608K, used 44079K [0x0000000080000000, 0x0000000084300000, 0x00000000d5580000)
  object space 68608K, 64% used [0x0000000080000000,0x0000000082b0bc28,0x0000000084300000)
 Metaspace       used 42586K, committed 43968K, reserved 1114112K
  class space    used 4546K, committed 5120K, reserved 1048576K
}
Event: 7.791 GC heap after
{Heap after GC invocations=26 (full 2):
 PSYoungGen      total 20480K, used 1016K [0x00000000d5580000, 0x00000000d6f80000, 0x0000000100000000)
  eden space 19456K, 0% used [0x00000000d5580000,0x00000000d5580000,0x00000000d6880000)
  from space 1024K, 99% used [0x00000000d6d80000,0x00000000d6e7e200,0x00000000d6e80000)
  to   space 3584K, 0% used [0x00000000d6880000,0x00000000d6880000,0x00000000d6c00000)
 ParOldGen       total 68608K, used 46107K [0x0000000080000000, 0x0000000084300000, 0x00000000d5580000)
  object space 68608K, 67% used [0x0000000080000000,0x0000000082d06f90,0x0000000084300000)
 Metaspace       used 42586K, committed 43968K, reserved 1114112K
  class space    used 4546K, committed 5120K, reserved 1048576K
}
Event: 7.909 GC heap before
{Heap before GC invocations=27 (full 2):
 PSYoungGen      total 20480K, used 20472K [0x00000000d5580000, 0x00000000d6f80000, 0x0000000100000000)
  eden space 19456K, 100% used [0x00000000d5580000,0x00000000d6880000,0x00000000d6880000)
  from space 1024K, 99% used [0x00000000d6d80000,0x00000000d6e7e200,0x00000000d6e80000)
  to   space 3584K, 0% used [0x00000000d6880000,0x00000000d6880000,0x00000000d6c00000)
 ParOldGen       total 68608K, used 46107K [0x0000000080000000, 0x0000000084300000, 0x00000000d5580000)
  object space 68608K, 67% used [0x0000000080000000,0x0000000082d06f90,0x0000000084300000)
 Metaspace       used 43537K, committed 44864K, reserved 1114112K
  class space    used 4658K, committed 5248K, reserved 1048576K
}
Event: 7.912 GC heap after
{Heap after GC invocations=27 (full 2):
 PSYoungGen      total 21504K, used 1541K [0x00000000d5580000, 0x00000000d6e00000, 0x0000000100000000)
  eden space 19456K, 0% used [0x00000000d5580000,0x00000000d5580000,0x00000000d6880000)
  from space 2048K, 75% used [0x00000000d6880000,0x00000000d6a01740,0x00000000d6a80000)
  to   space 2560K, 0% used [0x00000000d6b80000,0x00000000d6b80000,0x00000000d6e00000)
 ParOldGen       total 68608K, used 47156K [0x0000000080000000, 0x0000000084300000, 0x00000000d5580000)
  object space 68608K, 68% used [0x0000000080000000,0x0000000082e0d190,0x0000000084300000)
 Metaspace       used 43537K, committed 44864K, reserved 1114112K
  class space    used 4658K, committed 5248K, reserved 1048576K
}
Event: 8.269 GC heap before
{Heap before GC invocations=28 (full 2):
 PSYoungGen      total 21504K, used 20997K [0x00000000d5580000, 0x00000000d6e00000, 0x0000000100000000)
  eden space 19456K, 100% used [0x00000000d5580000,0x00000000d6880000,0x00000000d6880000)
  from space 2048K, 75% used [0x00000000d6880000,0x00000000d6a01740,0x00000000d6a80000)
  to   space 2560K, 0% used [0x00000000d6b80000,0x00000000d6b80000,0x00000000d6e00000)
 ParOldGen       total 68608K, used 47156K [0x0000000080000000, 0x0000000084300000, 0x00000000d5580000)
  object space 68608K, 68% used [0x0000000080000000,0x0000000082e0d190,0x0000000084300000)
 Metaspace       used 45757K, committed 47168K, reserved 1114112K
  class space    used 4934K, committed 5568K, reserved 1048576K
}
Event: 8.271 GC heap after
{Heap after GC invocations=28 (full 2):
 PSYoungGen      total 20992K, used 1152K [0x00000000d5580000, 0x00000000d6d00000, 0x0000000100000000)
  eden space 19456K, 0% used [0x00000000d5580000,0x00000000d5580000,0x00000000d6880000)
  from space 1536K, 75% used [0x00000000d6b80000,0x00000000d6ca0000,0x00000000d6d00000)
  to   space 1536K, 0% used [0x00000000d6a00000,0x00000000d6a00000,0x00000000d6b80000)
 ParOldGen       total 68608K, used 48444K [0x0000000080000000, 0x0000000084300000, 0x00000000d5580000)
  object space 68608K, 70% used [0x0000000080000000,0x0000000082f4f190,0x0000000084300000)
 Metaspace       used 45757K, committed 47168K, reserved 1114112K
  class space    used 4934K, committed 5568K, reserved 1048576K
}
Event: 8.634 GC heap before
{Heap before GC invocations=29 (full 2):
 PSYoungGen      total 20992K, used 20604K [0x00000000d5580000, 0x00000000d6d00000, 0x0000000100000000)
  eden space 19456K, 99% used [0x00000000d5580000,0x00000000d687f178,0x00000000d6880000)
  from space 1536K, 75% used [0x00000000d6b80000,0x00000000d6ca0000,0x00000000d6d00000)
  to   space 1536K, 0% used [0x00000000d6a00000,0x00000000d6a00000,0x00000000d6b80000)
 ParOldGen       total 68608K, used 48444K [0x0000000080000000, 0x0000000084300000, 0x00000000d5580000)
  object space 68608K, 70% used [0x0000000080000000,0x0000000082f4f190,0x0000000084300000)
 Metaspace       used 47688K, committed 49024K, reserved 1114112K
  class space    used 5209K, committed 5760K, reserved 1048576K
}
Event: 8.638 GC heap after
{Heap after GC invocations=29 (full 2):
 PSYoungGen      total 20992K, used 1216K [0x00000000d5580000, 0x00000000d6c00000, 0x0000000100000000)
  eden space 19456K, 0% used [0x00000000d5580000,0x00000000d5580000,0x00000000d6880000)
  from space 1536K, 79% used [0x00000000d6a00000,0x00000000d6b30000,0x00000000d6b80000)
  to   space 512K, 0% used [0x00000000d6b80000,0x00000000d6b80000,0x00000000d6c00000)
 ParOldGen       total 68608K, used 49423K [0x0000000080000000, 0x0000000084300000, 0x00000000d5580000)
  object space 68608K, 72% used [0x0000000080000000,0x0000000083043eb0,0x0000000084300000)
 Metaspace       used 47688K, committed 49024K, reserved 1114112K
  class space    used 5209K, committed 5760K, reserved 1048576K
}
Event: 8.930 GC heap before
{Heap before GC invocations=30 (full 2):
 PSYoungGen      total 20992K, used 20666K [0x00000000d5580000, 0x00000000d6c00000, 0x0000000100000000)
  eden space 19456K, 99% used [0x00000000d5580000,0x00000000d687e818,0x00000000d6880000)
  from space 1536K, 79% used [0x00000000d6a00000,0x00000000d6b30000,0x00000000d6b80000)
  to   space 512K, 0% used [0x00000000d6b80000,0x00000000d6b80000,0x00000000d6c00000)
 ParOldGen       total 68608K, used 49423K [0x0000000080000000, 0x0000000084300000, 0x00000000d5580000)
  object space 68608K, 72% used [0x0000000080000000,0x0000000083043eb0,0x0000000084300000)
 Metaspace       used 50167K, committed 51520K, reserved 1114112K
  class space    used 5471K, committed 6080K, reserved 1048576K
}
Event: 8.932 GC heap after
{Heap after GC invocations=30 (full 2):
 PSYoungGen      total 19968K, used 509K [0x00000000d5580000, 0x00000000d6e80000, 0x0000000100000000)
  eden space 19456K, 0% used [0x00000000d5580000,0x00000000d5580000,0x00000000d6880000)
  from space 512K, 99% used [0x00000000d6b80000,0x00000000d6bff508,0x00000000d6c00000)
  to   space 3072K, 0% used [0x00000000d6880000,0x00000000d6880000,0x00000000d6b80000)
 ParOldGen       total 68608K, used 51455K [0x0000000080000000, 0x0000000084300000, 0x00000000d5580000)
  object space 68608K, 74% used [0x0000000080000000,0x000000008323fc18,0x0000000084300000)
 Metaspace       used 50167K, committed 51520K, reserved 1114112K
  class space    used 5471K, committed 6080K, reserved 1048576K
}
Event: 9.421 GC heap before
{Heap before GC invocations=31 (full 2):
 PSYoungGen      total 19968K, used 19965K [0x00000000d5580000, 0x00000000d6e80000, 0x0000000100000000)
  eden space 19456K, 100% used [0x00000000d5580000,0x00000000d6880000,0x00000000d6880000)
  from space 512K, 99% used [0x00000000d6b80000,0x00000000d6bff508,0x00000000d6c00000)
  to   space 3072K, 0% used [0x00000000d6880000,0x00000000d6880000,0x00000000d6b80000)
 ParOldGen       total 68608K, used 51455K [0x0000000080000000, 0x0000000084300000, 0x00000000d5580000)
  object space 68608K, 74% used [0x0000000080000000,0x000000008323fc18,0x0000000084300000)
 Metaspace       used 51422K, committed 52736K, reserved 1114112K
  class space    used 5660K, committed 6272K, reserved 1048576K
}
Event: 9.423 GC heap after
{Heap after GC invocations=31 (full 2):
 PSYoungGen      total 20480K, used 592K [0x00000000d5580000, 0x00000000d6c00000, 0x0000000100000000)
  eden space 19456K, 0% used [0x00000000d5580000,0x00000000d5580000,0x00000000d6880000)
  from space 1024K, 57% used [0x00000000d6880000,0x00000000d6914030,0x00000000d6980000)
  to   space 1536K, 0% used [0x00000000d6a80000,0x00000000d6a80000,0x00000000d6c00000)
 ParOldGen       total 68608K, used 51906K [0x0000000080000000, 0x0000000084300000, 0x00000000d5580000)
  object space 68608K, 75% used [0x0000000080000000,0x00000000832b0b60,0x0000000084300000)
 Metaspace       used 51422K, committed 52736K, reserved 1114112K
  class space    used 5660K, committed 6272K, reserved 1048576K
}
Event: 9.846 GC heap before
{Heap before GC invocations=32 (full 2):
 PSYoungGen      total 20480K, used 19571K [0x00000000d5580000, 0x00000000d6c00000, 0x0000000100000000)
  eden space 19456K, 97% used [0x00000000d5580000,0x00000000d6808d38,0x00000000d6880000)
  from space 1024K, 57% used [0x00000000d6880000,0x00000000d6914030,0x00000000d6980000)
  to   space 1536K, 0% used [0x00000000d6a80000,0x00000000d6a80000,0x00000000d6c00000)
 ParOldGen       total 68608K, used 51906K [0x0000000080000000, 0x0000000084300000, 0x00000000d5580000)
  object space 68608K, 75% used [0x0000000080000000,0x00000000832b0b60,0x0000000084300000)
 Metaspace       used 52698K, committed 54080K, reserved 1114112K
  class space    used 5776K, committed 6400K, reserved 1048576K
}
Event: 9.848 GC heap after
{Heap after GC invocations=32 (full 2):
 PSYoungGen      total 20480K, used 833K [0x00000000d5580000, 0x00000000d6b80000, 0x0000000100000000)
  eden space 19456K, 0% used [0x00000000d5580000,0x00000000d5580000,0x00000000d6880000)
  from space 1024K, 81% used [0x00000000d6a80000,0x00000000d6b506c0,0x00000000d6b80000)
  to   space 1024K, 0% used [0x00000000d6880000,0x00000000d6880000,0x00000000d6980000)
 ParOldGen       total 68608K, used 52401K [0x0000000080000000, 0x0000000084300000, 0x00000000d5580000)
  object space 68608K, 76% used [0x0000000080000000,0x000000008332c470,0x0000000084300000)
 Metaspace       used 52698K, committed 54080K, reserved 1114112K
  class space    used 5776K, committed 6400K, reserved 1048576K
}

