# JRE version: OpenJDK Runtime Environment Temurin-21.0.11+10 (21.0.11+10) (build 21.0.11+10-LTS)
# Java VM: OpenJDK 64-Bit Server VM Temurin-21.0.11+10 (21.0.11+10-LTS, mixed mode, sharing, tiered, compressed oops, compressed class ptrs, parallel gc, windows-amd64)
GC Precious Log:
 CardTable entry size: 512
 CPUs: 12 total, 12 available
 Memory: 15681M
 Large Page Support: Disabled
 NUMA Support: Disabled
 Compressed Oops: Enabled (32-bit)
 Alignments: Space 512K, Generation 512K, Heap 2M
 Heap Min Capacity: 100M
 Heap Initial Capacity: 100M
 Heap Max Capacity: 2G
 Pre-touch: Disabled
 Parallel Workers: 10
Heap:
 PSYoungGen      total 2560K, used 1851K [0x00000000d5580000, 0x00000000d5900000, 0x0000000100000000)
  eden space 2048K, 79% used [0x00000000d5580000,0x00000000d5716e08,0x00000000d5780000)
  from space 512K, 43% used [0x00000000d5800000,0x00000000d5838000,0x00000000d5880000)
  to   space 512K, 0% used [0x00000000d5880000,0x00000000d5880000,0x00000000d5900000)
 ParOldGen       total 147456K, used 147400K [0x0000000080000000, 0x0000000089000000, 0x00000000d5580000)
  object space 147456K, 99% used [0x0000000080000000,0x0000000088ff2030,0x0000000089000000)
 Metaspace       used 81306K, committed 83264K, reserved 1179648K
  class space    used 8692K, committed 9536K, reserved 1048576K
GC Heap History (20 events):
Event: 2188.810 GC heap before
{Heap before GC invocations=217 (full 3):
 PSYoungGen      total 2560K, used 2267K [0x00000000d5580000, 0x00000000d5900000, 0x0000000100000000)
  eden space 2048K, 100% used [0x00000000d5580000,0x00000000d5780000,0x00000000d5780000)
  from space 512K, 42% used [0x00000000d5800000,0x00000000d5836e50,0x00000000d5880000)
  to   space 512K, 0% used [0x00000000d5880000,0x00000000d5880000,0x00000000d5900000)
 ParOldGen       total 146944K, used 146894K [0x0000000080000000, 0x0000000088f80000, 0x00000000d5580000)
  object space 146944K, 99% used [0x0000000080000000,0x0000000088f73ad0,0x0000000088f80000)
 Metaspace       used 81107K, committed 83008K, reserved 1179648K
  class space    used 8684K, committed 9472K, reserved 1048576K
}
Event: 2188.812 GC heap after
{Heap after GC invocations=217 (full 3):
 PSYoungGen      total 2560K, used 436K [0x00000000d5580000, 0x00000000d5900000, 0x0000000100000000)
  eden space 2048K, 0% used [0x00000000d5580000,0x00000000d5580000,0x00000000d5780000)
  from space 512K, 85% used [0x00000000d5880000,0x00000000d58ed200,0x00000000d5900000)
  to   space 512K, 0% used [0x00000000d5800000,0x00000000d5800000,0x00000000d5880000)
 ParOldGen       total 147456K, used 147034K [0x0000000080000000, 0x0000000089000000, 0x00000000d5580000)
  object space 147456K, 99% used [0x0000000080000000,0x0000000088f96920,0x0000000089000000)
 Metaspace       used 81107K, committed 83008K, reserved 1179648K
  class space    used 8684K, committed 9472K, reserved 1048576K
}
Event: 2190.337 GC heap before
{Heap before GC invocations=218 (full 3):
 PSYoungGen      total 2560K, used 2484K [0x00000000d5580000, 0x00000000d5900000, 0x0000000100000000)
  eden space 2048K, 100% used [0x00000000d5580000,0x00000000d5780000,0x00000000d5780000)
  from space 512K, 85% used [0x00000000d5880000,0x00000000d58ed200,0x00000000d5900000)
  to   space 512K, 0% used [0x00000000d5800000,0x00000000d5800000,0x00000000d5880000)
 ParOldGen       total 147456K, used 147034K [0x0000000080000000, 0x0000000089000000, 0x00000000d5580000)
  object space 147456K, 99% used [0x0000000080000000,0x0000000088f96920,0x0000000089000000)
 Metaspace       used 81126K, committed 83008K, reserved 1179648K
  class space    used 8684K, committed 9472K, reserved 1048576K
}
Event: 2190.339 GC heap after
{Heap after GC invocations=218 (full 3):
 PSYoungGen      total 2560K, used 314K [0x00000000d5580000, 0x00000000d5900000, 0x0000000100000000)
  eden space 2048K, 0% used [0x00000000d5580000,0x00000000d5580000,0x00000000d5780000)
  from space 512K, 61% used [0x00000000d5800000,0x00000000d584e900,0x00000000d5880000)
  to   space 512K, 0% used [0x00000000d5880000,0x00000000d5880000,0x00000000d5900000)
 ParOldGen       total 147456K, used 147104K [0x0000000080000000, 0x0000000089000000, 0x00000000d5580000)
  object space 147456K, 99% used [0x0000000080000000,0x0000000088fa8030,0x0000000089000000)
 Metaspace       used 81126K, committed 83008K, reserved 1179648K
  class space    used 8684K, committed 9472K, reserved 1048576K
}
Event: 2190.747 GC heap before
{Heap before GC invocations=219 (full 3):
 PSYoungGen      total 2560K, used 2362K [0x00000000d5580000, 0x00000000d5900000, 0x0000000100000000)
  eden space 2048K, 100% used [0x00000000d5580000,0x00000000d5780000,0x00000000d5780000)
  from space 512K, 61% used [0x00000000d5800000,0x00000000d584e900,0x00000000d5880000)
  to   space 512K, 0% used [0x00000000d5880000,0x00000000d5880000,0x00000000d5900000)
 ParOldGen       total 147456K, used 147104K [0x0000000080000000, 0x0000000089000000, 0x00000000d5580000)
  object space 147456K, 99% used [0x0000000080000000,0x0000000088fa8030,0x0000000089000000)
 Metaspace       used 81141K, committed 83008K, reserved 1179648K
  class space    used 8684K, committed 9472K, reserved 1048576K
}
Event: 2190.749 GC heap after
{Heap after GC invocations=219 (full 3):
 PSYoungGen      total 2560K, used 256K [0x00000000d5580000, 0x00000000d5900000, 0x0000000100000000)
  eden space 2048K, 0% used [0x00000000d5580000,0x00000000d5580000,0x00000000d5780000)
  from space 512K, 50% used [0x00000000d5880000,0x00000000d58c0000,0x00000000d5900000)
  to   space 512K, 0% used [0x00000000d5800000,0x00000000d5800000,0x00000000d5880000)
 ParOldGen       total 147456K, used 147136K [0x0000000080000000, 0x0000000089000000, 0x00000000d5580000)
  object space 147456K, 99% used [0x0000000080000000,0x0000000088fb0030,0x0000000089000000)
 Metaspace       used 81141K, committed 83008K, reserved 1179648K
  class space    used 8684K, committed 9472K, reserved 1048576K
}
Event: 2191.868 GC heap before
{Heap before GC invocations=220 (full 3):
 PSYoungGen      total 2560K, used 2304K [0x00000000d5580000, 0x00000000d5900000, 0x0000000100000000)
  eden space 2048K, 100% used [0x00000000d5580000,0x00000000d5780000,0x00000000d5780000)
  from space 512K, 50% used [0x00000000d5880000,0x00000000d58c0000,0x00000000d5900000)
  to   space 512K, 0% used [0x00000000d5800000,0x00000000d5800000,0x00000000d5880000)
 ParOldGen       total 147456K, used 147136K [0x0000000080000000, 0x0000000089000000, 0x00000000d5580000)
  object space 147456K, 99% used [0x0000000080000000,0x0000000088fb0030,0x0000000089000000)
 Metaspace       used 81177K, committed 83072K, reserved 1179648K
  class space    used 8691K, committed 9472K, reserved 1048576K
}
Event: 2191.869 GC heap after
{Heap after GC invocations=220 (full 3):
 PSYoungGen      total 2560K, used 224K [0x00000000d5580000, 0x00000000d5900000, 0x0000000100000000)
  eden space 2048K, 0% used [0x00000000d5580000,0x00000000d5580000,0x00000000d5780000)
  from space 512K, 43% used [0x00000000d5800000,0x00000000d5838000,0x00000000d5880000)
  to   space 512K, 0% used [0x00000000d5880000,0x00000000d5880000,0x00000000d5900000)
 ParOldGen       total 147456K, used 147168K [0x0000000080000000, 0x0000000089000000, 0x00000000d5580000)
  object space 147456K, 99% used [0x0000000080000000,0x0000000088fb8030,0x0000000089000000)
 Metaspace       used 81177K, committed 83072K, reserved 1179648K
  class space    used 8691K, committed 9472K, reserved 1048576K
}
Event: 2194.751 GC heap before
{Heap before GC invocations=221 (full 3):
 PSYoungGen      total 2560K, used 2271K [0x00000000d5580000, 0x00000000d5900000, 0x0000000100000000)
  eden space 2048K, 99% used [0x00000000d5580000,0x00000000d577ff68,0x00000000d5780000)
  from space 512K, 43% used [0x00000000d5800000,0x00000000d5838000,0x00000000d5880000)
  to   space 512K, 0% used [0x00000000d5880000,0x00000000d5880000,0x00000000d5900000)
 ParOldGen       total 147456K, used 147168K [0x0000000080000000, 0x0000000089000000, 0x00000000d5580000)
  object space 147456K, 99% used [0x0000000080000000,0x0000000088fb8030,0x0000000089000000)
 Metaspace       used 81199K, committed 83072K, reserved 1179648K
  class space    used 8691K, committed 9472K, reserved 1048576K
}
Event: 2194.753 GC heap after
{Heap after GC invocations=221 (full 3):
 PSYoungGen      total 2560K, used 192K [0x00000000d5580000, 0x00000000d5900000, 0x0000000100000000)
  eden space 2048K, 0% used [0x00000000d5580000,0x00000000d5580000,0x00000000d5780000)
  from space 512K, 37% used [0x00000000d5880000,0x00000000d58b0000,0x00000000d5900000)
  to   space 512K, 0% used [0x00000000d5800000,0x00000000d5800000,0x00000000d5880000)
 ParOldGen       total 147456K, used 147216K [0x0000000080000000, 0x0000000089000000, 0x00000000d5580000)
  object space 147456K, 99% used [0x0000000080000000,0x0000000088fc4030,0x0000000089000000)
 Metaspace       used 81199K, committed 83072K, reserved 1179648K
  class space    used 8691K, committed 9472K, reserved 1048576K
}
Event: 2262.963 GC heap before
{Heap before GC invocations=222 (full 3):
 PSYoungGen      total 2560K, used 2240K [0x00000000d5580000, 0x00000000d5900000, 0x0000000100000000)
  eden space 2048K, 100% used [0x00000000d5580000,0x00000000d5780000,0x00000000d5780000)
  from space 512K, 37% used [0x00000000d5880000,0x00000000d58b0000,0x00000000d5900000)
  to   space 512K, 0% used [0x00000000d5800000,0x00000000d5800000,0x00000000d5880000)
 ParOldGen       total 147456K, used 147216K [0x0000000080000000, 0x0000000089000000, 0x00000000d5580000)
  object space 147456K, 99% used [0x0000000080000000,0x0000000088fc4030,0x0000000089000000)
 Metaspace       used 81215K, committed 83136K, reserved 1179648K
  class space    used 8692K, committed 9536K, reserved 1048576K
}
Event: 2262.965 GC heap after
{Heap after GC invocations=222 (full 3):
 PSYoungGen      total 2560K, used 244K [0x00000000d5580000, 0x00000000d5900000, 0x0000000100000000)
  eden space 2048K, 0% used [0x00000000d5580000,0x00000000d5580000,0x00000000d5780000)
  from space 512K, 47% used [0x00000000d5800000,0x00000000d583d200,0x00000000d5880000)
  to   space 512K, 0% used [0x00000000d5880000,0x00000000d5880000,0x00000000d5900000)
 ParOldGen       total 147456K, used 147240K [0x0000000080000000, 0x0000000089000000, 0x00000000d5580000)
  object space 147456K, 99% used [0x0000000080000000,0x0000000088fca030,0x0000000089000000)
 Metaspace       used 81215K, committed 83136K, reserved 1179648K
  class space    used 8692K, committed 9536K, reserved 1048576K
}
Event: 2274.267 GC heap before
{Heap before GC invocations=223 (full 3):
 PSYoungGen      total 2560K, used 2292K [0x00000000d5580000, 0x00000000d5900000, 0x0000000100000000)
  eden space 2048K, 99% used [0x00000000d5580000,0x00000000d577fff0,0x00000000d5780000)
  from space 512K, 47% used [0x00000000d5800000,0x00000000d583d200,0x00000000d5880000)
  to   space 512K, 0% used [0x00000000d5880000,0x00000000d5880000,0x00000000d5900000)
 ParOldGen       total 147456K, used 147240K [0x0000000080000000, 0x0000000089000000, 0x00000000d5580000)
  object space 147456K, 99% used [0x0000000080000000,0x0000000088fca030,0x0000000089000000)
 Metaspace       used 81241K, committed 83136K, reserved 1179648K
  class space    used 8692K, committed 9536K, reserved 1048576K
}
Event: 2274.269 GC heap after
{Heap after GC invocations=223 (full 3):
 PSYoungGen      total 2560K, used 192K [0x00000000d5580000, 0x00000000d5900000, 0x0000000100000000)
  eden space 2048K, 0% used [0x00000000d5580000,0x00000000d5580000,0x00000000d5780000)
  from space 512K, 37% used [0x00000000d5880000,0x00000000d58b0000,0x00000000d5900000)
  to   space 512K, 0% used [0x00000000d5800000,0x00000000d5800000,0x00000000d5880000)
 ParOldGen       total 147456K, used 147280K [0x0000000080000000, 0x0000000089000000, 0x00000000d5580000)
  object space 147456K, 99% used [0x0000000080000000,0x0000000088fd4030,0x0000000089000000)
 Metaspace       used 81241K, committed 83136K, reserved 1179648K
  class space    used 8692K, committed 9536K, reserved 1048576K
}
Event: 2275.661 GC heap before
{Heap before GC invocations=224 (full 3):
 PSYoungGen      total 2560K, used 2240K [0x00000000d5580000, 0x00000000d5900000, 0x0000000100000000)
  eden space 2048K, 100% used [0x00000000d5580000,0x00000000d5780000,0x00000000d5780000)
  from space 512K, 37% used [0x00000000d5880000,0x00000000d58b0000,0x00000000d5900000)
  to   space 512K, 0% used [0x00000000d5800000,0x00000000d5800000,0x00000000d5880000)
 ParOldGen       total 147456K, used 147280K [0x0000000080000000, 0x0000000089000000, 0x00000000d5580000)
  object space 147456K, 99% used [0x0000000080000000,0x0000000088fd4030,0x0000000089000000)
 Metaspace       used 81258K, committed 83200K, reserved 1179648K
  class space    used 8692K, committed 9536K, reserved 1048576K
}
Event: 2275.662 GC heap after
{Heap after GC invocations=224 (full 3):
 PSYoungGen      total 2560K, used 224K [0x00000000d5580000, 0x00000000d5900000, 0x0000000100000000)
  eden space 2048K, 0% used [0x00000000d5580000,0x00000000d5580000,0x00000000d5780000)
  from space 512K, 43% used [0x00000000d5800000,0x00000000d5838000,0x00000000d5880000)
  to   space 512K, 0% used [0x00000000d5880000,0x00000000d5880000,0x00000000d5900000)
 ParOldGen       total 147456K, used 147320K [0x0000000080000000, 0x0000000089000000, 0x00000000d5580000)
  object space 147456K, 99% used [0x0000000080000000,0x0000000088fde030,0x0000000089000000)
 Metaspace       used 81258K, committed 83200K, reserved 1179648K
  class space    used 8692K, committed 9536K, reserved 1048576K
}
Event: 2276.583 GC heap before
{Heap before GC invocations=225 (full 3):
 PSYoungGen      total 2560K, used 2272K [0x00000000d5580000, 0x00000000d5900000, 0x0000000100000000)
  eden space 2048K, 100% used [0x00000000d5580000,0x00000000d5780000,0x00000000d5780000)
  from space 512K, 43% used [0x00000000d5800000,0x00000000d5838000,0x00000000d5880000)
  to   space 512K, 0% used [0x00000000d5880000,0x00000000d5880000,0x00000000d5900000)
 ParOldGen       total 147456K, used 147320K [0x0000000080000000, 0x0000000089000000, 0x00000000d5580000)
  object space 147456K, 99% used [0x0000000080000000,0x0000000088fde030,0x0000000089000000)
 Metaspace       used 81288K, committed 83200K, reserved 1179648K
  class space    used 8692K, committed 9536K, reserved 1048576K
}
Event: 2276.585 GC heap after
{Heap after GC invocations=225 (full 3):
 PSYoungGen      total 2560K, used 256K [0x00000000d5580000, 0x00000000d5900000, 0x0000000100000000)
  eden space 2048K, 0% used [0x00000000d5580000,0x00000000d5580000,0x00000000d5780000)
  from space 512K, 50% used [0x00000000d5880000,0x00000000d58c0000,0x00000000d5900000)
  to   space 512K, 0% used [0x00000000d5800000,0x00000000d5800000,0x00000000d5880000)
 ParOldGen       total 147456K, used 147360K [0x0000000080000000, 0x0000000089000000, 0x00000000d5580000)
  object space 147456K, 99% used [0x0000000080000000,0x0000000088fe8030,0x0000000089000000)
 Metaspace       used 81288K, committed 83200K, reserved 1179648K
  class space    used 8692K, committed 9536K, reserved 1048576K
}
Event: 2276.901 GC heap before
{Heap before GC invocations=226 (full 3):
 PSYoungGen      total 2560K, used 2301K [0x00000000d5580000, 0x00000000d5900000, 0x0000000100000000)
  eden space 2048K, 99% used [0x00000000d5580000,0x00000000d577f6b0,0x00000000d5780000)
  from space 512K, 50% used [0x00000000d5880000,0x00000000d58c0000,0x00000000d5900000)
  to   space 512K, 0% used [0x00000000d5800000,0x00000000d5800000,0x00000000d5880000)
 ParOldGen       total 147456K, used 147360K [0x0000000080000000, 0x0000000089000000, 0x00000000d5580000)
  object space 147456K, 99% used [0x0000000080000000,0x0000000088fe8030,0x0000000089000000)
 Metaspace       used 81299K, committed 83264K, reserved 1179648K
  class space    used 8692K, committed 9536K, reserved 1048576K
}
Event: 2276.903 GC heap after
{Heap after GC invocations=226 (full 3):
 PSYoungGen      total 2560K, used 224K [0x00000000d5580000, 0x00000000d5900000, 0x0000000100000000)
  eden space 2048K, 0% used [0x00000000d5580000,0x00000000d5580000,0x00000000d5780000)
  from space 512K, 43% used [0x00000000d5800000,0x00000000d5838000,0x00000000d5880000)
  to   space 512K, 0% used [0x00000000d5880000,0x00000000d5880000,0x00000000d5900000)
 ParOldGen       total 147456K, used 147400K [0x0000000080000000, 0x0000000089000000, 0x00000000d5580000)
  object space 147456K, 99% used [0x0000000080000000,0x0000000088ff2030,0x0000000089000000)
 Metaspace       used 81299K, committed 83264K, reserved 1179648K
  class space    used 8692K, committed 9536K, reserved 1048576K
}

