# JRE version: OpenJDK Runtime Environment Temurin-21.0.11+10 (21.0.11+10) (build 21.0.11+10-LTS)
# Java VM: OpenJDK 64-Bit Server VM Temurin-21.0.11+10 (21.0.11+10-LTS, mixed mode, sharing, tiered, compressed oops, compressed class ptrs, parallel gc, windows-amd64)
GC Precious Log:
 CardTable entry size: 512
 CPUs: 12 total, 12 available
 Memory: 15681M
 Large Page Support: Disabled
 NUMA Support: Disabled
 Compressed Oops: Enabled (32-bit)
 Alignments: Space 512K, Generation 512K, Heap 2M
 Heap Min Capacity: 100M
 Heap Initial Capacity: 100M
 Heap Max Capacity: 2G
 Pre-touch: Disabled
 Parallel Workers: 10
Heap:
 PSYoungGen      total 29184K, used 7861K [0x00000000d5580000, 0x00000000d7900000, 0x0000000100000000)
  eden space 22016K, 5% used [0x00000000d5580000,0x00000000d56b4390,0x00000000d6b00000)
  from space 7168K, 92% used [0x00000000d7200000,0x00000000d7879170,0x00000000d7900000)
  to   space 7168K, 0% used [0x00000000d6b00000,0x00000000d6b00000,0x00000000d7200000)
 ParOldGen       total 68608K, used 26381K [0x0000000080000000, 0x0000000084300000, 0x00000000d5580000)
  object space 68608K, 38% used [0x0000000080000000,0x00000000819c3778,0x0000000084300000)
 Metaspace       used 39454K, committed 40704K, reserved 1114112K
  class space    used 4193K, committed 4736K, reserved 1048576K
GC Heap History (20 events):
Event: 6.975 GC heap before
{Heap before GC invocations=8 (full 1):
 PSYoungGen      total 29184K, used 4555K [0x00000000d5580000, 0x00000000d7780000, 0x0000000100000000)
  eden space 24576K, 0% used [0x00000000d5580000,0x00000000d5580000,0x00000000d6d80000)
  from space 4608K, 98% used [0x00000000d6e00000,0x00000000d7272f98,0x00000000d7280000)
  to   space 5120K, 0% used [0x00000000d7280000,0x00000000d7280000,0x00000000d7780000)
 ParOldGen       total 68608K, used 9526K [0x0000000080000000, 0x0000000084300000, 0x00000000d5580000)
  object space 68608K, 13% used [0x0000000080000000,0x000000008094d8e0,0x0000000084300000)
 Metaspace       used 20641K, committed 21504K, reserved 1114112K
  class space    used 2215K, committed 2560K, reserved 1048576K
}
Event: 7.013 GC heap after
{Heap after GC invocations=8 (full 1):
 PSYoungGen      total 29184K, used 0K [0x00000000d5580000, 0x00000000d7780000, 0x0000000100000000)
  eden space 24576K, 0% used [0x00000000d5580000,0x00000000d5580000,0x00000000d6d80000)
  from space 4608K, 0% used [0x00000000d6e00000,0x00000000d6e00000,0x00000000d7280000)
  to   space 5120K, 0% used [0x00000000d7280000,0x00000000d7280000,0x00000000d7780000)
 ParOldGen       total 68608K, used 13453K [0x0000000080000000, 0x0000000084300000, 0x00000000d5580000)
  object space 68608K, 19% used [0x0000000080000000,0x0000000080d23590,0x0000000084300000)
 Metaspace       used 20628K, committed 21504K, reserved 1114112K
  class space    used 2211K, committed 2560K, reserved 1048576K
}
Event: 7.254 GC heap before
{Heap before GC invocations=9 (full 1):
 PSYoungGen      total 29184K, used 24576K [0x00000000d5580000, 0x00000000d7780000, 0x0000000100000000)
  eden space 24576K, 100% used [0x00000000d5580000,0x00000000d6d80000,0x00000000d6d80000)
  from space 4608K, 0% used [0x00000000d6e00000,0x00000000d6e00000,0x00000000d7280000)
  to   space 5120K, 0% used [0x00000000d7280000,0x00000000d7280000,0x00000000d7780000)
 ParOldGen       total 68608K, used 13453K [0x0000000080000000, 0x0000000084300000, 0x00000000d5580000)
  object space 68608K, 19% used [0x0000000080000000,0x0000000080d23590,0x0000000084300000)
 Metaspace       used 22694K, committed 23616K, reserved 1114112K
  class space    used 2396K, committed 2752K, reserved 1048576K
}
Event: 7.256 GC heap after
{Heap after GC invocations=9 (full 1):
 PSYoungGen      total 25600K, used 1134K [0x00000000d5580000, 0x00000000d7400000, 0x0000000100000000)
  eden space 24064K, 0% used [0x00000000d5580000,0x00000000d5580000,0x00000000d6d00000)
  from space 1536K, 73% used [0x00000000d7280000,0x00000000d739b9e0,0x00000000d7400000)
  to   space 2560K, 0% used [0x00000000d6f00000,0x00000000d6f00000,0x00000000d7180000)
 ParOldGen       total 68608K, used 13461K [0x0000000080000000, 0x0000000084300000, 0x00000000d5580000)
  object space 68608K, 19% used [0x0000000080000000,0x0000000080d25590,0x0000000084300000)
 Metaspace       used 22694K, committed 23616K, reserved 1114112K
  class space    used 2396K, committed 2752K, reserved 1048576K
}
Event: 7.450 GC heap before
{Heap before GC invocations=10 (full 1):
 PSYoungGen      total 25600K, used 25198K [0x00000000d5580000, 0x00000000d7400000, 0x0000000100000000)
  eden space 24064K, 100% used [0x00000000d5580000,0x00000000d6d00000,0x00000000d6d00000)
  from space 1536K, 73% used [0x00000000d7280000,0x00000000d739b9e0,0x00000000d7400000)
  to   space 2560K, 0% used [0x00000000d6f00000,0x00000000d6f00000,0x00000000d7180000)
 ParOldGen       total 68608K, used 13461K [0x0000000080000000, 0x0000000084300000, 0x00000000d5580000)
  object space 68608K, 19% used [0x0000000080000000,0x0000000080d25590,0x0000000084300000)
 Metaspace       used 26368K, committed 27392K, reserved 1114112K
  class space    used 2664K, committed 3072K, reserved 1048576K
}
Event: 7.451 GC heap after
{Heap after GC invocations=10 (full 1):
 PSYoungGen      total 26112K, used 1227K [0x00000000d5580000, 0x00000000d7300000, 0x0000000100000000)
  eden space 23552K, 0% used [0x00000000d5580000,0x00000000d5580000,0x00000000d6c80000)
  from space 2560K, 47% used [0x00000000d6f00000,0x00000000d7032c68,0x00000000d7180000)
  to   space 1536K, 0% used [0x00000000d7180000,0x00000000d7180000,0x00000000d7300000)
 ParOldGen       total 68608K, used 13469K [0x0000000080000000, 0x0000000084300000, 0x00000000d5580000)
  object space 68608K, 19% used [0x0000000080000000,0x0000000080d27590,0x0000000084300000)
 Metaspace       used 26368K, committed 27392K, reserved 1114112K
  class space    used 2664K, committed 3072K, reserved 1048576K
}
Event: 7.711 GC heap before
{Heap before GC invocations=11 (full 1):
 PSYoungGen      total 26112K, used 24779K [0x00000000d5580000, 0x00000000d7300000, 0x0000000100000000)
  eden space 23552K, 100% used [0x00000000d5580000,0x00000000d6c80000,0x00000000d6c80000)
  from space 2560K, 47% used [0x00000000d6f00000,0x00000000d7032c68,0x00000000d7180000)
  to   space 1536K, 0% used [0x00000000d7180000,0x00000000d7180000,0x00000000d7300000)
 ParOldGen       total 68608K, used 13469K [0x0000000080000000, 0x0000000084300000, 0x00000000d5580000)
  object space 68608K, 19% used [0x0000000080000000,0x0000000080d27590,0x0000000084300000)
 Metaspace       used 28030K, committed 29056K, reserved 1114112K
  class space    used 2791K, committed 3200K, reserved 1048576K
}
Event: 7.714 GC heap after
{Heap after GC invocations=11 (full 1):
 PSYoungGen      total 24576K, used 1070K [0x00000000d5580000, 0x00000000d7300000, 0x0000000100000000)
  eden space 23040K, 0% used [0x00000000d5580000,0x00000000d5580000,0x00000000d6c00000)
  from space 1536K, 69% used [0x00000000d7180000,0x00000000d728b890,0x00000000d7300000)
  to   space 1536K, 0% used [0x00000000d7000000,0x00000000d7000000,0x00000000d7180000)
 ParOldGen       total 68608K, used 15988K [0x0000000080000000, 0x0000000084300000, 0x00000000d5580000)
  object space 68608K, 23% used [0x0000000080000000,0x0000000080f9d320,0x0000000084300000)
 Metaspace       used 28030K, committed 29056K, reserved 1114112K
  class space    used 2791K, committed 3200K, reserved 1048576K
}
Event: 8.120 GC heap before
{Heap before GC invocations=12 (full 1):
 PSYoungGen      total 24576K, used 23725K [0x00000000d5580000, 0x00000000d7300000, 0x0000000100000000)
  eden space 23040K, 98% used [0x00000000d5580000,0x00000000d6b9ff48,0x00000000d6c00000)
  from space 1536K, 69% used [0x00000000d7180000,0x00000000d728b890,0x00000000d7300000)
  to   space 1536K, 0% used [0x00000000d7000000,0x00000000d7000000,0x00000000d7180000)
 ParOldGen       total 68608K, used 15988K [0x0000000080000000, 0x0000000084300000, 0x00000000d5580000)
  object space 68608K, 23% used [0x0000000080000000,0x0000000080f9d320,0x0000000084300000)
 Metaspace       used 31251K, committed 32448K, reserved 1114112K
  class space    used 3137K, committed 3648K, reserved 1048576K
}
Event: 8.122 GC heap after
{Heap after GC invocations=12 (full 1):
 PSYoungGen      total 24064K, used 1534K [0x00000000d5580000, 0x00000000d7280000, 0x0000000100000000)
  eden space 22528K, 0% used [0x00000000d5580000,0x00000000d5580000,0x00000000d6b80000)
  from space 1536K, 99% used [0x00000000d7000000,0x00000000d717f908,0x00000000d7180000)
  to   space 1024K, 0% used [0x00000000d7180000,0x00000000d7180000,0x00000000d7280000)
 ParOldGen       total 68608K, used 17612K [0x0000000080000000, 0x0000000084300000, 0x00000000d5580000)
  object space 68608K, 25% used [0x0000000080000000,0x0000000081133170,0x0000000084300000)
 Metaspace       used 31251K, committed 32448K, reserved 1114112K
  class space    used 3137K, committed 3648K, reserved 1048576K
}
Event: 8.413 GC heap before
{Heap before GC invocations=13 (full 1):
 PSYoungGen      total 24064K, used 24062K [0x00000000d5580000, 0x00000000d7280000, 0x0000000100000000)
  eden space 22528K, 100% used [0x00000000d5580000,0x00000000d6b80000,0x00000000d6b80000)
  from space 1536K, 99% used [0x00000000d7000000,0x00000000d717f908,0x00000000d7180000)
  to   space 1024K, 0% used [0x00000000d7180000,0x00000000d7180000,0x00000000d7280000)
 ParOldGen       total 68608K, used 17612K [0x0000000080000000, 0x0000000084300000, 0x00000000d5580000)
  object space 68608K, 25% used [0x0000000080000000,0x0000000081133170,0x0000000084300000)
 Metaspace       used 33826K, committed 35008K, reserved 1114112K
  class space    used 3463K, committed 3904K, reserved 1048576K
}
Event: 8.416 GC heap after
{Heap after GC invocations=13 (full 1):
 PSYoungGen      total 23040K, used 1024K [0x00000000d5580000, 0x00000000d7300000, 0x0000000100000000)
  eden space 22016K, 0% used [0x00000000d5580000,0x00000000d5580000,0x00000000d6b00000)
  from space 1024K, 100% used [0x00000000d7180000,0x00000000d7280000,0x00000000d7280000)
  to   space 4096K, 0% used [0x00000000d6b00000,0x00000000d6b00000,0x00000000d6f00000)
 ParOldGen       total 68608K, used 20232K [0x0000000080000000, 0x0000000084300000, 0x00000000d5580000)
  object space 68608K, 29% used [0x0000000080000000,0x00000000813c2040,0x0000000084300000)
 Metaspace       used 33826K, committed 35008K, reserved 1114112K
  class space    used 3463K, committed 3904K, reserved 1048576K
}
Event: 8.514 GC heap before
{Heap before GC invocations=14 (full 1):
 PSYoungGen      total 23040K, used 8810K [0x00000000d5580000, 0x00000000d7300000, 0x0000000100000000)
  eden space 22016K, 35% used [0x00000000d5580000,0x00000000d5d1a978,0x00000000d6b00000)
  from space 1024K, 100% used [0x00000000d7180000,0x00000000d7280000,0x00000000d7280000)
  to   space 4096K, 0% used [0x00000000d6b00000,0x00000000d6b00000,0x00000000d6f00000)
 ParOldGen       total 68608K, used 20232K [0x0000000080000000, 0x0000000084300000, 0x00000000d5580000)
  object space 68608K, 29% used [0x0000000080000000,0x00000000813c2040,0x0000000084300000)
 Metaspace       used 34633K, committed 35840K, reserved 1114112K
  class space    used 3580K, committed 4096K, reserved 1048576K
}
Event: 8.516 GC heap after
{Heap after GC invocations=14 (full 1):
 PSYoungGen      total 26112K, used 480K [0x00000000d5580000, 0x00000000d7200000, 0x0000000100000000)
  eden space 22016K, 0% used [0x00000000d5580000,0x00000000d5580000,0x00000000d6b00000)
  from space 4096K, 11% used [0x00000000d6b00000,0x00000000d6b78000,0x00000000d6f00000)
  to   space 2048K, 0% used [0x00000000d7000000,0x00000000d7000000,0x00000000d7200000)
 ParOldGen       total 68608K, used 21212K [0x0000000080000000, 0x0000000084300000, 0x00000000d5580000)
  object space 68608K, 30% used [0x0000000080000000,0x00000000814b7108,0x0000000084300000)
 Metaspace       used 34633K, committed 35840K, reserved 1114112K
  class space    used 3580K, committed 4096K, reserved 1048576K
}
Event: 8.516 GC heap before
{Heap before GC invocations=15 (full 2):
 PSYoungGen      total 26112K, used 480K [0x00000000d5580000, 0x00000000d7200000, 0x0000000100000000)
  eden space 22016K, 0% used [0x00000000d5580000,0x00000000d5580000,0x00000000d6b00000)
  from space 4096K, 11% used [0x00000000d6b00000,0x00000000d6b78000,0x00000000d6f00000)
  to   space 2048K, 0% used [0x00000000d7000000,0x00000000d7000000,0x00000000d7200000)
 ParOldGen       total 68608K, used 21212K [0x0000000080000000, 0x0000000084300000, 0x00000000d5580000)
  object space 68608K, 30% used [0x0000000080000000,0x00000000814b7108,0x0000000084300000)
 Metaspace       used 34633K, committed 35840K, reserved 1114112K
  class space    used 3580K, committed 4096K, reserved 1048576K
}
Event: 8.550 GC heap after
{Heap after GC invocations=15 (full 2):
 PSYoungGen      total 26112K, used 0K [0x00000000d5580000, 0x00000000d7200000, 0x0000000100000000)
  eden space 22016K, 0% used [0x00000000d5580000,0x00000000d5580000,0x00000000d6b00000)
  from space 4096K, 0% used [0x00000000d6b00000,0x00000000d6b00000,0x00000000d6f00000)
  to   space 2048K, 0% used [0x00000000d7000000,0x00000000d7000000,0x00000000d7200000)
 ParOldGen       total 68608K, used 20578K [0x0000000080000000, 0x0000000084300000, 0x00000000d5580000)
  object space 68608K, 29% used [0x0000000080000000,0x0000000081418b88,0x0000000084300000)
 Metaspace       used 34633K, committed 35840K, reserved 1114112K
  class space    used 3580K, committed 4096K, reserved 1048576K
}
Event: 8.848 GC heap before
{Heap before GC invocations=16 (full 2):
 PSYoungGen      total 26112K, used 21997K [0x00000000d5580000, 0x00000000d7200000, 0x0000000100000000)
  eden space 22016K, 99% used [0x00000000d5580000,0x00000000d6afb700,0x00000000d6b00000)
  from space 4096K, 0% used [0x00000000d6b00000,0x00000000d6b00000,0x00000000d6f00000)
  to   space 2048K, 0% used [0x00000000d7000000,0x00000000d7000000,0x00000000d7200000)
 ParOldGen       total 68608K, used 20578K [0x0000000080000000, 0x0000000084300000, 0x00000000d5580000)
  object space 68608K, 29% used [0x0000000080000000,0x0000000081418b88,0x0000000084300000)
 Metaspace       used 37268K, committed 38528K, reserved 1114112K
  class space    used 3915K, committed 4480K, reserved 1048576K
}
Event: 8.851 GC heap after
{Heap after GC invocations=16 (full 2):
 PSYoungGen      total 23552K, used 1431K [0x00000000d5580000, 0x00000000d7180000, 0x0000000100000000)
  eden space 22016K, 0% used [0x00000000d5580000,0x00000000d5580000,0x00000000d6b00000)
  from space 1536K, 93% used [0x00000000d7000000,0x00000000d7165ec8,0x00000000d7180000)
  to   space 2048K, 0% used [0x00000000d6d80000,0x00000000d6d80000,0x00000000d6f80000)
 ParOldGen       total 68608K, used 20586K [0x0000000080000000, 0x0000000084300000, 0x00000000d5580000)
  object space 68608K, 30% used [0x0000000080000000,0x000000008141ab88,0x0000000084300000)
 Metaspace       used 37268K, committed 38528K, reserved 1114112K
  class space    used 3915K, committed 4480K, reserved 1048576K
}
Event: 9.158 GC heap before
{Heap before GC invocations=17 (full 2):
 PSYoungGen      total 23552K, used 23447K [0x00000000d5580000, 0x00000000d7180000, 0x0000000100000000)
  eden space 22016K, 100% used [0x00000000d5580000,0x00000000d6b00000,0x00000000d6b00000)
  from space 1536K, 93% used [0x00000000d7000000,0x00000000d7165ec8,0x00000000d7180000)
  to   space 2048K, 0% used [0x00000000d6d80000,0x00000000d6d80000,0x00000000d6f80000)
 ParOldGen       total 68608K, used 20586K [0x0000000080000000, 0x0000000084300000, 0x00000000d5580000)
  object space 68608K, 30% used [0x0000000080000000,0x000000008141ab88,0x0000000084300000)
 Metaspace       used 38298K, committed 39616K, reserved 1114112K
  class space    used 4044K, committed 4608K, reserved 1048576K
}
Event: 9.165 GC heap after
{Heap after GC invocations=17 (full 2):
 PSYoungGen      total 24064K, used 2016K [0x00000000d5580000, 0x00000000d7900000, 0x0000000100000000)
  eden space 22016K, 0% used [0x00000000d5580000,0x00000000d5580000,0x00000000d6b00000)
  from space 2048K, 98% used [0x00000000d6d80000,0x00000000d6f78020,0x00000000d6f80000)
  to   space 7168K, 0% used [0x00000000d7200000,0x00000000d7200000,0x00000000d7900000)
 ParOldGen       total 68608K, used 24498K [0x0000000080000000, 0x0000000084300000, 0x00000000d5580000)
  object space 68608K, 35% used [0x0000000080000000,0x00000000817eca00,0x0000000084300000)
 Metaspace       used 38298K, committed 39616K, reserved 1114112K
  class space    used 4044K, committed 4608K, reserved 1048576K
}

