# JRE version: OpenJDK Runtime Environment Temurin-21.0.11+10 (21.0.11+10) (build 21.0.11+10-LTS)
# Java VM: OpenJDK 64-Bit Server VM Temurin-21.0.11+10 (21.0.11+10-LTS, mixed mode, sharing, tiered, compressed oops, compressed class ptrs, parallel gc, windows-amd64)
GC Precious Log:
 CardTable entry size: 512
 CPUs: 12 total, 12 available
 Memory: 15681M
 Large Page Support: Disabled
 NUMA Support: Disabled
 Compressed Oops: Enabled (32-bit)
 Alignments: Space 512K, Generation 512K, Heap 2M
 Heap Min Capacity: 100M
 Heap Initial Capacity: 100M
 Heap Max Capacity: 2G
 Pre-touch: Disabled
 Parallel Workers: 10
Heap:
 PSYoungGen      total 6144K, used 3678K [0x00000000d5580000, 0x00000000d5e80000, 0x0000000100000000)
  eden space 5632K, 56% used [0x00000000d5580000,0x00000000d5898080,0x00000000d5b00000)
  from space 512K, 99% used [0x00000000d5c80000,0x00000000d5cffb58,0x00000000d5d00000)
  to   space 1536K, 0% used [0x00000000d5b00000,0x00000000d5b00000,0x00000000d5c80000)
 ParOldGen       total 75776K, used 53742K [0x0000000080000000, 0x0000000084a00000, 0x00000000d5580000)
  object space 75776K, 70% used [0x0000000080000000,0x000000008347b9e0,0x0000000084a00000)
 Metaspace       used 61717K, committed 63232K, reserved 1114112K
  class space    used 6658K, committed 7296K, reserved 1048576K
GC Heap History (20 events):
Event: 12.438 GC heap before
{Heap before GC invocations=66 (full 2):
 PSYoungGen      total 7168K, used 5811K [0x00000000d5580000, 0x00000000d5d80000, 0x0000000100000000)
  eden space 6144K, 86% used [0x00000000d5580000,0x00000000d5ab4d48,0x00000000d5b80000)
  from space 1024K, 46% used [0x00000000d5b80000,0x00000000d5bf8000,0x00000000d5c80000)
  to   space 1024K, 0% used [0x00000000d5c80000,0x00000000d5c80000,0x00000000d5d80000)
 ParOldGen       total 75776K, used 75414K [0x0000000080000000, 0x0000000084a00000, 0x00000000d5580000)
  object space 75776K, 99% used [0x0000000080000000,0x00000000849a5be0,0x0000000084a00000)
 Metaspace       used 58450K, committed 59776K, reserved 1114112K
  class space    used 6267K, committed 6848K, reserved 1048576K
}
Event: 12.439 GC heap after
{Heap after GC invocations=66 (full 2):
 PSYoungGen      total 6656K, used 455K [0x00000000d5580000, 0x00000000d5d00000, 0x0000000100000000)
  eden space 6144K, 0% used [0x00000000d5580000,0x00000000d5580000,0x00000000d5b80000)
  from space 512K, 88% used [0x00000000d5c80000,0x00000000d5cf1d00,0x00000000d5d00000)
  to   space 512K, 0% used [0x00000000d5c00000,0x00000000d5c00000,0x00000000d5c80000)
 ParOldGen       total 75776K, used 75702K [0x0000000080000000, 0x0000000084a00000, 0x00000000d5580000)
  object space 75776K, 99% used [0x0000000080000000,0x00000000849edbe0,0x0000000084a00000)
 Metaspace       used 58450K, committed 59776K, reserved 1114112K
  class space    used 6267K, committed 6848K, reserved 1048576K
}
Event: 12.439 GC heap before
{Heap before GC invocations=67 (full 3):
 PSYoungGen      total 6656K, used 455K [0x00000000d5580000, 0x00000000d5d00000, 0x0000000100000000)
  eden space 6144K, 0% used [0x00000000d5580000,0x00000000d5580000,0x00000000d5b80000)
  from space 512K, 88% used [0x00000000d5c80000,0x00000000d5cf1d00,0x00000000d5d00000)
  to   space 512K, 0% used [0x00000000d5c00000,0x00000000d5c00000,0x00000000d5c80000)
 ParOldGen       total 75776K, used 75702K [0x0000000080000000, 0x0000000084a00000, 0x00000000d5580000)
  object space 75776K, 99% used [0x0000000080000000,0x00000000849edbe0,0x0000000084a00000)
 Metaspace       used 58450K, committed 59776K, reserved 1114112K
  class space    used 6267K, committed 6848K, reserved 1048576K
}
Event: 12.525 GC heap after
{Heap after GC invocations=67 (full 3):
 PSYoungGen      total 6656K, used 0K [0x00000000d5580000, 0x00000000d5d00000, 0x0000000100000000)
  eden space 6144K, 0% used [0x00000000d5580000,0x00000000d5580000,0x00000000d5b80000)
  from space 512K, 0% used [0x00000000d5c80000,0x00000000d5c80000,0x00000000d5d00000)
  to   space 512K, 0% used [0x00000000d5c00000,0x00000000d5c00000,0x00000000d5c80000)
 ParOldGen       total 75776K, used 51059K [0x0000000080000000, 0x0000000084a00000, 0x00000000d5580000)
  object space 75776K, 67% used [0x0000000080000000,0x00000000831dcc80,0x0000000084a00000)
 Metaspace       used 58443K, committed 59776K, reserved 1114112K
  class space    used 6265K, committed 6848K, reserved 1048576K
}
Event: 12.635 GC heap before
{Heap before GC invocations=68 (full 3):
 PSYoungGen      total 6656K, used 6144K [0x00000000d5580000, 0x00000000d5d00000, 0x0000000100000000)
  eden space 6144K, 100% used [0x00000000d5580000,0x00000000d5b80000,0x00000000d5b80000)
  from space 512K, 0% used [0x00000000d5c80000,0x00000000d5c80000,0x00000000d5d00000)
  to   space 512K, 0% used [0x00000000d5c00000,0x00000000d5c00000,0x00000000d5c80000)
 ParOldGen       total 75776K, used 51059K [0x0000000080000000, 0x0000000084a00000, 0x00000000d5580000)
  object space 75776K, 67% used [0x0000000080000000,0x00000000831dcc80,0x0000000084a00000)
 Metaspace       used 58731K, committed 60096K, reserved 1114112K
  class space    used 6310K, committed 6912K, reserved 1048576K
}
Event: 12.636 GC heap after
{Heap after GC invocations=68 (full 3):
 PSYoungGen      total 6656K, used 480K [0x00000000d5580000, 0x00000000d5d80000, 0x0000000100000000)
  eden space 6144K, 0% used [0x00000000d5580000,0x00000000d5580000,0x00000000d5b80000)
  from space 512K, 93% used [0x00000000d5c00000,0x00000000d5c78020,0x00000000d5c80000)
  to   space 1024K, 0% used [0x00000000d5c80000,0x00000000d5c80000,0x00000000d5d80000)
 ParOldGen       total 75776K, used 51299K [0x0000000080000000, 0x0000000084a00000, 0x00000000d5580000)
  object space 75776K, 67% used [0x0000000080000000,0x0000000083218c80,0x0000000084a00000)
 Metaspace       used 58731K, committed 60096K, reserved 1114112K
  class space    used 6310K, committed 6912K, reserved 1048576K
}
Event: 12.701 GC heap before
{Heap before GC invocations=69 (full 3):
 PSYoungGen      total 6656K, used 6612K [0x00000000d5580000, 0x00000000d5d80000, 0x0000000100000000)
  eden space 6144K, 99% used [0x00000000d5580000,0x00000000d5b7d3d0,0x00000000d5b80000)
  from space 512K, 93% used [0x00000000d5c00000,0x00000000d5c78020,0x00000000d5c80000)
  to   space 1024K, 0% used [0x00000000d5c80000,0x00000000d5c80000,0x00000000d5d80000)
 ParOldGen       total 75776K, used 51299K [0x0000000080000000, 0x0000000084a00000, 0x00000000d5580000)
  object space 75776K, 67% used [0x0000000080000000,0x0000000083218c80,0x0000000084a00000)
 Metaspace       used 59030K, committed 60416K, reserved 1114112K
  class space    used 6343K, committed 6912K, reserved 1048576K
}
Event: 12.702 GC heap after
{Heap after GC invocations=69 (full 3):
 PSYoungGen      total 7168K, used 960K [0x00000000d5580000, 0x00000000d5d80000, 0x0000000100000000)
  eden space 6144K, 0% used [0x00000000d5580000,0x00000000d5580000,0x00000000d5b80000)
  from space 1024K, 93% used [0x00000000d5c80000,0x00000000d5d70000,0x00000000d5d80000)
  to   space 1024K, 0% used [0x00000000d5b80000,0x00000000d5b80000,0x00000000d5c80000)
 ParOldGen       total 75776K, used 51667K [0x0000000080000000, 0x0000000084a00000, 0x00000000d5580000)
  object space 75776K, 68% used [0x0000000080000000,0x0000000083274c80,0x0000000084a00000)
 Metaspace       used 59030K, committed 60416K, reserved 1114112K
  class space    used 6343K, committed 6912K, reserved 1048576K
}
Event: 12.721 GC heap before
{Heap before GC invocations=70 (full 3):
 PSYoungGen      total 7168K, used 7104K [0x00000000d5580000, 0x00000000d5d80000, 0x0000000100000000)
  eden space 6144K, 100% used [0x00000000d5580000,0x00000000d5b80000,0x00000000d5b80000)
  from space 1024K, 93% used [0x00000000d5c80000,0x00000000d5d70000,0x00000000d5d80000)
  to   space 1024K, 0% used [0x00000000d5b80000,0x00000000d5b80000,0x00000000d5c80000)
 ParOldGen       total 75776K, used 51667K [0x0000000080000000, 0x0000000084a00000, 0x00000000d5580000)
  object space 75776K, 68% used [0x0000000080000000,0x0000000083274c80,0x0000000084a00000)
 Metaspace       used 59064K, committed 60416K, reserved 1114112K
  class space    used 6344K, committed 6912K, reserved 1048576K
}
Event: 12.722 GC heap after
{Heap after GC invocations=70 (full 3):
 PSYoungGen      total 7168K, used 480K [0x00000000d5580000, 0x00000000d5d80000, 0x0000000100000000)
  eden space 6144K, 0% used [0x00000000d5580000,0x00000000d5580000,0x00000000d5b80000)
  from space 1024K, 46% used [0x00000000d5b80000,0x00000000d5bf8000,0x00000000d5c80000)
  to   space 1024K, 0% used [0x00000000d5c80000,0x00000000d5c80000,0x00000000d5d80000)
 ParOldGen       total 75776K, used 52135K [0x0000000080000000, 0x0000000084a00000, 0x00000000d5580000)
  object space 75776K, 68% used [0x0000000080000000,0x00000000832e9c90,0x0000000084a00000)
 Metaspace       used 59064K, committed 60416K, reserved 1114112K
  class space    used 6344K, committed 6912K, reserved 1048576K
}
Event: 12.821 GC heap before
{Heap before GC invocations=71 (full 3):
 PSYoungGen      total 7168K, used 6624K [0x00000000d5580000, 0x00000000d5d80000, 0x0000000100000000)
  eden space 6144K, 100% used [0x00000000d5580000,0x00000000d5b80000,0x00000000d5b80000)
  from space 1024K, 46% used [0x00000000d5b80000,0x00000000d5bf8000,0x00000000d5c80000)
  to   space 1024K, 0% used [0x00000000d5c80000,0x00000000d5c80000,0x00000000d5d80000)
 ParOldGen       total 75776K, used 52135K [0x0000000080000000, 0x0000000084a00000, 0x00000000d5580000)
  object space 75776K, 68% used [0x0000000080000000,0x00000000832e9c90,0x0000000084a00000)
 Metaspace       used 59566K, committed 60928K, reserved 1114112K
  class space    used 6401K, committed 6976K, reserved 1048576K
}
Event: 12.822 GC heap after
{Heap after GC invocations=71 (full 3):
 PSYoungGen      total 7168K, used 581K [0x00000000d5580000, 0x00000000d5d80000, 0x0000000100000000)
  eden space 6144K, 0% used [0x00000000d5580000,0x00000000d5580000,0x00000000d5b80000)
  from space 1024K, 56% used [0x00000000d5c80000,0x00000000d5d11420,0x00000000d5d80000)
  to   space 1024K, 0% used [0x00000000d5b80000,0x00000000d5b80000,0x00000000d5c80000)
 ParOldGen       total 75776K, used 52487K [0x0000000080000000, 0x0000000084a00000, 0x00000000d5580000)
  object space 75776K, 69% used [0x0000000080000000,0x0000000083341c90,0x0000000084a00000)
 Metaspace       used 59566K, committed 60928K, reserved 1114112K
  class space    used 6401K, committed 6976K, reserved 1048576K
}
Event: 12.970 GC heap before
{Heap before GC invocations=72 (full 3):
 PSYoungGen      total 7168K, used 6724K [0x00000000d5580000, 0x00000000d5d80000, 0x0000000100000000)
  eden space 6144K, 99% used [0x00000000d5580000,0x00000000d5b7fec0,0x00000000d5b80000)
  from space 1024K, 56% used [0x00000000d5c80000,0x00000000d5d11420,0x00000000d5d80000)
  to   space 1024K, 0% used [0x00000000d5b80000,0x00000000d5b80000,0x00000000d5c80000)
 ParOldGen       total 75776K, used 52487K [0x0000000080000000, 0x0000000084a00000, 0x00000000d5580000)
  object space 75776K, 69% used [0x0000000080000000,0x0000000083341c90,0x0000000084a00000)
 Metaspace       used 60145K, committed 61632K, reserved 1114112K
  class space    used 6450K, committed 7040K, reserved 1048576K
}
Event: 12.971 GC heap after
{Heap after GC invocations=72 (full 3):
 PSYoungGen      total 7168K, used 320K [0x00000000d5580000, 0x00000000d5d00000, 0x0000000100000000)
  eden space 6144K, 0% used [0x00000000d5580000,0x00000000d5580000,0x00000000d5b80000)
  from space 1024K, 31% used [0x00000000d5b80000,0x00000000d5bd0000,0x00000000d5c80000)
  to   space 512K, 0% used [0x00000000d5c80000,0x00000000d5c80000,0x00000000d5d00000)
 ParOldGen       total 75776K, used 52867K [0x0000000080000000, 0x0000000084a00000, 0x00000000d5580000)
  object space 75776K, 69% used [0x0000000080000000,0x00000000833a0e18,0x0000000084a00000)
 Metaspace       used 60145K, committed 61632K, reserved 1114112K
  class space    used 6450K, committed 7040K, reserved 1048576K
}
Event: 13.193 GC heap before
{Heap before GC invocations=73 (full 3):
 PSYoungGen      total 7168K, used 6464K [0x00000000d5580000, 0x00000000d5d00000, 0x0000000100000000)
  eden space 6144K, 100% used [0x00000000d5580000,0x00000000d5b80000,0x00000000d5b80000)
  from space 1024K, 31% used [0x00000000d5b80000,0x00000000d5bd0000,0x00000000d5c80000)
  to   space 512K, 0% used [0x00000000d5c80000,0x00000000d5c80000,0x00000000d5d00000)
 ParOldGen       total 75776K, used 52867K [0x0000000080000000, 0x0000000084a00000, 0x00000000d5580000)
  object space 75776K, 69% used [0x0000000080000000,0x00000000833a0e18,0x0000000084a00000)
 Metaspace       used 60530K, committed 62016K, reserved 1114112K
  class space    used 6481K, committed 7104K, reserved 1048576K
}
Event: 13.193 GC heap after
{Heap after GC invocations=73 (full 3):
 PSYoungGen      total 6656K, used 352K [0x00000000d5580000, 0x00000000d5d00000, 0x0000000100000000)
  eden space 6144K, 0% used [0x00000000d5580000,0x00000000d5580000,0x00000000d5b80000)
  from space 512K, 68% used [0x00000000d5c80000,0x00000000d5cd8000,0x00000000d5d00000)
  to   space 512K, 0% used [0x00000000d5c00000,0x00000000d5c00000,0x00000000d5c80000)
 ParOldGen       total 75776K, used 53063K [0x0000000080000000, 0x0000000084a00000, 0x00000000d5580000)
  object space 75776K, 70% used [0x0000000080000000,0x00000000833d1e38,0x0000000084a00000)
 Metaspace       used 60530K, committed 62016K, reserved 1114112K
  class space    used 6481K, committed 7104K, reserved 1048576K
}
Event: 13.334 GC heap before
{Heap before GC invocations=74 (full 3):
 PSYoungGen      total 6656K, used 6404K [0x00000000d5580000, 0x00000000d5d00000, 0x0000000100000000)
  eden space 6144K, 98% used [0x00000000d5580000,0x00000000d5b69330,0x00000000d5b80000)
  from space 512K, 68% used [0x00000000d5c80000,0x00000000d5cd8000,0x00000000d5d00000)
  to   space 512K, 0% used [0x00000000d5c00000,0x00000000d5c00000,0x00000000d5c80000)
 ParOldGen       total 75776K, used 53063K [0x0000000080000000, 0x0000000084a00000, 0x00000000d5580000)
  object space 75776K, 70% used [0x0000000080000000,0x00000000833d1e38,0x0000000084a00000)
 Metaspace       used 60982K, committed 62528K, reserved 1114112K
  class space    used 6541K, committed 7168K, reserved 1048576K
}
Event: 13.335 GC heap after
{Heap after GC invocations=74 (full 3):
 PSYoungGen      total 6656K, used 480K [0x00000000d5580000, 0x00000000d5d00000, 0x0000000100000000)
  eden space 6144K, 0% used [0x00000000d5580000,0x00000000d5580000,0x00000000d5b80000)
  from space 512K, 93% used [0x00000000d5c00000,0x00000000d5c782f8,0x00000000d5c80000)
  to   space 512K, 0% used [0x00000000d5c80000,0x00000000d5c80000,0x00000000d5d00000)
 ParOldGen       total 75776K, used 53165K [0x0000000080000000, 0x0000000084a00000, 0x00000000d5580000)
  object space 75776K, 70% used [0x0000000080000000,0x00000000833eb600,0x0000000084a00000)
 Metaspace       used 60982K, committed 62528K, reserved 1114112K
  class space    used 6541K, committed 7168K, reserved 1048576K
}
Event: 13.382 GC heap before
{Heap before GC invocations=75 (full 3):
 PSYoungGen      total 6656K, used 6624K [0x00000000d5580000, 0x00000000d5d00000, 0x0000000100000000)
  eden space 6144K, 100% used [0x00000000d5580000,0x00000000d5b80000,0x00000000d5b80000)
  from space 512K, 93% used [0x00000000d5c00000,0x00000000d5c782f8,0x00000000d5c80000)
  to   space 512K, 0% used [0x00000000d5c80000,0x00000000d5c80000,0x00000000d5d00000)
 ParOldGen       total 75776K, used 53165K [0x0000000080000000, 0x0000000084a00000, 0x00000000d5580000)
  object space 75776K, 70% used [0x0000000080000000,0x00000000833eb600,0x0000000084a00000)
 Metaspace       used 61411K, committed 62912K, reserved 1114112K
  class space    used 6608K, committed 7232K, reserved 1048576K
}
Event: 13.384 GC heap after
{Heap after GC invocations=75 (full 3):
 PSYoungGen      total 6144K, used 510K [0x00000000d5580000, 0x00000000d5e80000, 0x0000000100000000)
  eden space 5632K, 0% used [0x00000000d5580000,0x00000000d5580000,0x00000000d5b00000)
  from space 512K, 99% used [0x00000000d5c80000,0x00000000d5cffb58,0x00000000d5d00000)
  to   space 1536K, 0% used [0x00000000d5b00000,0x00000000d5b00000,0x00000000d5c80000)
 ParOldGen       total 75776K, used 53742K [0x0000000080000000, 0x0000000084a00000, 0x00000000d5580000)
  object space 75776K, 70% used [0x0000000080000000,0x000000008347b9e0,0x0000000084a00000)
 Metaspace       used 61411K, committed 62912K, reserved 1114112K
  class space    used 6608K, committed 7232K, reserved 1048576K
}

