# JRE version: OpenJDK Runtime Environment Temurin-21.0.11+10 (21.0.11+10) (build 21.0.11+10-LTS)
# Java VM: OpenJDK 64-Bit Server VM Temurin-21.0.11+10 (21.0.11+10-LTS, mixed mode, sharing, tiered, compressed oops, compressed class ptrs, parallel gc, windows-amd64)
GC Precious Log:
 CardTable entry size: 512
 CPUs: 12 total, 12 available
 Memory: 15681M
 Large Page Support: Disabled
 NUMA Support: Disabled
 Compressed Oops: Enabled (32-bit)
 Alignments: Space 512K, Generation 512K, Heap 2M
 Heap Min Capacity: 100M
 Heap Initial Capacity: 100M
 Heap Max Capacity: 2G
 Pre-touch: Disabled
 Parallel Workers: 10
Heap:
 PSYoungGen      total 2560K, used 1500K [0x00000000d5580000, 0x00000000d5880000, 0x0000000100000000)
  eden space 1536K, 78% used [0x00000000d5580000,0x00000000d56af310,0x00000000d5700000)
  from space 1024K, 28% used [0x00000000d5700000,0x00000000d5748000,0x00000000d5800000)
  to   space 512K, 0% used [0x00000000d5800000,0x00000000d5800000,0x00000000d5880000)
 ParOldGen       total 1080832K, used 529871K [0x0000000080000000, 0x00000000c1f80000, 0x00000000d5580000)
  object space 1080832K, 49% used [0x0000000080000000,0x00000000a0573cc0,0x00000000c1f80000)
 Metaspace       used 96949K, committed 98816K, reserved 1179648K
  class space    used 10040K, committed 10880K, reserved 1048576K
GC Heap History (20 events):
Event: 10904.696 GC heap before
{Heap before GC invocations=2285 (full 5):
 PSYoungGen      total 2048K, used 2029K [0x00000000d5580000, 0x00000000d5880000, 0x0000000100000000)
  eden space 1024K, 100% used [0x00000000d5580000,0x00000000d5680000,0x00000000d5680000)
  from space 1024K, 98% used [0x00000000d5680000,0x00000000d577b6e0,0x00000000d5780000)
  to   space 1024K, 0% used [0x00000000d5780000,0x00000000d5780000,0x00000000d5880000)
 ParOldGen       total 1080832K, used 524103K [0x0000000080000000, 0x00000000c1f80000, 0x00000000d5580000)
  object space 1080832K, 48% used [0x0000000080000000,0x000000009ffd1d90,0x00000000c1f80000)
 Metaspace       used 96940K, committed 98752K, reserved 1179648K
  class space    used 10040K, committed 10880K, reserved 1048576K
}
Event: 10904.697 GC heap after
{Heap after GC invocations=2285 (full 5):
 PSYoungGen      total 1536K, used 1011K [0x00000000d5580000, 0x00000000d5b00000, 0x0000000100000000)
  eden space 512K, 0% used [0x00000000d5580000,0x00000000d5580000,0x00000000d5600000)
  from space 1024K, 98% used [0x00000000d5780000,0x00000000d587ce98,0x00000000d5880000)
  to   space 1536K, 0% used [0x00000000d5600000,0x00000000d5600000,0x00000000d5780000)
 ParOldGen       total 1080832K, used 524968K [0x0000000080000000, 0x00000000c1f80000, 0x00000000d5580000)
  object space 1080832K, 48% used [0x0000000080000000,0x00000000a00aa018,0x00000000c1f80000)
 Metaspace       used 96940K, committed 98752K, reserved 1179648K
  class space    used 10040K, committed 10880K, reserved 1048576K
}
Event: 10904.698 GC heap before
{Heap before GC invocations=2286 (full 5):
 PSYoungGen      total 1536K, used 1512K [0x00000000d5580000, 0x00000000d5b00000, 0x0000000100000000)
  eden space 512K, 97% used [0x00000000d5580000,0x00000000d55fd3a0,0x00000000d5600000)
  from space 1024K, 98% used [0x00000000d5780000,0x00000000d587ce98,0x00000000d5880000)
  to   space 1536K, 0% used [0x00000000d5600000,0x00000000d5600000,0x00000000d5780000)
 ParOldGen       total 1080832K, used 524968K [0x0000000080000000, 0x00000000c1f80000, 0x00000000d5580000)
  object space 1080832K, 48% used [0x0000000080000000,0x00000000a00aa018,0x00000000c1f80000)
 Metaspace       used 96940K, committed 98752K, reserved 1179648K
  class space    used 10040K, committed 10880K, reserved 1048576K
}
Event: 10904.700 GC heap after
{Heap after GC invocations=2286 (full 5):
 PSYoungGen      total 2048K, used 647K [0x00000000d5580000, 0x00000000d5980000, 0x0000000100000000)
  eden space 512K, 0% used [0x00000000d5580000,0x00000000d5580000,0x00000000d5600000)
  from space 1536K, 42% used [0x00000000d5600000,0x00000000d56a1d08,0x00000000d5780000)
  to   space 1536K, 0% used [0x00000000d5800000,0x00000000d5800000,0x00000000d5980000)
 ParOldGen       total 1080832K, used 525888K [0x0000000080000000, 0x00000000c1f80000, 0x00000000d5580000)
  object space 1080832K, 48% used [0x0000000080000000,0x00000000a0190090,0x00000000c1f80000)
 Metaspace       used 96940K, committed 98752K, reserved 1179648K
  class space    used 10040K, committed 10880K, reserved 1048576K
}
Event: 10904.702 GC heap before
{Heap before GC invocations=2287 (full 5):
 PSYoungGen      total 2048K, used 1130K [0x00000000d5580000, 0x00000000d5980000, 0x0000000100000000)
  eden space 512K, 94% used [0x00000000d5580000,0x00000000d55f8e88,0x00000000d5600000)
  from space 1536K, 42% used [0x00000000d5600000,0x00000000d56a1d08,0x00000000d5780000)
  to   space 1536K, 0% used [0x00000000d5800000,0x00000000d5800000,0x00000000d5980000)
 ParOldGen       total 1080832K, used 525888K [0x0000000080000000, 0x00000000c1f80000, 0x00000000d5580000)
  object space 1080832K, 48% used [0x0000000080000000,0x00000000a0190090,0x00000000c1f80000)
 Metaspace       used 96940K, committed 98752K, reserved 1179648K
  class space    used 10040K, committed 10880K, reserved 1048576K
}
Event: 10904.703 GC heap after
{Heap after GC invocations=2287 (full 5):
 PSYoungGen      total 2048K, used 554K [0x00000000d5580000, 0x00000000d5900000, 0x0000000100000000)
  eden space 1024K, 0% used [0x00000000d5580000,0x00000000d5580000,0x00000000d5680000)
  from space 1024K, 54% used [0x00000000d5800000,0x00000000d588aa38,0x00000000d5900000)
  to   space 1024K, 0% used [0x00000000d5700000,0x00000000d5700000,0x00000000d5800000)
 ParOldGen       total 1080832K, used 526342K [0x0000000080000000, 0x00000000c1f80000, 0x00000000d5580000)
  object space 1080832K, 48% used [0x0000000080000000,0x00000000a0201860,0x00000000c1f80000)
 Metaspace       used 96940K, committed 98752K, reserved 1179648K
  class space    used 10040K, committed 10880K, reserved 1048576K
}
Event: 10904.704 GC heap before
{Heap before GC invocations=2288 (full 5):
 PSYoungGen      total 2048K, used 1578K [0x00000000d5580000, 0x00000000d5900000, 0x0000000100000000)
  eden space 1024K, 100% used [0x00000000d5580000,0x00000000d5680000,0x00000000d5680000)
  from space 1024K, 54% used [0x00000000d5800000,0x00000000d588aa38,0x00000000d5900000)
  to   space 1024K, 0% used [0x00000000d5700000,0x00000000d5700000,0x00000000d5800000)
 ParOldGen       total 1080832K, used 526342K [0x0000000080000000, 0x00000000c1f80000, 0x00000000d5580000)
  object space 1080832K, 48% used [0x0000000080000000,0x00000000a0201860,0x00000000c1f80000)
 Metaspace       used 96940K, committed 98752K, reserved 1179648K
  class space    used 10040K, committed 10880K, reserved 1048576K
}
Event: 10904.706 GC heap after
{Heap after GC invocations=2288 (full 5):
 PSYoungGen      total 2560K, used 473K [0x00000000d5580000, 0x00000000d5900000, 0x0000000100000000)
  eden space 1536K, 0% used [0x00000000d5580000,0x00000000d5580000,0x00000000d5700000)
  from space 1024K, 46% used [0x00000000d5700000,0x00000000d57765a8,0x00000000d5800000)
  to   space 1024K, 0% used [0x00000000d5800000,0x00000000d5800000,0x00000000d5900000)
 ParOldGen       total 1080832K, used 527565K [0x0000000080000000, 0x00000000c1f80000, 0x00000000d5580000)
  object space 1080832K, 48% used [0x0000000080000000,0x00000000a0333710,0x00000000c1f80000)
 Metaspace       used 96940K, committed 98752K, reserved 1179648K
  class space    used 10040K, committed 10880K, reserved 1048576K
}
Event: 10904.712 GC heap before
{Heap before GC invocations=2289 (full 5):
 PSYoungGen      total 2560K, used 2009K [0x00000000d5580000, 0x00000000d5900000, 0x0000000100000000)
  eden space 1536K, 100% used [0x00000000d5580000,0x00000000d5700000,0x00000000d5700000)
  from space 1024K, 46% used [0x00000000d5700000,0x00000000d57765a8,0x00000000d5800000)
  to   space 1024K, 0% used [0x00000000d5800000,0x00000000d5800000,0x00000000d5900000)
 ParOldGen       total 1080832K, used 527565K [0x0000000080000000, 0x00000000c1f80000, 0x00000000d5580000)
  object space 1080832K, 48% used [0x0000000080000000,0x00000000a0333710,0x00000000c1f80000)
 Metaspace       used 96940K, committed 98752K, reserved 1179648K
  class space    used 10040K, committed 10880K, reserved 1048576K
}
Event: 10904.714 GC heap after
{Heap after GC invocations=2289 (full 5):
 PSYoungGen      total 2048K, used 999K [0x00000000d5580000, 0x00000000d5a80000, 0x0000000100000000)
  eden space 1024K, 0% used [0x00000000d5580000,0x00000000d5580000,0x00000000d5680000)
  from space 1024K, 97% used [0x00000000d5800000,0x00000000d58f9ef0,0x00000000d5900000)
  to   space 1536K, 0% used [0x00000000d5680000,0x00000000d5680000,0x00000000d5800000)
 ParOldGen       total 1080832K, used 527853K [0x0000000080000000, 0x00000000c1f80000, 0x00000000d5580000)
  object space 1080832K, 48% used [0x0000000080000000,0x00000000a037b720,0x00000000c1f80000)
 Metaspace       used 96940K, committed 98752K, reserved 1179648K
  class space    used 10040K, committed 10880K, reserved 1048576K
}
Event: 10904.716 GC heap before
{Heap before GC invocations=2290 (full 5):
 PSYoungGen      total 2048K, used 2023K [0x00000000d5580000, 0x00000000d5a80000, 0x0000000100000000)
  eden space 1024K, 100% used [0x00000000d5580000,0x00000000d5680000,0x00000000d5680000)
  from space 1024K, 97% used [0x00000000d5800000,0x00000000d58f9ef0,0x00000000d5900000)
  to   space 1536K, 0% used [0x00000000d5680000,0x00000000d5680000,0x00000000d5800000)
 ParOldGen       total 1080832K, used 527853K [0x0000000080000000, 0x00000000c1f80000, 0x00000000d5580000)
  object space 1080832K, 48% used [0x0000000080000000,0x00000000a037b720,0x00000000c1f80000)
 Metaspace       used 96940K, committed 98752K, reserved 1179648K
  class space    used 10040K, committed 10880K, reserved 1048576K
}
Event: 10904.718 GC heap after
{Heap after GC invocations=2290 (full 5):
 PSYoungGen      total 2560K, used 544K [0x00000000d5580000, 0x00000000d5900000, 0x0000000100000000)
  eden space 1024K, 0% used [0x00000000d5580000,0x00000000d5580000,0x00000000d5680000)
  from space 1536K, 35% used [0x00000000d5680000,0x00000000d5708000,0x00000000d5800000)
  to   space 1024K, 0% used [0x00000000d5800000,0x00000000d5800000,0x00000000d5900000)
 ParOldGen       total 1080832K, used 528805K [0x0000000080000000, 0x00000000c1f80000, 0x00000000d5580000)
  object space 1080832K, 48% used [0x0000000080000000,0x00000000a0469448,0x00000000c1f80000)
 Metaspace       used 96940K, committed 98752K, reserved 1179648K
  class space    used 10040K, committed 10880K, reserved 1048576K
}
Event: 10904.719 GC heap before
{Heap before GC invocations=2291 (full 5):
 PSYoungGen      total 2560K, used 1561K [0x00000000d5580000, 0x00000000d5900000, 0x0000000100000000)
  eden space 1024K, 99% used [0x00000000d5580000,0x00000000d567e690,0x00000000d5680000)
  from space 1536K, 35% used [0x00000000d5680000,0x00000000d5708000,0x00000000d5800000)
  to   space 1024K, 0% used [0x00000000d5800000,0x00000000d5800000,0x00000000d5900000)
 ParOldGen       total 1080832K, used 528805K [0x0000000080000000, 0x00000000c1f80000, 0x00000000d5580000)
  object space 1080832K, 48% used [0x0000000080000000,0x00000000a0469448,0x00000000c1f80000)
 Metaspace       used 96940K, committed 98752K, reserved 1179648K
  class space    used 10040K, committed 10880K, reserved 1048576K
}
Event: 10904.720 GC heap after
{Heap after GC invocations=2291 (full 5):
 PSYoungGen      total 2048K, used 384K [0x00000000d5580000, 0x00000000d5880000, 0x0000000100000000)
  eden space 1536K, 0% used [0x00000000d5580000,0x00000000d5580000,0x00000000d5700000)
  from space 512K, 75% used [0x00000000d5800000,0x00000000d5860010,0x00000000d5880000)
  to   space 512K, 0% used [0x00000000d5780000,0x00000000d5780000,0x00000000d5800000)
 ParOldGen       total 1080832K, used 529189K [0x0000000080000000, 0x00000000c1f80000, 0x00000000d5580000)
  object space 1080832K, 48% used [0x0000000080000000,0x00000000a04c9448,0x00000000c1f80000)
 Metaspace       used 96940K, committed 98752K, reserved 1179648K
  class space    used 10040K, committed 10880K, reserved 1048576K
}
Event: 10904.722 GC heap before
{Heap before GC invocations=2292 (full 5):
 PSYoungGen      total 2048K, used 1920K [0x00000000d5580000, 0x00000000d5880000, 0x0000000100000000)
  eden space 1536K, 100% used [0x00000000d5580000,0x00000000d5700000,0x00000000d5700000)
  from space 512K, 75% used [0x00000000d5800000,0x00000000d5860010,0x00000000d5880000)
  to   space 512K, 0% used [0x00000000d5780000,0x00000000d5780000,0x00000000d5800000)
 ParOldGen       total 1080832K, used 529189K [0x0000000080000000, 0x00000000c1f80000, 0x00000000d5580000)
  object space 1080832K, 48% used [0x0000000080000000,0x00000000a04c9448,0x00000000c1f80000)
 Metaspace       used 96940K, committed 98752K, reserved 1179648K
  class space    used 10040K, committed 10880K, reserved 1048576K
}
Event: 10904.723 GC heap after
{Heap after GC invocations=2292 (full 5):
 PSYoungGen      total 2560K, used 352K [0x00000000d5580000, 0x00000000d5880000, 0x0000000100000000)
  eden space 2048K, 0% used [0x00000000d5580000,0x00000000d5580000,0x00000000d5780000)
  from space 512K, 68% used [0x00000000d5780000,0x00000000d57d8000,0x00000000d5800000)
  to   space 512K, 0% used [0x00000000d5800000,0x00000000d5800000,0x00000000d5880000)
 ParOldGen       total 1080832K, used 529253K [0x0000000080000000, 0x00000000c1f80000, 0x00000000d5580000)
  object space 1080832K, 48% used [0x0000000080000000,0x00000000a04d9448,0x00000000c1f80000)
 Metaspace       used 96940K, committed 98752K, reserved 1179648K
  class space    used 10040K, committed 10880K, reserved 1048576K
}
Event: 10904.731 GC heap before
{Heap before GC invocations=2293 (full 5):
 PSYoungGen      total 2560K, used 2400K [0x00000000d5580000, 0x00000000d5880000, 0x0000000100000000)
  eden space 2048K, 100% used [0x00000000d5580000,0x00000000d5780000,0x00000000d5780000)
  from space 512K, 68% used [0x00000000d5780000,0x00000000d57d8000,0x00000000d5800000)
  to   space 512K, 0% used [0x00000000d5800000,0x00000000d5800000,0x00000000d5880000)
 ParOldGen       total 1080832K, used 529253K [0x0000000080000000, 0x00000000c1f80000, 0x00000000d5580000)
  object space 1080832K, 48% used [0x0000000080000000,0x00000000a04d9448,0x00000000c1f80000)
 Metaspace       used 96940K, committed 98752K, reserved 1179648K
  class space    used 10040K, committed 10880K, reserved 1048576K
}
Event: 10904.732 GC heap after
{Heap after GC invocations=2293 (full 5):
 PSYoungGen      total 2048K, used 512K [0x00000000d5580000, 0x00000000d5a00000, 0x0000000100000000)
  eden space 1536K, 0% used [0x00000000d5580000,0x00000000d5580000,0x00000000d5700000)
  from space 512K, 100% used [0x00000000d5800000,0x00000000d5880000,0x00000000d5880000)
  to   space 1024K, 0% used [0x00000000d5700000,0x00000000d5700000,0x00000000d5800000)
 ParOldGen       total 1080832K, used 529425K [0x0000000080000000, 0x00000000c1f80000, 0x00000000d5580000)
  object space 1080832K, 48% used [0x0000000080000000,0x00000000a0504640,0x00000000c1f80000)
 Metaspace       used 96940K, committed 98752K, reserved 1179648K
  class space    used 10040K, committed 10880K, reserved 1048576K
}
Event: 10904.822 GC heap before
{Heap before GC invocations=2294 (full 5):
 PSYoungGen      total 2048K, used 2048K [0x00000000d5580000, 0x00000000d5a00000, 0x0000000100000000)
  eden space 1536K, 100% used [0x00000000d5580000,0x00000000d5700000,0x00000000d5700000)
  from space 512K, 100% used [0x00000000d5800000,0x00000000d5880000,0x00000000d5880000)
  to   space 1024K, 0% used [0x00000000d5700000,0x00000000d5700000,0x00000000d5800000)
 ParOldGen       total 1080832K, used 529425K [0x0000000080000000, 0x00000000c1f80000, 0x00000000d5580000)
  object space 1080832K, 48% used [0x0000000080000000,0x00000000a0504640,0x00000000c1f80000)
 Metaspace       used 96943K, committed 98816K, reserved 1179648K
  class space    used 10040K, committed 10880K, reserved 1048576K
}
Event: 10904.824 GC heap after
{Heap after GC invocations=2294 (full 5):
 PSYoungGen      total 2560K, used 288K [0x00000000d5580000, 0x00000000d5880000, 0x0000000100000000)
  eden space 1536K, 0% used [0x00000000d5580000,0x00000000d5580000,0x00000000d5700000)
  from space 1024K, 28% used [0x00000000d5700000,0x00000000d5748000,0x00000000d5800000)
  to   space 512K, 0% used [0x00000000d5800000,0x00000000d5800000,0x00000000d5880000)
 ParOldGen       total 1080832K, used 529871K [0x0000000080000000, 0x00000000c1f80000, 0x00000000d5580000)
  object space 1080832K, 49% used [0x0000000080000000,0x00000000a0573cc0,0x00000000c1f80000)
 Metaspace       used 96943K, committed 98816K, reserved 1179648K
  class space    used 10040K, committed 10880K, reserved 1048576K
}

