# JRE version: OpenJDK Runtime Environment Temurin-21.0.11+10 (21.0.11+10) (build 21.0.11+10-LTS)
# Java VM: OpenJDK 64-Bit Server VM Temurin-21.0.11+10 (21.0.11+10-LTS, mixed mode, sharing, tiered, compressed oops, compressed class ptrs, parallel gc, windows-amd64)
GC Precious Log:
 CardTable entry size: 512
 CPUs: 12 total, 12 available
 Memory: 15681M
 Large Page Support: Disabled
 NUMA Support: Disabled
 Compressed Oops: Enabled (32-bit)
 Alignments: Space 512K, Generation 512K, Heap 2M
 Heap Min Capacity: 100M
 Heap Initial Capacity: 100M
 Heap Max Capacity: 2G
 Pre-touch: Disabled
 Parallel Workers: 10
Heap:
 PSYoungGen      total 25088K, used 2208K [0x00000000d5580000, 0x00000000d7480000, 0x0000000100000000)
  eden space 22016K, 0% used [0x00000000d5580000,0x00000000d5580000,0x00000000d6b00000)
  from space 3072K, 71% used [0x00000000d7180000,0x00000000d73a8000,0x00000000d7480000)
  to   space 3584K, 0% used [0x00000000d6d80000,0x00000000d6d80000,0x00000000d7100000)
 ParOldGen       total 68608K, used 45963K [0x0000000080000000, 0x0000000084300000, 0x00000000d5580000)
  object space 68608K, 66% used [0x0000000080000000,0x0000000082ce2ee8,0x0000000084300000)
 Metaspace       used 49633K, committed 51072K, reserved 1114112K
  class space    used 5427K, committed 6016K, reserved 1048576K
GC Heap History (20 events):
Event: 9.330 GC heap after
{Heap after GC invocations=18 (full 2):
 PSYoungGen      total 24064K, used 2048K [0x00000000d5580000, 0x00000000d7200000, 0x0000000100000000)
  eden space 22016K, 0% used [0x00000000d5580000,0x00000000d5580000,0x00000000d6b00000)
  from space 2048K, 100% used [0x00000000d6e80000,0x00000000d7080000,0x00000000d7080000)
  to   space 3584K, 0% used [0x00000000d6b00000,0x00000000d6b00000,0x00000000d6e80000)
 ParOldGen       total 68608K, used 22990K [0x0000000080000000, 0x0000000084300000, 0x00000000d5580000)
  object space 68608K, 33% used [0x0000000080000000,0x0000000081673b20,0x0000000084300000)
 Metaspace       used 39544K, committed 40896K, reserved 1114112K
  class space    used 4213K, committed 4800K, reserved 1048576K
}
Event: 9.692 GC heap before
{Heap before GC invocations=19 (full 2):
 PSYoungGen      total 24064K, used 24064K [0x00000000d5580000, 0x00000000d7200000, 0x0000000100000000)
  eden space 22016K, 100% used [0x00000000d5580000,0x00000000d6b00000,0x00000000d6b00000)
  from space 2048K, 100% used [0x00000000d6e80000,0x00000000d7080000,0x00000000d7080000)
  to   space 3584K, 0% used [0x00000000d6b00000,0x00000000d6b00000,0x00000000d6e80000)
 ParOldGen       total 68608K, used 22990K [0x0000000080000000, 0x0000000084300000, 0x00000000d5580000)
  object space 68608K, 33% used [0x0000000080000000,0x0000000081673b20,0x0000000084300000)
 Metaspace       used 40688K, committed 41984K, reserved 1114112K
  class space    used 4364K, committed 4928K, reserved 1048576K
}
Event: 9.698 GC heap after
{Heap after GC invocations=19 (full 2):
 PSYoungGen      total 25600K, used 3562K [0x00000000d5580000, 0x00000000d8200000, 0x0000000100000000)
  eden space 22016K, 0% used [0x00000000d5580000,0x00000000d5580000,0x00000000d6b00000)
  from space 3584K, 99% used [0x00000000d6b00000,0x00000000d6e7a9e0,0x00000000d6e80000)
  to   space 11776K, 0% used [0x00000000d7680000,0x00000000d7680000,0x00000000d8200000)
 ParOldGen       total 68608K, used 29652K [0x0000000080000000, 0x0000000084300000, 0x00000000d5580000)
  object space 68608K, 43% used [0x0000000080000000,0x0000000081cf50b0,0x0000000084300000)
 Metaspace       used 40688K, committed 41984K, reserved 1114112K
  class space    used 4364K, committed 4928K, reserved 1048576K
}
Event: 10.145 GC heap before
{Heap before GC invocations=20 (full 2):
 PSYoungGen      total 25600K, used 25578K [0x00000000d5580000, 0x00000000d8200000, 0x0000000100000000)
  eden space 22016K, 100% used [0x00000000d5580000,0x00000000d6b00000,0x00000000d6b00000)
  from space 3584K, 99% used [0x00000000d6b00000,0x00000000d6e7a9e0,0x00000000d6e80000)
  to   space 11776K, 0% used [0x00000000d7680000,0x00000000d7680000,0x00000000d8200000)
 ParOldGen       total 68608K, used 29652K [0x0000000080000000, 0x0000000084300000, 0x00000000d5580000)
  object space 68608K, 43% used [0x0000000080000000,0x0000000081cf50b0,0x0000000084300000)
 Metaspace       used 42910K, committed 44224K, reserved 1114112K
  class space    used 4647K, committed 5248K, reserved 1048576K
}
Event: 10.149 GC heap after
{Heap after GC invocations=20 (full 2):
 PSYoungGen      total 25600K, used 3392K [0x00000000d5580000, 0x00000000d7a00000, 0x0000000100000000)
  eden space 22016K, 0% used [0x00000000d5580000,0x00000000d5580000,0x00000000d6b00000)
  from space 3584K, 94% used [0x00000000d7680000,0x00000000d79d0000,0x00000000d7a00000)
  to   space 6144K, 0% used [0x00000000d6e00000,0x00000000d6e00000,0x00000000d7400000)
 ParOldGen       total 68608K, used 33186K [0x0000000080000000, 0x0000000084300000, 0x00000000d5580000)
  object space 68608K, 48% used [0x0000000080000000,0x0000000082068a70,0x0000000084300000)
 Metaspace       used 42910K, committed 44224K, reserved 1114112K
  class space    used 4647K, committed 5248K, reserved 1048576K
}
Event: 10.738 GC heap before
{Heap before GC invocations=21 (full 2):
 PSYoungGen      total 25600K, used 25408K [0x00000000d5580000, 0x00000000d7a00000, 0x0000000100000000)
  eden space 22016K, 100% used [0x00000000d5580000,0x00000000d6b00000,0x00000000d6b00000)
  from space 3584K, 94% used [0x00000000d7680000,0x00000000d79d0000,0x00000000d7a00000)
  to   space 6144K, 0% used [0x00000000d6e00000,0x00000000d6e00000,0x00000000d7400000)
 ParOldGen       total 68608K, used 33186K [0x0000000080000000, 0x0000000084300000, 0x00000000d5580000)
  object space 68608K, 48% used [0x0000000080000000,0x0000000082068a90,0x0000000084300000)
 Metaspace       used 45202K, committed 46528K, reserved 1114112K
  class space    used 4966K, committed 5568K, reserved 1048576K
}
Event: 10.743 GC heap after
{Heap after GC invocations=21 (full 2):
 PSYoungGen      total 28160K, used 1376K [0x00000000d5580000, 0x00000000d7700000, 0x0000000100000000)
  eden space 22016K, 0% used [0x00000000d5580000,0x00000000d5580000,0x00000000d6b00000)
  from space 6144K, 22% used [0x00000000d6e00000,0x00000000d6f58000,0x00000000d7400000)
  to   space 2560K, 0% used [0x00000000d7480000,0x00000000d7480000,0x00000000d7700000)
 ParOldGen       total 68608K, used 36433K [0x0000000080000000, 0x0000000084300000, 0x00000000d5580000)
  object space 68608K, 53% used [0x0000000080000000,0x0000000082394790,0x0000000084300000)
 Metaspace       used 45202K, committed 46528K, reserved 1114112K
  class space    used 4966K, committed 5568K, reserved 1048576K
}
Event: 11.378 GC heap before
{Heap before GC invocations=22 (full 2):
 PSYoungGen      total 28160K, used 23392K [0x00000000d5580000, 0x00000000d7700000, 0x0000000100000000)
  eden space 22016K, 100% used [0x00000000d5580000,0x00000000d6b00000,0x00000000d6b00000)
  from space 6144K, 22% used [0x00000000d6e00000,0x00000000d6f58000,0x00000000d7400000)
  to   space 2560K, 0% used [0x00000000d7480000,0x00000000d7480000,0x00000000d7700000)
 ParOldGen       total 68608K, used 36436K [0x0000000080000000, 0x0000000084300000, 0x00000000d5580000)
  object space 68608K, 53% used [0x0000000080000000,0x0000000082395208,0x0000000084300000)
 Metaspace       used 47206K, committed 48576K, reserved 1114112K
  class space    used 5173K, committed 5760K, reserved 1048576K
}
Event: 11.381 GC heap after
{Heap after GC invocations=22 (full 2):
 PSYoungGen      total 23552K, used 1211K [0x00000000d5580000, 0x00000000d7600000, 0x0000000100000000)
  eden space 22016K, 0% used [0x00000000d5580000,0x00000000d5580000,0x00000000d6b00000)
  from space 1536K, 78% used [0x00000000d7480000,0x00000000d75aeea8,0x00000000d7600000)
  to   space 1536K, 0% used [0x00000000d7300000,0x00000000d7300000,0x00000000d7480000)
 ParOldGen       total 68608K, used 37600K [0x0000000080000000, 0x0000000084300000, 0x00000000d5580000)
  object space 68608K, 54% used [0x0000000080000000,0x00000000824b8238,0x0000000084300000)
 Metaspace       used 47206K, committed 48576K, reserved 1114112K
  class space    used 5173K, committed 5760K, reserved 1048576K
}
Event: 12.681 GC heap before
{Heap before GC invocations=23 (full 2):
 PSYoungGen      total 23552K, used 23227K [0x00000000d5580000, 0x00000000d7600000, 0x0000000100000000)
  eden space 22016K, 100% used [0x00000000d5580000,0x00000000d6b00000,0x00000000d6b00000)
  from space 1536K, 78% used [0x00000000d7480000,0x00000000d75aeea8,0x00000000d7600000)
  to   space 1536K, 0% used [0x00000000d7300000,0x00000000d7300000,0x00000000d7480000)
 ParOldGen       total 68608K, used 37600K [0x0000000080000000, 0x0000000084300000, 0x00000000d5580000)
  object space 68608K, 54% used [0x0000000080000000,0x00000000824b8238,0x0000000084300000)
 Metaspace       used 47290K, committed 48640K, reserved 1114112K
  class space    used 5182K, committed 5760K, reserved 1048576K
}
Event: 12.683 GC heap after
{Heap after GC invocations=23 (full 2):
 PSYoungGen      total 22528K, used 256K [0x00000000d5580000, 0x00000000d7500000, 0x0000000100000000)
  eden space 22016K, 0% used [0x00000000d5580000,0x00000000d5580000,0x00000000d6b00000)
  from space 512K, 50% used [0x00000000d7300000,0x00000000d7340000,0x00000000d7380000)
  to   space 1024K, 0% used [0x00000000d7400000,0x00000000d7400000,0x00000000d7500000)
 ParOldGen       total 68608K, used 38686K [0x0000000080000000, 0x0000000084300000, 0x00000000d5580000)
  object space 68608K, 56% used [0x0000000080000000,0x00000000825c7b50,0x0000000084300000)
 Metaspace       used 47290K, committed 48640K, reserved 1114112K
  class space    used 5182K, committed 5760K, reserved 1048576K
}
Event: 13.143 GC heap before
{Heap before GC invocations=24 (full 2):
 PSYoungGen      total 22528K, used 22272K [0x00000000d5580000, 0x00000000d7500000, 0x0000000100000000)
  eden space 22016K, 100% used [0x00000000d5580000,0x00000000d6b00000,0x00000000d6b00000)
  from space 512K, 50% used [0x00000000d7300000,0x00000000d7340000,0x00000000d7380000)
  to   space 1024K, 0% used [0x00000000d7400000,0x00000000d7400000,0x00000000d7500000)
 ParOldGen       total 68608K, used 38686K [0x0000000080000000, 0x0000000084300000, 0x00000000d5580000)
  object space 68608K, 56% used [0x0000000080000000,0x00000000825c7b50,0x0000000084300000)
 Metaspace       used 47620K, committed 48960K, reserved 1114112K
  class space    used 5210K, committed 5760K, reserved 1048576K
}
Event: 13.145 GC heap after
{Heap after GC invocations=24 (full 2):
 PSYoungGen      total 23040K, used 832K [0x00000000d5580000, 0x00000000d7500000, 0x0000000100000000)
  eden space 22016K, 0% used [0x00000000d5580000,0x00000000d5580000,0x00000000d6b00000)
  from space 1024K, 81% used [0x00000000d7400000,0x00000000d74d0000,0x00000000d7500000)
  to   space 1024K, 0% used [0x00000000d7300000,0x00000000d7300000,0x00000000d7400000)
 ParOldGen       total 68608K, used 38774K [0x0000000080000000, 0x0000000084300000, 0x00000000d5580000)
  object space 68608K, 56% used [0x0000000080000000,0x00000000825ddb50,0x0000000084300000)
 Metaspace       used 47620K, committed 48960K, reserved 1114112K
  class space    used 5210K, committed 5760K, reserved 1048576K
}
Event: 13.575 GC heap before
{Heap before GC invocations=25 (full 2):
 PSYoungGen      total 23040K, used 22848K [0x00000000d5580000, 0x00000000d7500000, 0x0000000100000000)
  eden space 22016K, 100% used [0x00000000d5580000,0x00000000d6b00000,0x00000000d6b00000)
  from space 1024K, 81% used [0x00000000d7400000,0x00000000d74d0000,0x00000000d7500000)
  to   space 1024K, 0% used [0x00000000d7300000,0x00000000d7300000,0x00000000d7400000)
 ParOldGen       total 68608K, used 38774K [0x0000000080000000, 0x0000000084300000, 0x00000000d5580000)
  object space 68608K, 56% used [0x0000000080000000,0x00000000825ddb50,0x0000000084300000)
 Metaspace       used 49222K, committed 50688K, reserved 1114112K
  class space    used 5366K, committed 6016K, reserved 1048576K
}
Event: 13.579 GC heap after
{Heap after GC invocations=25 (full 2):
 PSYoungGen      total 23040K, used 1017K [0x00000000d5580000, 0x00000000d7480000, 0x0000000100000000)
  eden space 22016K, 0% used [0x00000000d5580000,0x00000000d5580000,0x00000000d6b00000)
  from space 1024K, 99% used [0x00000000d7300000,0x00000000d73fe7d8,0x00000000d7400000)
  to   space 512K, 0% used [0x00000000d7400000,0x00000000d7400000,0x00000000d7480000)
 ParOldGen       total 68608K, used 40663K [0x0000000080000000, 0x0000000084300000, 0x00000000d5580000)
  object space 68608K, 59% used [0x0000000080000000,0x00000000827b5d78,0x0000000084300000)
 Metaspace       used 49222K, committed 50688K, reserved 1114112K
  class space    used 5366K, committed 6016K, reserved 1048576K
}
Event: 13.859 GC heap before
{Heap before GC invocations=26 (full 2):
 PSYoungGen      total 23040K, used 23033K [0x00000000d5580000, 0x00000000d7480000, 0x0000000100000000)
  eden space 22016K, 100% used [0x00000000d5580000,0x00000000d6b00000,0x00000000d6b00000)
  from space 1024K, 99% used [0x00000000d7300000,0x00000000d73fe7d8,0x00000000d7400000)
  to   space 512K, 0% used [0x00000000d7400000,0x00000000d7400000,0x00000000d7480000)
 ParOldGen       total 68608K, used 40663K [0x0000000080000000, 0x0000000084300000, 0x00000000d5580000)
  object space 68608K, 59% used [0x0000000080000000,0x00000000827b5d78,0x0000000084300000)
 Metaspace       used 49228K, committed 50752K, reserved 1114112K
  class space    used 5366K, committed 6016K, reserved 1048576K
}
Event: 13.862 GC heap after
{Heap after GC invocations=26 (full 2):
 PSYoungGen      total 22528K, used 510K [0x00000000d5580000, 0x00000000d7480000, 0x0000000100000000)
  eden space 22016K, 0% used [0x00000000d5580000,0x00000000d5580000,0x00000000d6b00000)
  from space 512K, 99% used [0x00000000d7400000,0x00000000d747fad8,0x00000000d7480000)
  to   space 3584K, 0% used [0x00000000d6d80000,0x00000000d6d80000,0x00000000d7100000)
 ParOldGen       total 68608K, used 43120K [0x0000000080000000, 0x0000000084300000, 0x00000000d5580000)
  object space 68608K, 62% used [0x0000000080000000,0x0000000082a1c140,0x0000000084300000)
 Metaspace       used 49228K, committed 50752K, reserved 1114112K
  class space    used 5366K, committed 6016K, reserved 1048576K
}
Event: 14.948 GC heap before
{Heap before GC invocations=27 (full 2):
 PSYoungGen      total 22528K, used 22526K [0x00000000d5580000, 0x00000000d7480000, 0x0000000100000000)
  eden space 22016K, 100% used [0x00000000d5580000,0x00000000d6b00000,0x00000000d6b00000)
  from space 512K, 99% used [0x00000000d7400000,0x00000000d747fad8,0x00000000d7480000)
  to   space 3584K, 0% used [0x00000000d6d80000,0x00000000d6d80000,0x00000000d7100000)
 ParOldGen       total 68608K, used 43120K [0x0000000080000000, 0x0000000084300000, 0x00000000d5580000)
  object space 68608K, 62% used [0x0000000080000000,0x0000000082a1c140,0x0000000084300000)
 Metaspace       used 49605K, committed 51008K, reserved 1114112K
  class space    used 5427K, committed 6016K, reserved 1048576K
}
Event: 14.951 GC heap after
{Heap after GC invocations=27 (full 2):
 PSYoungGen      total 25600K, used 2516K [0x00000000d5580000, 0x00000000d7480000, 0x0000000100000000)
  eden space 22016K, 0% used [0x00000000d5580000,0x00000000d5580000,0x00000000d6b00000)
  from space 3584K, 70% used [0x00000000d6d80000,0x00000000d6ff51f8,0x00000000d7100000)
  to   space 3072K, 0% used [0x00000000d7180000,0x00000000d7180000,0x00000000d7480000)
 ParOldGen       total 68608K, used 43619K [0x0000000080000000, 0x0000000084300000, 0x00000000d5580000)
  object space 68608K, 63% used [0x0000000080000000,0x0000000082a98c18,0x0000000084300000)
 Metaspace       used 49605K, committed 51008K, reserved 1114112K
  class space    used 5427K, committed 6016K, reserved 1048576K
}
Event: 15.012 GC heap before
{Heap before GC invocations=28 (full 2):
 PSYoungGen      total 25600K, used 24532K [0x00000000d5580000, 0x00000000d7480000, 0x0000000100000000)
  eden space 22016K, 99% used [0x00000000d5580000,0x00000000d6afffa0,0x00000000d6b00000)
  from space 3584K, 70% used [0x00000000d6d80000,0x00000000d6ff51f8,0x00000000d7100000)
  to   space 3072K, 0% used [0x00000000d7180000,0x00000000d7180000,0x00000000d7480000)
 ParOldGen       total 68608K, used 43619K [0x0000000080000000, 0x0000000084300000, 0x00000000d5580000)
  object space 68608K, 63% used [0x0000000080000000,0x0000000082a98c18,0x0000000084300000)
 Metaspace       used 49633K, committed 51072K, reserved 1114112K
  class space    used 5427K, committed 6016K, reserved 1048576K
}

