# JRE version: OpenJDK Runtime Environment Temurin-21.0.11+10 (21.0.11+10) (build 21.0.11+10-LTS)
# Java VM: OpenJDK 64-Bit Server VM Temurin-21.0.11+10 (21.0.11+10-LTS, mixed mode, sharing, tiered, compressed oops, compressed class ptrs, parallel gc, windows-amd64)
GC Precious Log:
 CardTable entry size: 512
 CPUs: 12 total, 12 available
 Memory: 15681M
 Large Page Support: Disabled
 NUMA Support: Disabled
 Compressed Oops: Enabled (32-bit)
 Alignments: Space 512K, Generation 512K, Heap 2M
 Heap Min Capacity: 100M
 Heap Initial Capacity: 100M
 Heap Max Capacity: 2G
 Pre-touch: Disabled
 Parallel Workers: 10
Heap:
 PSYoungGen      total 3584K, used 3126K [0x00000000d5580000, 0x00000000d5b00000, 0x0000000100000000)
  eden space 3072K, 85% used [0x00000000d5580000,0x00000000d580f200,0x00000000d5880000)
  from space 512K, 98% used [0x00000000d5a80000,0x00000000d5afe900,0x00000000d5b00000)
  to   space 1024K, 0% used [0x00000000d5900000,0x00000000d5900000,0x00000000d5a00000)
 ParOldGen       total 409600K, used 409144K [0x0000000080000000, 0x0000000099000000, 0x00000000d5580000)
  object space 409600K, 99% used [0x0000000080000000,0x0000000098f8e270,0x0000000099000000)
 Metaspace       used 93196K, committed 94848K, reserved 1179648K
  class space    used 9571K, committed 10304K, reserved 1048576K
GC Heap History (20 events):
Event: 9316.754 GC heap before
{Heap before GC invocations=2505 (full 7):
 PSYoungGen      total 2560K, used 2432K [0x00000000d5580000, 0x00000000d5a00000, 0x0000000100000000)
  eden space 2048K, 100% used [0x00000000d5580000,0x00000000d5780000,0x00000000d5780000)
  from space 512K, 75% used [0x00000000d5980000,0x00000000d59e0000,0x00000000d5a00000)
  to   space 1024K, 0% used [0x00000000d5800000,0x00000000d5800000,0x00000000d5900000)
 ParOldGen       total 397824K, used 397564K [0x0000000080000000, 0x0000000098480000, 0x00000000d5580000)
  object space 397824K, 99% used [0x0000000080000000,0x000000009843f2e0,0x0000000098480000)
 Metaspace       used 93192K, committed 94848K, reserved 1179648K
  class space    used 9571K, committed 10304K, reserved 1048576K
}
Event: 9316.756 GC heap after
{Heap after GC invocations=2505 (full 7):
 PSYoungGen      total 3584K, used 1023K [0x00000000d5580000, 0x00000000d5d00000, 0x0000000100000000)
  eden space 2560K, 0% used [0x00000000d5580000,0x00000000d5580000,0x00000000d5800000)
  from space 1024K, 99% used [0x00000000d5800000,0x00000000d58ffd80,0x00000000d5900000)
  to   space 2560K, 0% used [0x00000000d5a80000,0x00000000d5a80000,0x00000000d5d00000)
 ParOldGen       total 398848K, used 398732K [0x0000000080000000, 0x0000000098580000, 0x00000000d5580000)
  object space 398848K, 99% used [0x0000000080000000,0x00000000985632e0,0x0000000098580000)
 Metaspace       used 93192K, committed 94848K, reserved 1179648K
  class space    used 9571K, committed 10304K, reserved 1048576K
}
Event: 9316.761 GC heap before
{Heap before GC invocations=2506 (full 7):
 PSYoungGen      total 3584K, used 3583K [0x00000000d5580000, 0x00000000d5d00000, 0x0000000100000000)
  eden space 2560K, 100% used [0x00000000d5580000,0x00000000d5800000,0x00000000d5800000)
  from space 1024K, 99% used [0x00000000d5800000,0x00000000d58ffd80,0x00000000d5900000)
  to   space 2560K, 0% used [0x00000000d5a80000,0x00000000d5a80000,0x00000000d5d00000)
 ParOldGen       total 398848K, used 398732K [0x0000000080000000, 0x0000000098580000, 0x00000000d5580000)
  object space 398848K, 99% used [0x0000000080000000,0x00000000985632e0,0x0000000098580000)
 Metaspace       used 93192K, committed 94848K, reserved 1179648K
  class space    used 9571K, committed 10304K, reserved 1048576K
}
Event: 9316.764 GC heap after
{Heap after GC invocations=2506 (full 7):
 PSYoungGen      total 4608K, used 2464K [0x00000000d5580000, 0x00000000d5e80000, 0x0000000100000000)
  eden space 2048K, 0% used [0x00000000d5580000,0x00000000d5580000,0x00000000d5780000)
  from space 2560K, 96% used [0x00000000d5a80000,0x00000000d5ce8000,0x00000000d5d00000)
  to   space 3072K, 0% used [0x00000000d5780000,0x00000000d5780000,0x00000000d5a80000)
 ParOldGen       total 399872K, used 399796K [0x0000000080000000, 0x0000000098680000, 0x00000000d5580000)
  object space 399872K, 99% used [0x0000000080000000,0x000000009866d060,0x0000000098680000)
 Metaspace       used 93192K, committed 94848K, reserved 1179648K
  class space    used 9571K, committed 10304K, reserved 1048576K
}
Event: 9316.770 GC heap before
{Heap before GC invocations=2507 (full 7):
 PSYoungGen      total 4608K, used 4512K [0x00000000d5580000, 0x00000000d5e80000, 0x0000000100000000)
  eden space 2048K, 100% used [0x00000000d5580000,0x00000000d5780000,0x00000000d5780000)
  from space 2560K, 96% used [0x00000000d5a80000,0x00000000d5ce8000,0x00000000d5d00000)
  to   space 3072K, 0% used [0x00000000d5780000,0x00000000d5780000,0x00000000d5a80000)
 ParOldGen       total 399872K, used 399796K [0x0000000080000000, 0x0000000098680000, 0x00000000d5580000)
  object space 399872K, 99% used [0x0000000080000000,0x000000009866d060,0x0000000098680000)
 Metaspace       used 93192K, committed 94848K, reserved 1179648K
  class space    used 9571K, committed 10304K, reserved 1048576K
}
Event: 9316.773 GC heap after
{Heap after GC invocations=2507 (full 7):
 PSYoungGen      total 5120K, used 1984K [0x00000000d5580000, 0x00000000d5d00000, 0x0000000100000000)
  eden space 2048K, 0% used [0x00000000d5580000,0x00000000d5580000,0x00000000d5780000)
  from space 3072K, 64% used [0x00000000d5780000,0x00000000d5970000,0x00000000d5a80000)
  to   space 2560K, 0% used [0x00000000d5a80000,0x00000000d5a80000,0x00000000d5d00000)
 ParOldGen       total 402432K, used 402172K [0x0000000080000000, 0x0000000098900000, 0x00000000d5580000)
  object space 402432K, 99% used [0x0000000080000000,0x00000000988bf060,0x0000000098900000)
 Metaspace       used 93192K, committed 94848K, reserved 1179648K
  class space    used 9571K, committed 10304K, reserved 1048576K
}
Event: 9316.779 GC heap before
{Heap before GC invocations=2508 (full 7):
 PSYoungGen      total 5120K, used 4032K [0x00000000d5580000, 0x00000000d5d00000, 0x0000000100000000)
  eden space 2048K, 100% used [0x00000000d5580000,0x00000000d5780000,0x00000000d5780000)
  from space 3072K, 64% used [0x00000000d5780000,0x00000000d5970000,0x00000000d5a80000)
  to   space 2560K, 0% used [0x00000000d5a80000,0x00000000d5a80000,0x00000000d5d00000)
 ParOldGen       total 402432K, used 402172K [0x0000000080000000, 0x0000000098900000, 0x00000000d5580000)
  object space 402432K, 99% used [0x0000000080000000,0x00000000988bf060,0x0000000098900000)
 Metaspace       used 93192K, committed 94848K, reserved 1179648K
  class space    used 9571K, committed 10304K, reserved 1048576K
}
Event: 9316.782 GC heap after
{Heap after GC invocations=2508 (full 7):
 PSYoungGen      total 5120K, used 2048K [0x00000000d5580000, 0x00000000d5d00000, 0x0000000100000000)
  eden space 2560K, 0% used [0x00000000d5580000,0x00000000d5580000,0x00000000d5800000)
  from space 2560K, 80% used [0x00000000d5a80000,0x00000000d5c80000,0x00000000d5d00000)
  to   space 2560K, 0% used [0x00000000d5800000,0x00000000d5800000,0x00000000d5a80000)
 ParOldGen       total 404480K, used 404028K [0x0000000080000000, 0x0000000098b00000, 0x00000000d5580000)
  object space 404480K, 99% used [0x0000000080000000,0x0000000098a8f060,0x0000000098b00000)
 Metaspace       used 93192K, committed 94848K, reserved 1179648K
  class space    used 9571K, committed 10304K, reserved 1048576K
}
Event: 9316.796 GC heap before
{Heap before GC invocations=2509 (full 7):
 PSYoungGen      total 5120K, used 4608K [0x00000000d5580000, 0x00000000d5d00000, 0x0000000100000000)
  eden space 2560K, 100% used [0x00000000d5580000,0x00000000d5800000,0x00000000d5800000)
  from space 2560K, 80% used [0x00000000d5a80000,0x00000000d5c80000,0x00000000d5d00000)
  to   space 2560K, 0% used [0x00000000d5800000,0x00000000d5800000,0x00000000d5a80000)
 ParOldGen       total 404480K, used 404028K [0x0000000080000000, 0x0000000098b00000, 0x00000000d5580000)
  object space 404480K, 99% used [0x0000000080000000,0x0000000098a8f060,0x0000000098b00000)
 Metaspace       used 93192K, committed 94848K, reserved 1179648K
  class space    used 9571K, committed 10304K, reserved 1048576K
}
Event: 9316.800 GC heap after
{Heap after GC invocations=2509 (full 7):
 PSYoungGen      total 5120K, used 1696K [0x00000000d5580000, 0x00000000d5c80000, 0x0000000100000000)
  eden space 2560K, 0% used [0x00000000d5580000,0x00000000d5580000,0x00000000d5800000)
  from space 2560K, 66% used [0x00000000d5800000,0x00000000d59a8000,0x00000000d5a80000)
  to   space 2048K, 0% used [0x00000000d5a80000,0x00000000d5a80000,0x00000000d5c80000)
 ParOldGen       total 406016K, used 405948K [0x0000000080000000, 0x0000000098c80000, 0x00000000d5580000)
  object space 406016K, 99% used [0x0000000080000000,0x0000000098c6f060,0x0000000098c80000)
 Metaspace       used 93192K, committed 94848K, reserved 1179648K
  class space    used 9571K, committed 10304K, reserved 1048576K
}
Event: 9316.856 GC heap before
{Heap before GC invocations=2510 (full 7):
 PSYoungGen      total 5120K, used 4255K [0x00000000d5580000, 0x00000000d5c80000, 0x0000000100000000)
  eden space 2560K, 99% used [0x00000000d5580000,0x00000000d57fffb8,0x00000000d5800000)
  from space 2560K, 66% used [0x00000000d5800000,0x00000000d59a8000,0x00000000d5a80000)
  to   space 2048K, 0% used [0x00000000d5a80000,0x00000000d5a80000,0x00000000d5c80000)
 ParOldGen       total 406016K, used 405948K [0x0000000080000000, 0x0000000098c80000, 0x00000000d5580000)
  object space 406016K, 99% used [0x0000000080000000,0x0000000098c6f060,0x0000000098c80000)
 Metaspace       used 93193K, committed 94848K, reserved 1179648K
  class space    used 9571K, committed 10304K, reserved 1048576K
}
Event: 9316.860 GC heap after
{Heap after GC invocations=2510 (full 7):
 PSYoungGen      total 5120K, used 1818K [0x00000000d5580000, 0x00000000d5c80000, 0x0000000100000000)
  eden space 3072K, 0% used [0x00000000d5580000,0x00000000d5580000,0x00000000d5880000)
  from space 2048K, 88% used [0x00000000d5a80000,0x00000000d5c46900,0x00000000d5c80000)
  to   space 2048K, 0% used [0x00000000d5880000,0x00000000d5880000,0x00000000d5a80000)
 ParOldGen       total 407552K, used 407124K [0x0000000080000000, 0x0000000098e00000, 0x00000000d5580000)
  object space 407552K, 99% used [0x0000000080000000,0x0000000098d95060,0x0000000098e00000)
 Metaspace       used 93193K, committed 94848K, reserved 1179648K
  class space    used 9571K, committed 10304K, reserved 1048576K
}
Event: 9316.874 GC heap before
{Heap before GC invocations=2511 (full 7):
 PSYoungGen      total 5120K, used 4884K [0x00000000d5580000, 0x00000000d5c80000, 0x0000000100000000)
  eden space 3072K, 99% used [0x00000000d5580000,0x00000000d587e820,0x00000000d5880000)
  from space 2048K, 88% used [0x00000000d5a80000,0x00000000d5c46900,0x00000000d5c80000)
  to   space 2048K, 0% used [0x00000000d5880000,0x00000000d5880000,0x00000000d5a80000)
 ParOldGen       total 407552K, used 407124K [0x0000000080000000, 0x0000000098e00000, 0x00000000d5580000)
  object space 407552K, 99% used [0x0000000080000000,0x0000000098d95060,0x0000000098e00000)
 Metaspace       used 93193K, committed 94848K, reserved 1179648K
  class space    used 9571K, committed 10304K, reserved 1048576K
}
Event: 9316.876 GC heap after
{Heap after GC invocations=2511 (full 7):
 PSYoungGen      total 5120K, used 256K [0x00000000d5580000, 0x00000000d5b80000, 0x0000000100000000)
  eden space 3072K, 0% used [0x00000000d5580000,0x00000000d5580000,0x00000000d5880000)
  from space 2048K, 12% used [0x00000000d5880000,0x00000000d58c0000,0x00000000d5a80000)
  to   space 1024K, 0% used [0x00000000d5a80000,0x00000000d5a80000,0x00000000d5b80000)
 ParOldGen       total 409088K, used 408612K [0x0000000080000000, 0x0000000098f80000, 0x00000000d5580000)
  object space 409088K, 99% used [0x0000000080000000,0x0000000098f09060,0x0000000098f80000)
 Metaspace       used 93193K, committed 94848K, reserved 1179648K
  class space    used 9571K, committed 10304K, reserved 1048576K
}
Event: 9316.904 GC heap before
{Heap before GC invocations=2512 (full 7):
 PSYoungGen      total 5120K, used 3328K [0x00000000d5580000, 0x00000000d5b80000, 0x0000000100000000)
  eden space 3072K, 100% used [0x00000000d5580000,0x00000000d5880000,0x00000000d5880000)
  from space 2048K, 12% used [0x00000000d5880000,0x00000000d58c0000,0x00000000d5a80000)
  to   space 1024K, 0% used [0x00000000d5a80000,0x00000000d5a80000,0x00000000d5b80000)
 ParOldGen       total 409088K, used 408612K [0x0000000080000000, 0x0000000098f80000, 0x00000000d5580000)
  object space 409088K, 99% used [0x0000000080000000,0x0000000098f09060,0x0000000098f80000)
 Metaspace       used 93193K, committed 94848K, reserved 1179648K
  class space    used 9571K, committed 10304K, reserved 1048576K
}
Event: 9316.906 GC heap after
{Heap after GC invocations=2512 (full 7):
 PSYoungGen      total 3584K, used 452K [0x00000000d5580000, 0x00000000d5b00000, 0x0000000100000000)
  eden space 3072K, 0% used [0x00000000d5580000,0x00000000d5580000,0x00000000d5880000)
  from space 512K, 88% used [0x00000000d5a80000,0x00000000d5af1210,0x00000000d5b00000)
  to   space 512K, 0% used [0x00000000d5a00000,0x00000000d5a00000,0x00000000d5a80000)
 ParOldGen       total 409088K, used 408692K [0x0000000080000000, 0x0000000098f80000, 0x00000000d5580000)
  object space 409088K, 99% used [0x0000000080000000,0x0000000098f1d060,0x0000000098f80000)
 Metaspace       used 93193K, committed 94848K, reserved 1179648K
  class space    used 9571K, committed 10304K, reserved 1048576K
}
Event: 9317.274 GC heap before
{Heap before GC invocations=2513 (full 7):
 PSYoungGen      total 3584K, used 3524K [0x00000000d5580000, 0x00000000d5b00000, 0x0000000100000000)
  eden space 3072K, 100% used [0x00000000d5580000,0x00000000d5880000,0x00000000d5880000)
  from space 512K, 88% used [0x00000000d5a80000,0x00000000d5af1210,0x00000000d5b00000)
  to   space 512K, 0% used [0x00000000d5a00000,0x00000000d5a00000,0x00000000d5a80000)
 ParOldGen       total 409088K, used 408692K [0x0000000080000000, 0x0000000098f80000, 0x00000000d5580000)
  object space 409088K, 99% used [0x0000000080000000,0x0000000098f1d060,0x0000000098f80000)
 Metaspace       used 93193K, committed 94848K, reserved 1179648K
  class space    used 9571K, committed 10304K, reserved 1048576K
}
Event: 9317.276 GC heap after
{Heap after GC invocations=2513 (full 7):
 PSYoungGen      total 3584K, used 512K [0x00000000d5580000, 0x00000000d5b00000, 0x0000000100000000)
  eden space 3072K, 0% used [0x00000000d5580000,0x00000000d5580000,0x00000000d5880000)
  from space 512K, 100% used [0x00000000d5a00000,0x00000000d5a80000,0x00000000d5a80000)
  to   space 512K, 0% used [0x00000000d5a80000,0x00000000d5a80000,0x00000000d5b00000)
 ParOldGen       total 409088K, used 408740K [0x0000000080000000, 0x0000000098f80000, 0x00000000d5580000)
  object space 409088K, 99% used [0x0000000080000000,0x0000000098f29060,0x0000000098f80000)
 Metaspace       used 93193K, committed 94848K, reserved 1179648K
  class space    used 9571K, committed 10304K, reserved 1048576K
}
Event: 9317.434 GC heap before
{Heap before GC invocations=2514 (full 7):
 PSYoungGen      total 3584K, used 3584K [0x00000000d5580000, 0x00000000d5b00000, 0x0000000100000000)
  eden space 3072K, 100% used [0x00000000d5580000,0x00000000d5880000,0x00000000d5880000)
  from space 512K, 100% used [0x00000000d5a00000,0x00000000d5a80000,0x00000000d5a80000)
  to   space 512K, 0% used [0x00000000d5a80000,0x00000000d5a80000,0x00000000d5b00000)
 ParOldGen       total 409088K, used 408740K [0x0000000080000000, 0x0000000098f80000, 0x00000000d5580000)
  object space 409088K, 99% used [0x0000000080000000,0x0000000098f29060,0x0000000098f80000)
 Metaspace       used 93193K, committed 94848K, reserved 1179648K
  class space    used 9571K, committed 10304K, reserved 1048576K
}
Event: 9317.435 GC heap after
{Heap after GC invocations=2514 (full 7):
 PSYoungGen      total 3584K, used 506K [0x00000000d5580000, 0x00000000d5b00000, 0x0000000100000000)
  eden space 3072K, 0% used [0x00000000d5580000,0x00000000d5580000,0x00000000d5880000)
  from space 512K, 98% used [0x00000000d5a80000,0x00000000d5afe900,0x00000000d5b00000)
  to   space 1024K, 0% used [0x00000000d5900000,0x00000000d5900000,0x00000000d5a00000)
 ParOldGen       total 409600K, used 409144K [0x0000000080000000, 0x0000000099000000, 0x00000000d5580000)
  object space 409600K, 99% used [0x0000000080000000,0x0000000098f8e270,0x0000000099000000)
 Metaspace       used 93193K, committed 94848K, reserved 1179648K
  class space    used 9571K, committed 10304K, reserved 1048576K
}

