# JRE version: OpenJDK Runtime Environment Temurin-21.0.11+10 (21.0.11+10) (build 21.0.11+10-LTS)
# Java VM: OpenJDK 64-Bit Server VM Temurin-21.0.11+10 (21.0.11+10-LTS, mixed mode, sharing, tiered, compressed oops, compressed class ptrs, parallel gc, windows-amd64)
GC Precious Log:
 CardTable entry size: 512
 CPUs: 12 total, 12 available
 Memory: 15681M
 Large Page Support: Disabled
 NUMA Support: Disabled
 Compressed Oops: Enabled (32-bit)
 Alignments: Space 512K, Generation 512K, Heap 2M
 Heap Min Capacity: 100M
 Heap Initial Capacity: 100M
 Heap Max Capacity: 2G
 Pre-touch: Disabled
 Parallel Workers: 10
Heap:
 PSYoungGen      total 20480K, used 15867K [0x00000000d5580000, 0x00000000d6f00000, 0x0000000100000000)
  eden space 18432K, 77% used [0x00000000d5580000,0x00000000d6363980,0x00000000d6780000)
  from space 2048K, 80% used [0x00000000d6d00000,0x00000000d6e9b438,0x00000000d6f00000)
  to   space 3072K, 0% used [0x00000000d6900000,0x00000000d6900000,0x00000000d6c00000)
 ParOldGen       total 68608K, used 56975K [0x0000000080000000, 0x0000000084300000, 0x00000000d5580000)
  object space 68608K, 83% used [0x0000000080000000,0x00000000837a3e00,0x0000000084300000)
 Metaspace       used 55653K, committed 57024K, reserved 1114112K
  class space    used 6060K, committed 6656K, reserved 1048576K
GC Heap History (20 events):
Event: 8.091 GC heap before
{Heap before GC invocations=25 (full 2):
 PSYoungGen      total 19968K, used 19904K [0x00000000d5580000, 0x00000000d6e80000, 0x0000000100000000)
  eden space 18432K, 100% used [0x00000000d5580000,0x00000000d6780000,0x00000000d6780000)
  from space 1536K, 95% used [0x00000000d6d00000,0x00000000d6e70000,0x00000000d6e80000)
  to   space 1536K, 0% used [0x00000000d6b80000,0x00000000d6b80000,0x00000000d6d00000)
 ParOldGen       total 68608K, used 43112K [0x0000000080000000, 0x0000000084300000, 0x00000000d5580000)
  object space 68608K, 62% used [0x0000000080000000,0x0000000082a1a2e0,0x0000000084300000)
 Metaspace       used 42038K, committed 43264K, reserved 1114112K
  class space    used 4494K, committed 5056K, reserved 1048576K
}
Event: 8.094 GC heap after
{Heap after GC invocations=25 (full 2):
 PSYoungGen      total 19968K, used 1504K [0x00000000d5580000, 0x00000000d6e80000, 0x0000000100000000)
  eden space 18432K, 0% used [0x00000000d5580000,0x00000000d5580000,0x00000000d6780000)
  from space 1536K, 97% used [0x00000000d6b80000,0x00000000d6cf8010,0x00000000d6d00000)
  to   space 1536K, 0% used [0x00000000d6d00000,0x00000000d6d00000,0x00000000d6e80000)
 ParOldGen       total 68608K, used 44504K [0x0000000080000000, 0x0000000084300000, 0x00000000d5580000)
  object space 68608K, 64% used [0x0000000080000000,0x0000000082b762e0,0x0000000084300000)
 Metaspace       used 42038K, committed 43264K, reserved 1114112K
  class space    used 4494K, committed 5056K, reserved 1048576K
}
Event: 8.164 GC heap before
{Heap before GC invocations=26 (full 2):
 PSYoungGen      total 19968K, used 19936K [0x00000000d5580000, 0x00000000d6e80000, 0x0000000100000000)
  eden space 18432K, 100% used [0x00000000d5580000,0x00000000d6780000,0x00000000d6780000)
  from space 1536K, 97% used [0x00000000d6b80000,0x00000000d6cf8010,0x00000000d6d00000)
  to   space 1536K, 0% used [0x00000000d6d00000,0x00000000d6d00000,0x00000000d6e80000)
 ParOldGen       total 68608K, used 44504K [0x0000000080000000, 0x0000000084300000, 0x00000000d5580000)
  object space 68608K, 64% used [0x0000000080000000,0x0000000082b762e0,0x0000000084300000)
 Metaspace       used 42465K, committed 43776K, reserved 1114112K
  class space    used 4549K, committed 5120K, reserved 1048576K
}
Event: 8.166 GC heap after
{Heap after GC invocations=26 (full 2):
 PSYoungGen      total 19968K, used 1496K [0x00000000d5580000, 0x00000000d6e80000, 0x0000000100000000)
  eden space 18432K, 0% used [0x00000000d5580000,0x00000000d5580000,0x00000000d6780000)
  from space 1536K, 97% used [0x00000000d6d00000,0x00000000d6e76200,0x00000000d6e80000)
  to   space 2048K, 0% used [0x00000000d6a80000,0x00000000d6a80000,0x00000000d6c80000)
 ParOldGen       total 68608K, used 46016K [0x0000000080000000, 0x0000000084300000, 0x00000000d5580000)
  object space 68608K, 67% used [0x0000000080000000,0x0000000082cf02f0,0x0000000084300000)
 Metaspace       used 42465K, committed 43776K, reserved 1114112K
  class space    used 4549K, committed 5120K, reserved 1048576K
}
Event: 8.254 GC heap before
{Heap before GC invocations=27 (full 2):
 PSYoungGen      total 19968K, used 19928K [0x00000000d5580000, 0x00000000d6e80000, 0x0000000100000000)
  eden space 18432K, 100% used [0x00000000d5580000,0x00000000d6780000,0x00000000d6780000)
  from space 1536K, 97% used [0x00000000d6d00000,0x00000000d6e76200,0x00000000d6e80000)
  to   space 2048K, 0% used [0x00000000d6a80000,0x00000000d6a80000,0x00000000d6c80000)
 ParOldGen       total 68608K, used 46016K [0x0000000080000000, 0x0000000084300000, 0x00000000d5580000)
  object space 68608K, 67% used [0x0000000080000000,0x0000000082cf02f0,0x0000000084300000)
 Metaspace       used 43221K, committed 44544K, reserved 1114112K
  class space    used 4642K, committed 5248K, reserved 1048576K
}
Event: 8.257 GC heap after
{Heap after GC invocations=27 (full 2):
 PSYoungGen      total 20480K, used 1775K [0x00000000d5580000, 0x00000000d6d80000, 0x0000000100000000)
  eden space 18432K, 0% used [0x00000000d5580000,0x00000000d5580000,0x00000000d6780000)
  from space 2048K, 86% used [0x00000000d6a80000,0x00000000d6c3bc48,0x00000000d6c80000)
  to   space 1024K, 0% used [0x00000000d6c80000,0x00000000d6c80000,0x00000000d6d80000)
 ParOldGen       total 68608K, used 47361K [0x0000000080000000, 0x0000000084300000, 0x00000000d5580000)
  object space 68608K, 69% used [0x0000000080000000,0x0000000082e404f0,0x0000000084300000)
 Metaspace       used 43221K, committed 44544K, reserved 1114112K
  class space    used 4642K, committed 5248K, reserved 1048576K
}
Event: 8.571 GC heap before
{Heap before GC invocations=28 (full 2):
 PSYoungGen      total 20480K, used 20207K [0x00000000d5580000, 0x00000000d6d80000, 0x0000000100000000)
  eden space 18432K, 100% used [0x00000000d5580000,0x00000000d6780000,0x00000000d6780000)
  from space 2048K, 86% used [0x00000000d6a80000,0x00000000d6c3bc48,0x00000000d6c80000)
  to   space 1024K, 0% used [0x00000000d6c80000,0x00000000d6c80000,0x00000000d6d80000)
 ParOldGen       total 68608K, used 47361K [0x0000000080000000, 0x0000000084300000, 0x00000000d5580000)
  object space 68608K, 69% used [0x0000000080000000,0x0000000082e404f0,0x0000000084300000)
 Metaspace       used 45327K, committed 46592K, reserved 1114112K
  class space    used 4895K, committed 5440K, reserved 1048576K
}
Event: 8.573 GC heap after
{Heap after GC invocations=28 (full 2):
 PSYoungGen      total 19456K, used 1024K [0x00000000d5580000, 0x00000000d6d80000, 0x0000000100000000)
  eden space 18432K, 0% used [0x00000000d5580000,0x00000000d5580000,0x00000000d6780000)
  from space 1024K, 100% used [0x00000000d6c80000,0x00000000d6d80000,0x00000000d6d80000)
  to   space 1536K, 0% used [0x00000000d6a80000,0x00000000d6a80000,0x00000000d6c00000)
 ParOldGen       total 68608K, used 48630K [0x0000000080000000, 0x0000000084300000, 0x00000000d5580000)
  object space 68608K, 70% used [0x0000000080000000,0x0000000082f7d848,0x0000000084300000)
 Metaspace       used 45327K, committed 46592K, reserved 1114112K
  class space    used 4895K, committed 5440K, reserved 1048576K
}
Event: 8.949 GC heap before
{Heap before GC invocations=29 (full 2):
 PSYoungGen      total 19456K, used 19456K [0x00000000d5580000, 0x00000000d6d80000, 0x0000000100000000)
  eden space 18432K, 100% used [0x00000000d5580000,0x00000000d6780000,0x00000000d6780000)
  from space 1024K, 100% used [0x00000000d6c80000,0x00000000d6d80000,0x00000000d6d80000)
  to   space 1536K, 0% used [0x00000000d6a80000,0x00000000d6a80000,0x00000000d6c00000)
 ParOldGen       total 68608K, used 48630K [0x0000000080000000, 0x0000000084300000, 0x00000000d5580000)
  object space 68608K, 70% used [0x0000000080000000,0x0000000082f7d848,0x0000000084300000)
 Metaspace       used 47401K, committed 48704K, reserved 1114112K
  class space    used 5186K, committed 5760K, reserved 1048576K
}
Event: 8.951 GC heap after
{Heap after GC invocations=29 (full 2):
 PSYoungGen      total 19968K, used 1184K [0x00000000d5580000, 0x00000000d6d00000, 0x0000000100000000)
  eden space 18432K, 0% used [0x00000000d5580000,0x00000000d5580000,0x00000000d6780000)
  from space 1536K, 77% used [0x00000000d6a80000,0x00000000d6ba8000,0x00000000d6c00000)
  to   space 1024K, 0% used [0x00000000d6c00000,0x00000000d6c00000,0x00000000d6d00000)
 ParOldGen       total 68608K, used 49529K [0x0000000080000000, 0x0000000084300000, 0x00000000d5580000)
  object space 68608K, 72% used [0x0000000080000000,0x000000008305e7e0,0x0000000084300000)
 Metaspace       used 47401K, committed 48704K, reserved 1114112K
  class space    used 5186K, committed 5760K, reserved 1048576K
}
Event: 9.161 GC heap before
{Heap before GC invocations=30 (full 2):
 PSYoungGen      total 19968K, used 19616K [0x00000000d5580000, 0x00000000d6d00000, 0x0000000100000000)
  eden space 18432K, 100% used [0x00000000d5580000,0x00000000d6780000,0x00000000d6780000)
  from space 1536K, 77% used [0x00000000d6a80000,0x00000000d6ba8000,0x00000000d6c00000)
  to   space 1024K, 0% used [0x00000000d6c00000,0x00000000d6c00000,0x00000000d6d00000)
 ParOldGen       total 68608K, used 49529K [0x0000000080000000, 0x0000000084300000, 0x00000000d5580000)
  object space 68608K, 72% used [0x0000000080000000,0x000000008305e7e0,0x0000000084300000)
 Metaspace       used 49596K, committed 50944K, reserved 1114112K
  class space    used 5428K, committed 6016K, reserved 1048576K
}
Event: 9.163 GC heap after
{Heap after GC invocations=30 (full 2):
 PSYoungGen      total 19456K, used 1019K [0x00000000d5580000, 0x00000000d6d00000, 0x0000000100000000)
  eden space 18432K, 0% used [0x00000000d5580000,0x00000000d5580000,0x00000000d6780000)
  from space 1024K, 99% used [0x00000000d6c00000,0x00000000d6cfeea8,0x00000000d6d00000)
  to   space 2560K, 0% used [0x00000000d6800000,0x00000000d6800000,0x00000000d6a80000)
 ParOldGen       total 68608K, used 50720K [0x0000000080000000, 0x0000000084300000, 0x00000000d5580000)
  object space 68608K, 73% used [0x0000000080000000,0x0000000083188178,0x0000000084300000)
 Metaspace       used 49596K, committed 50944K, reserved 1114112K
  class space    used 5428K, committed 6016K, reserved 1048576K
}
Event: 9.634 GC heap before
{Heap before GC invocations=31 (full 2):
 PSYoungGen      total 19456K, used 19451K [0x00000000d5580000, 0x00000000d6d00000, 0x0000000100000000)
  eden space 18432K, 100% used [0x00000000d5580000,0x00000000d6780000,0x00000000d6780000)
  from space 1024K, 99% used [0x00000000d6c00000,0x00000000d6cfeea8,0x00000000d6d00000)
  to   space 2560K, 0% used [0x00000000d6800000,0x00000000d6800000,0x00000000d6a80000)
 ParOldGen       total 68608K, used 50720K [0x0000000080000000, 0x0000000084300000, 0x00000000d5580000)
  object space 68608K, 73% used [0x0000000080000000,0x0000000083188178,0x0000000084300000)
 Metaspace       used 51143K, committed 52480K, reserved 1114112K
  class space    used 5629K, committed 6208K, reserved 1048576K
}
Event: 9.637 GC heap after
{Heap after GC invocations=31 (full 2):
 PSYoungGen      total 20992K, used 728K [0x00000000d5580000, 0x00000000d6c80000, 0x0000000100000000)
  eden space 18432K, 0% used [0x00000000d5580000,0x00000000d5580000,0x00000000d6780000)
  from space 2560K, 28% used [0x00000000d6800000,0x00000000d68b6328,0x00000000d6a80000)
  to   space 1536K, 0% used [0x00000000d6b00000,0x00000000d6b00000,0x00000000d6c80000)
 ParOldGen       total 68608K, used 51659K [0x0000000080000000, 0x0000000084300000, 0x00000000d5580000)
  object space 68608K, 75% used [0x0000000080000000,0x0000000083272f20,0x0000000084300000)
 Metaspace       used 51143K, committed 52480K, reserved 1114112K
  class space    used 5629K, committed 6208K, reserved 1048576K
}
Event: 10.074 GC heap before
{Heap before GC invocations=32 (full 2):
 PSYoungGen      total 20992K, used 19160K [0x00000000d5580000, 0x00000000d6c80000, 0x0000000100000000)
  eden space 18432K, 100% used [0x00000000d5580000,0x00000000d6780000,0x00000000d6780000)
  from space 2560K, 28% used [0x00000000d6800000,0x00000000d68b6328,0x00000000d6a80000)
  to   space 1536K, 0% used [0x00000000d6b00000,0x00000000d6b00000,0x00000000d6c80000)
 ParOldGen       total 68608K, used 51659K [0x0000000080000000, 0x0000000084300000, 0x00000000d5580000)
  object space 68608K, 75% used [0x0000000080000000,0x0000000083272f20,0x0000000084300000)
 Metaspace       used 52111K, committed 53440K, reserved 1114112K
  class space    used 5727K, committed 6336K, reserved 1048576K
}
Event: 10.075 GC heap after
{Heap after GC invocations=32 (full 2):
 PSYoungGen      total 18944K, used 480K [0x00000000d5580000, 0x00000000d6b80000, 0x0000000100000000)
  eden space 18432K, 0% used [0x00000000d5580000,0x00000000d5580000,0x00000000d6780000)
  from space 512K, 93% used [0x00000000d6b00000,0x00000000d6b78010,0x00000000d6b80000)
  to   space 1024K, 0% used [0x00000000d6980000,0x00000000d6980000,0x00000000d6a80000)
 ParOldGen       total 68608K, used 52352K [0x0000000080000000, 0x0000000084300000, 0x00000000d5580000)
  object space 68608K, 76% used [0x0000000080000000,0x0000000083320378,0x0000000084300000)
 Metaspace       used 52111K, committed 53440K, reserved 1114112K
  class space    used 5727K, committed 6336K, reserved 1048576K
}
Event: 10.363 GC heap before
{Heap before GC invocations=33 (full 2):
 PSYoungGen      total 18944K, used 18910K [0x00000000d5580000, 0x00000000d6b80000, 0x0000000100000000)
  eden space 18432K, 99% used [0x00000000d5580000,0x00000000d677fb80,0x00000000d6780000)
  from space 512K, 93% used [0x00000000d6b00000,0x00000000d6b78010,0x00000000d6b80000)
  to   space 1024K, 0% used [0x00000000d6980000,0x00000000d6980000,0x00000000d6a80000)
 ParOldGen       total 68608K, used 52352K [0x0000000080000000, 0x0000000084300000, 0x00000000d5580000)
  object space 68608K, 76% used [0x0000000080000000,0x0000000083320378,0x0000000084300000)
 Metaspace       used 52958K, committed 54336K, reserved 1114112K
  class space    used 5793K, committed 6400K, reserved 1048576K
}
Event: 10.365 GC heap after
{Heap after GC invocations=33 (full 2):
 PSYoungGen      total 19456K, used 1019K [0x00000000d5580000, 0x00000000d7280000, 0x0000000100000000)
  eden space 18432K, 0% used [0x00000000d5580000,0x00000000d5580000,0x00000000d6780000)
  from space 1024K, 99% used [0x00000000d6980000,0x00000000d6a7eec0,0x00000000d6a80000)
  to   space 5632K, 0% used [0x00000000d6d00000,0x00000000d6d00000,0x00000000d7280000)
 ParOldGen       total 68608K, used 55963K [0x0000000080000000, 0x0000000084300000, 0x00000000d5580000)
  object space 68608K, 81% used [0x0000000080000000,0x00000000836a6c50,0x0000000084300000)
 Metaspace       used 52958K, committed 54336K, reserved 1114112K
  class space    used 5793K, committed 6400K, reserved 1048576K
}
Event: 10.805 GC heap before
{Heap before GC invocations=34 (full 2):
 PSYoungGen      total 19456K, used 19451K [0x00000000d5580000, 0x00000000d7280000, 0x0000000100000000)
  eden space 18432K, 100% used [0x00000000d5580000,0x00000000d6780000,0x00000000d6780000)
  from space 1024K, 99% used [0x00000000d6980000,0x00000000d6a7eec0,0x00000000d6a80000)
  to   space 5632K, 0% used [0x00000000d6d00000,0x00000000d6d00000,0x00000000d7280000)
 ParOldGen       total 68608K, used 55963K [0x0000000080000000, 0x0000000084300000, 0x00000000d5580000)
  object space 68608K, 81% used [0x0000000080000000,0x00000000836a6c50,0x0000000084300000)
 Metaspace       used 54473K, committed 55808K, reserved 1114112K
  class space    used 5925K, committed 6464K, reserved 1048576K
}
Event: 10.807 GC heap after
{Heap after GC invocations=34 (full 2):
 PSYoungGen      total 20480K, used 1645K [0x00000000d5580000, 0x00000000d6f00000, 0x0000000100000000)
  eden space 18432K, 0% used [0x00000000d5580000,0x00000000d5580000,0x00000000d6780000)
  from space 2048K, 80% used [0x00000000d6d00000,0x00000000d6e9b438,0x00000000d6f00000)
  to   space 3072K, 0% used [0x00000000d6900000,0x00000000d6900000,0x00000000d6c00000)
 ParOldGen       total 68608K, used 56975K [0x0000000080000000, 0x0000000084300000, 0x00000000d5580000)
  object space 68608K, 83% used [0x0000000080000000,0x00000000837a3e00,0x0000000084300000)
 Metaspace       used 54473K, committed 55808K, reserved 1114112K
  class space    used 5925K, committed 6464K, reserved 1048576K
}

