# JRE version: OpenJDK Runtime Environment Temurin-21.0.11+10 (21.0.11+10) (build 21.0.11+10-LTS)
# Java VM: OpenJDK 64-Bit Server VM Temurin-21.0.11+10 (21.0.11+10-LTS, mixed mode, sharing, tiered, compressed oops, compressed class ptrs, parallel gc, windows-amd64)
GC Precious Log:
 CardTable entry size: 512
 CPUs: 12 total, 12 available
 Memory: 15681M
 Large Page Support: Disabled
 NUMA Support: Disabled
 Compressed Oops: Enabled (32-bit)
 Alignments: Space 512K, Generation 512K, Heap 2M
 Heap Min Capacity: 100M
 Heap Initial Capacity: 100M
 Heap Max Capacity: 2G
 Pre-touch: Disabled
 Parallel Workers: 10
Heap:
 PSYoungGen      total 13824K, used 2394K [0x00000000d5580000, 0x00000000d6680000, 0x0000000100000000)
  eden space 12288K, 9% used [0x00000000d5580000,0x00000000d569f098,0x00000000d6180000)
  from space 1536K, 81% used [0x00000000d6200000,0x00000000d6337a30,0x00000000d6380000)
  to   space 2048K, 0% used [0x00000000d6480000,0x00000000d6480000,0x00000000d6680000)
 ParOldGen       total 68608K, used 60126K [0x0000000080000000, 0x0000000084300000, 0x00000000d5580000)
  object space 68608K, 87% used [0x0000000080000000,0x0000000083ab7b98,0x0000000084300000)
 Metaspace       used 55136K, committed 56512K, reserved 1114112K
  class space    used 5928K, committed 6592K, reserved 1048576K
GC Heap History (20 events):
Event: 7.287 GC heap before
{Heap before GC invocations=31 (full 2):
 PSYoungGen      total 15872K, used 15520K [0x00000000d5580000, 0x00000000d6680000, 0x0000000100000000)
  eden space 14336K, 100% used [0x00000000d5580000,0x00000000d6380000,0x00000000d6380000)
  from space 1536K, 77% used [0x00000000d6500000,0x00000000d6628000,0x00000000d6680000)
  to   space 1536K, 0% used [0x00000000d6380000,0x00000000d6380000,0x00000000d6500000)
 ParOldGen       total 68608K, used 47536K [0x0000000080000000, 0x0000000084300000, 0x00000000d5580000)
  object space 68608K, 69% used [0x0000000080000000,0x0000000082e6c350,0x0000000084300000)
 Metaspace       used 44041K, committed 45376K, reserved 1114112K
  class space    used 4694K, committed 5312K, reserved 1048576K
}
Event: 7.289 GC heap after
{Heap after GC invocations=31 (full 2):
 PSYoungGen      total 15872K, used 960K [0x00000000d5580000, 0x00000000d6680000, 0x0000000100000000)
  eden space 14336K, 0% used [0x00000000d5580000,0x00000000d5580000,0x00000000d6380000)
  from space 1536K, 62% used [0x00000000d6380000,0x00000000d6470000,0x00000000d6500000)
  to   space 1536K, 0% used [0x00000000d6500000,0x00000000d6500000,0x00000000d6680000)
 ParOldGen       total 68608K, used 48617K [0x0000000080000000, 0x0000000084300000, 0x00000000d5580000)
  object space 68608K, 70% used [0x0000000080000000,0x0000000082f7a550,0x0000000084300000)
 Metaspace       used 44041K, committed 45376K, reserved 1114112K
  class space    used 4694K, committed 5312K, reserved 1048576K
}
Event: 7.501 GC heap before
{Heap before GC invocations=32 (full 2):
 PSYoungGen      total 15872K, used 15296K [0x00000000d5580000, 0x00000000d6680000, 0x0000000100000000)
  eden space 14336K, 100% used [0x00000000d5580000,0x00000000d6380000,0x00000000d6380000)
  from space 1536K, 62% used [0x00000000d6380000,0x00000000d6470000,0x00000000d6500000)
  to   space 1536K, 0% used [0x00000000d6500000,0x00000000d6500000,0x00000000d6680000)
 ParOldGen       total 68608K, used 48617K [0x0000000080000000, 0x0000000084300000, 0x00000000d5580000)
  object space 68608K, 70% used [0x0000000080000000,0x0000000082f7a550,0x0000000084300000)
 Metaspace       used 45570K, committed 46912K, reserved 1114112K
  class space    used 4889K, committed 5504K, reserved 1048576K
}
Event: 7.502 GC heap after
{Heap after GC invocations=32 (full 2):
 PSYoungGen      total 15360K, used 928K [0x00000000d5580000, 0x00000000d6600000, 0x0000000100000000)
  eden space 14336K, 0% used [0x00000000d5580000,0x00000000d5580000,0x00000000d6380000)
  from space 1024K, 90% used [0x00000000d6500000,0x00000000d65e8000,0x00000000d6600000)
  to   space 1024K, 0% used [0x00000000d6400000,0x00000000d6400000,0x00000000d6500000)
 ParOldGen       total 68608K, used 49458K [0x0000000080000000, 0x0000000084300000, 0x00000000d5580000)
  object space 68608K, 72% used [0x0000000080000000,0x000000008304cb40,0x0000000084300000)
 Metaspace       used 45570K, committed 46912K, reserved 1114112K
  class space    used 4889K, committed 5504K, reserved 1048576K
}
Event: 7.894 GC heap before
{Heap before GC invocations=33 (full 2):
 PSYoungGen      total 15360K, used 15264K [0x00000000d5580000, 0x00000000d6600000, 0x0000000100000000)
  eden space 14336K, 100% used [0x00000000d5580000,0x00000000d6380000,0x00000000d6380000)
  from space 1024K, 90% used [0x00000000d6500000,0x00000000d65e8000,0x00000000d6600000)
  to   space 1024K, 0% used [0x00000000d6400000,0x00000000d6400000,0x00000000d6500000)
 ParOldGen       total 68608K, used 49458K [0x0000000080000000, 0x0000000084300000, 0x00000000d5580000)
  object space 68608K, 72% used [0x0000000080000000,0x000000008304cb40,0x0000000084300000)
 Metaspace       used 47268K, committed 48640K, reserved 1114112K
  class space    used 5132K, committed 5760K, reserved 1048576K
}
Event: 7.896 GC heap after
{Heap after GC invocations=33 (full 2):
 PSYoungGen      total 15360K, used 1024K [0x00000000d5580000, 0x00000000d6680000, 0x0000000100000000)
  eden space 14336K, 0% used [0x00000000d5580000,0x00000000d5580000,0x00000000d6380000)
  from space 1024K, 100% used [0x00000000d6400000,0x00000000d6500000,0x00000000d6500000)
  to   space 1536K, 0% used [0x00000000d6500000,0x00000000d6500000,0x00000000d6680000)
 ParOldGen       total 68608K, used 50198K [0x0000000080000000, 0x0000000084300000, 0x00000000d5580000)
  object space 68608K, 73% used [0x0000000080000000,0x0000000083105850,0x0000000084300000)
 Metaspace       used 47268K, committed 48640K, reserved 1114112K
  class space    used 5132K, committed 5760K, reserved 1048576K
}
Event: 8.044 GC heap before
{Heap before GC invocations=34 (full 2):
 PSYoungGen      total 15360K, used 15360K [0x00000000d5580000, 0x00000000d6680000, 0x0000000100000000)
  eden space 14336K, 100% used [0x00000000d5580000,0x00000000d6380000,0x00000000d6380000)
  from space 1024K, 100% used [0x00000000d6400000,0x00000000d6500000,0x00000000d6500000)
  to   space 1536K, 0% used [0x00000000d6500000,0x00000000d6500000,0x00000000d6680000)
 ParOldGen       total 68608K, used 50198K [0x0000000080000000, 0x0000000084300000, 0x00000000d5580000)
  object space 68608K, 73% used [0x0000000080000000,0x0000000083105850,0x0000000084300000)
 Metaspace       used 48710K, committed 50048K, reserved 1114112K
  class space    used 5278K, committed 5888K, reserved 1048576K
}
Event: 8.046 GC heap after
{Heap after GC invocations=34 (full 2):
 PSYoungGen      total 15872K, used 1196K [0x00000000d5580000, 0x00000000d6680000, 0x0000000100000000)
  eden space 14336K, 0% used [0x00000000d5580000,0x00000000d5580000,0x00000000d6380000)
  from space 1536K, 77% used [0x00000000d6500000,0x00000000d662b020,0x00000000d6680000)
  to   space 1536K, 0% used [0x00000000d6380000,0x00000000d6380000,0x00000000d6500000)
 ParOldGen       total 68608K, used 51054K [0x0000000080000000, 0x0000000084300000, 0x00000000d5580000)
  object space 68608K, 74% used [0x0000000080000000,0x00000000831db870,0x0000000084300000)
 Metaspace       used 48710K, committed 50048K, reserved 1114112K
  class space    used 5278K, committed 5888K, reserved 1048576K
}
Event: 8.237 GC heap before
{Heap before GC invocations=35 (full 2):
 PSYoungGen      total 15872K, used 15532K [0x00000000d5580000, 0x00000000d6680000, 0x0000000100000000)
  eden space 14336K, 100% used [0x00000000d5580000,0x00000000d6380000,0x00000000d6380000)
  from space 1536K, 77% used [0x00000000d6500000,0x00000000d662b020,0x00000000d6680000)
  to   space 1536K, 0% used [0x00000000d6380000,0x00000000d6380000,0x00000000d6500000)
 ParOldGen       total 68608K, used 51054K [0x0000000080000000, 0x0000000084300000, 0x00000000d5580000)
  object space 68608K, 74% used [0x0000000080000000,0x00000000831db870,0x0000000084300000)
 Metaspace       used 50637K, committed 52032K, reserved 1114112K
  class space    used 5501K, committed 6144K, reserved 1048576K
}
Event: 8.239 GC heap after
{Heap after GC invocations=35 (full 2):
 PSYoungGen      total 15360K, used 836K [0x00000000d5580000, 0x00000000d6580000, 0x0000000100000000)
  eden space 14336K, 0% used [0x00000000d5580000,0x00000000d5580000,0x00000000d6380000)
  from space 1024K, 81% used [0x00000000d6380000,0x00000000d6451190,0x00000000d6480000)
  to   space 1024K, 0% used [0x00000000d6480000,0x00000000d6480000,0x00000000d6580000)
 ParOldGen       total 68608K, used 51895K [0x0000000080000000, 0x0000000084300000, 0x00000000d5580000)
  object space 68608K, 75% used [0x0000000080000000,0x00000000832adc00,0x0000000084300000)
 Metaspace       used 50637K, committed 52032K, reserved 1114112K
  class space    used 5501K, committed 6144K, reserved 1048576K
}
Event: 8.627 GC heap before
{Heap before GC invocations=36 (full 2):
 PSYoungGen      total 15360K, used 15172K [0x00000000d5580000, 0x00000000d6580000, 0x0000000100000000)
  eden space 14336K, 100% used [0x00000000d5580000,0x00000000d6380000,0x00000000d6380000)
  from space 1024K, 81% used [0x00000000d6380000,0x00000000d6451190,0x00000000d6480000)
  to   space 1024K, 0% used [0x00000000d6480000,0x00000000d6480000,0x00000000d6580000)
 ParOldGen       total 68608K, used 51895K [0x0000000080000000, 0x0000000084300000, 0x00000000d5580000)
  object space 68608K, 75% used [0x0000000080000000,0x00000000832adc00,0x0000000084300000)
 Metaspace       used 51521K, committed 52800K, reserved 1114112K
  class space    used 5630K, committed 6208K, reserved 1048576K
}
Event: 8.629 GC heap after
{Heap after GC invocations=36 (full 2):
 PSYoungGen      total 15360K, used 592K [0x00000000d5580000, 0x00000000d6580000, 0x0000000100000000)
  eden space 14336K, 0% used [0x00000000d5580000,0x00000000d5580000,0x00000000d6380000)
  from space 1024K, 57% used [0x00000000d6480000,0x00000000d6514030,0x00000000d6580000)
  to   space 1024K, 0% used [0x00000000d6380000,0x00000000d6380000,0x00000000d6480000)
 ParOldGen       total 68608K, used 52584K [0x0000000080000000, 0x0000000084300000, 0x00000000d5580000)
  object space 68608K, 76% used [0x0000000080000000,0x000000008335a350,0x0000000084300000)
 Metaspace       used 51521K, committed 52800K, reserved 1114112K
  class space    used 5630K, committed 6208K, reserved 1048576K
}
Event: 8.955 GC heap before
{Heap before GC invocations=37 (full 2):
 PSYoungGen      total 15360K, used 14928K [0x00000000d5580000, 0x00000000d6580000, 0x0000000100000000)
  eden space 14336K, 100% used [0x00000000d5580000,0x00000000d6380000,0x00000000d6380000)
  from space 1024K, 57% used [0x00000000d6480000,0x00000000d6514030,0x00000000d6580000)
  to   space 1024K, 0% used [0x00000000d6380000,0x00000000d6380000,0x00000000d6480000)
 ParOldGen       total 68608K, used 52584K [0x0000000080000000, 0x0000000084300000, 0x00000000d5580000)
  object space 68608K, 76% used [0x0000000080000000,0x000000008335a350,0x0000000084300000)
 Metaspace       used 52242K, committed 53632K, reserved 1114112K
  class space    used 5707K, committed 6336K, reserved 1048576K
}
Event: 8.956 GC heap after
{Heap after GC invocations=37 (full 2):
 PSYoungGen      total 15360K, used 480K [0x00000000d5580000, 0x00000000d6580000, 0x0000000100000000)
  eden space 14336K, 0% used [0x00000000d5580000,0x00000000d5580000,0x00000000d6380000)
  from space 1024K, 46% used [0x00000000d6380000,0x00000000d63f8000,0x00000000d6480000)
  to   space 1024K, 0% used [0x00000000d6480000,0x00000000d6480000,0x00000000d6580000)
 ParOldGen       total 68608K, used 53051K [0x0000000080000000, 0x0000000084300000, 0x00000000d5580000)
  object space 68608K, 77% used [0x0000000080000000,0x00000000833cedd0,0x0000000084300000)
 Metaspace       used 52242K, committed 53632K, reserved 1114112K
  class space    used 5707K, committed 6336K, reserved 1048576K
}
Event: 9.180 GC heap before
{Heap before GC invocations=38 (full 2):
 PSYoungGen      total 15360K, used 14816K [0x00000000d5580000, 0x00000000d6580000, 0x0000000100000000)
  eden space 14336K, 100% used [0x00000000d5580000,0x00000000d6380000,0x00000000d6380000)
  from space 1024K, 46% used [0x00000000d6380000,0x00000000d63f8000,0x00000000d6480000)
  to   space 1024K, 0% used [0x00000000d6480000,0x00000000d6480000,0x00000000d6580000)
 ParOldGen       total 68608K, used 53051K [0x0000000080000000, 0x0000000084300000, 0x00000000d5580000)
  object space 68608K, 77% used [0x0000000080000000,0x00000000833cedd0,0x0000000084300000)
 Metaspace       used 52960K, committed 54336K, reserved 1114112K
  class space    used 5772K, committed 6400K, reserved 1048576K
}
Event: 9.181 GC heap after
{Heap after GC invocations=38 (full 2):
 PSYoungGen      total 13312K, used 1016K [0x00000000d5580000, 0x00000000d6980000, 0x0000000100000000)
  eden space 12288K, 0% used [0x00000000d5580000,0x00000000d5580000,0x00000000d6180000)
  from space 1024K, 99% used [0x00000000d6480000,0x00000000d657e368,0x00000000d6580000)
  to   space 3072K, 0% used [0x00000000d6180000,0x00000000d6180000,0x00000000d6480000)
 ParOldGen       total 68608K, used 54358K [0x0000000080000000, 0x0000000084300000, 0x00000000d5580000)
  object space 68608K, 79% used [0x0000000080000000,0x00000000835159d0,0x0000000084300000)
 Metaspace       used 52960K, committed 54336K, reserved 1114112K
  class space    used 5772K, committed 6400K, reserved 1048576K
}
Event: 9.406 GC heap before
{Heap before GC invocations=39 (full 2):
 PSYoungGen      total 13312K, used 13304K [0x00000000d5580000, 0x00000000d6980000, 0x0000000100000000)
  eden space 12288K, 100% used [0x00000000d5580000,0x00000000d6180000,0x00000000d6180000)
  from space 1024K, 99% used [0x00000000d6480000,0x00000000d657e368,0x00000000d6580000)
  to   space 3072K, 0% used [0x00000000d6180000,0x00000000d6180000,0x00000000d6480000)
 ParOldGen       total 68608K, used 54358K [0x0000000080000000, 0x0000000084300000, 0x00000000d5580000)
  object space 68608K, 79% used [0x0000000080000000,0x00000000835159d0,0x0000000084300000)
 Metaspace       used 53818K, committed 55104K, reserved 1114112K
  class space    used 5821K, committed 6400K, reserved 1048576K
}
Event: 10.413 GC heap after
{Heap after GC invocations=39 (full 2):
 PSYoungGen      total 15360K, used 3040K [0x00000000d5580000, 0x00000000d6a80000, 0x0000000100000000)
  eden space 12288K, 0% used [0x00000000d5580000,0x00000000d5580000,0x00000000d6180000)
  from space 3072K, 98% used [0x00000000d6180000,0x00000000d64783f8,0x00000000d6480000)
  to   space 4608K, 0% used [0x00000000d6600000,0x00000000d6600000,0x00000000d6a80000)
 ParOldGen       total 68608K, used 55430K [0x0000000080000000, 0x0000000084300000, 0x00000000d5580000)
  object space 68608K, 80% used [0x0000000080000000,0x00000000836219c0,0x0000000084300000)
 Metaspace       used 53818K, committed 55104K, reserved 1114112K
  class space    used 5821K, committed 6400K, reserved 1048576K
}
Event: 10.607 GC heap before
{Heap before GC invocations=40 (full 2):
 PSYoungGen      total 15360K, used 15309K [0x00000000d5580000, 0x00000000d6a80000, 0x0000000100000000)
  eden space 12288K, 99% used [0x00000000d5580000,0x00000000d617b2e8,0x00000000d6180000)
  from space 3072K, 98% used [0x00000000d6180000,0x00000000d64783f8,0x00000000d6480000)
  to   space 4608K, 0% used [0x00000000d6600000,0x00000000d6600000,0x00000000d6a80000)
 ParOldGen       total 68608K, used 55430K [0x0000000080000000, 0x0000000084300000, 0x00000000d5580000)
  object space 68608K, 80% used [0x0000000080000000,0x00000000836219c0,0x0000000084300000)
 Metaspace       used 54555K, committed 55936K, reserved 1114112K
  class space    used 5893K, committed 6528K, reserved 1048576K
}
Event: 10.609 GC heap after
{Heap after GC invocations=40 (full 2):
 PSYoungGen      total 14336K, used 1919K [0x00000000d5580000, 0x00000000d6800000, 0x0000000100000000)
  eden space 12288K, 0% used [0x00000000d5580000,0x00000000d5580000,0x00000000d6180000)
  from space 2048K, 93% used [0x00000000d6600000,0x00000000d67dfcf8,0x00000000d6800000)
  to   space 3072K, 0% used [0x00000000d6200000,0x00000000d6200000,0x00000000d6500000)
 ParOldGen       total 68608K, used 58461K [0x0000000080000000, 0x0000000084300000, 0x00000000d5580000)
  object space 68608K, 85% used [0x0000000080000000,0x00000000839175e0,0x0000000084300000)
 Metaspace       used 54555K, committed 55936K, reserved 1114112K
  class space    used 5893K, committed 6528K, reserved 1048576K
}

