# JRE version: OpenJDK Runtime Environment Temurin-21.0.11+10 (21.0.11+10) (build 21.0.11+10-LTS)
# Java VM: OpenJDK 64-Bit Server VM Temurin-21.0.11+10 (21.0.11+10-LTS, mixed mode, sharing, tiered, compressed oops, compressed class ptrs, parallel gc, windows-amd64)
GC Precious Log:
 CardTable entry size: 512
 CPUs: 12 total, 12 available
 Memory: 15681M
 Large Page Support: Disabled
 NUMA Support: Disabled
 Compressed Oops: Enabled (32-bit)
 Alignments: Space 512K, Generation 512K, Heap 2M
 Heap Min Capacity: 100M
 Heap Initial Capacity: 100M
 Heap Max Capacity: 2G
 Pre-touch: Disabled
 Parallel Workers: 10
Heap:
 PSYoungGen      total 7680K, used 7251K [0x00000000d5580000, 0x00000000d6180000, 0x0000000100000000)
  eden space 5120K, 91% used [0x00000000d5580000,0x00000000d5a18e18,0x00000000d5a80000)
  from space 2560K, 99% used [0x00000000d5f00000,0x00000000d617c000,0x00000000d6180000)
  to   space 3584K, 0% used [0x00000000d5a80000,0x00000000d5a80000,0x00000000d5e00000)
 ParOldGen       total 1156096K, used 1155624K [0x0000000080000000, 0x00000000c6900000, 0x00000000d5580000)
  object space 1156096K, 99% used [0x0000000080000000,0x00000000c688a1b0,0x00000000c6900000)
 Metaspace       used 93215K, committed 94976K, reserved 1179648K
  class space    used 9400K, committed 10240K, reserved 1048576K
GC Heap History (20 events):
Event: 6168.456 GC heap before
{Heap before GC invocations=2449 (full 5):
 PSYoungGen      total 2048K, used 1548K [0x00000000d5580000, 0x00000000d5a00000, 0x0000000100000000)
  eden space 1024K, 100% used [0x00000000d5580000,0x00000000d5680000,0x00000000d5680000)
  from space 1024K, 51% used [0x00000000d5900000,0x00000000d5983300,0x00000000d5a00000)
  to   space 1024K, 0% used [0x00000000d5800000,0x00000000d5800000,0x00000000d5900000)
 ParOldGen       total 1112576K, used 1112185K [0x0000000080000000, 0x00000000c3e80000, 0x00000000d5580000)
  object space 1112576K, 99% used [0x0000000080000000,0x00000000c3e1e6d0,0x00000000c3e80000)
 Metaspace       used 93206K, committed 94976K, reserved 1179648K
  class space    used 9400K, committed 10240K, reserved 1048576K
}
Event: 6168.458 GC heap after
{Heap after GC invocations=2449 (full 5):
 PSYoungGen      total 2560K, used 1002K [0x00000000d5580000, 0x00000000d5b00000, 0x0000000100000000)
  eden space 1536K, 0% used [0x00000000d5580000,0x00000000d5580000,0x00000000d5700000)
  from space 1024K, 97% used [0x00000000d5800000,0x00000000d58fabd8,0x00000000d5900000)
  to   space 2048K, 0% used [0x00000000d5900000,0x00000000d5900000,0x00000000d5b00000)
 ParOldGen       total 1113088K, used 1112706K [0x0000000080000000, 0x00000000c3f00000, 0x00000000d5580000)
  object space 1113088K, 99% used [0x0000000080000000,0x00000000c3ea0ab0,0x00000000c3f00000)
 Metaspace       used 93206K, committed 94976K, reserved 1179648K
  class space    used 9400K, committed 10240K, reserved 1048576K
}
Event: 6168.462 GC heap before
{Heap before GC invocations=2450 (full 5):
 PSYoungGen      total 2560K, used 2536K [0x00000000d5580000, 0x00000000d5b00000, 0x0000000100000000)
  eden space 1536K, 99% used [0x00000000d5580000,0x00000000d56ff820,0x00000000d5700000)
  from space 1024K, 97% used [0x00000000d5800000,0x00000000d58fabd8,0x00000000d5900000)
  to   space 2048K, 0% used [0x00000000d5900000,0x00000000d5900000,0x00000000d5b00000)
 ParOldGen       total 1113088K, used 1112706K [0x0000000080000000, 0x00000000c3f00000, 0x00000000d5580000)
  object space 1113088K, 99% used [0x0000000080000000,0x00000000c3ea0ab0,0x00000000c3f00000)
 Metaspace       used 93206K, committed 94976K, reserved 1179648K
  class space    used 9400K, committed 10240K, reserved 1048576K
}
Event: 6168.464 GC heap after
{Heap after GC invocations=2450 (full 5):
 PSYoungGen      total 3584K, used 1640K [0x00000000d5580000, 0x00000000d5b80000, 0x0000000100000000)
  eden space 1536K, 0% used [0x00000000d5580000,0x00000000d5580000,0x00000000d5700000)
  from space 2048K, 80% used [0x00000000d5900000,0x00000000d5a9a218,0x00000000d5b00000)
  to   space 2048K, 0% used [0x00000000d5700000,0x00000000d5700000,0x00000000d5900000)
 ParOldGen       total 1114112K, used 1113618K [0x0000000080000000, 0x00000000c4000000, 0x00000000d5580000)
  object space 1114112K, 99% used [0x0000000080000000,0x00000000c3f84880,0x00000000c4000000)
 Metaspace       used 93206K, committed 94976K, reserved 1179648K
  class space    used 9400K, committed 10240K, reserved 1048576K
}
Event: 6168.481 GC heap before
{Heap before GC invocations=2451 (full 5):
 PSYoungGen      total 3584K, used 3176K [0x00000000d5580000, 0x00000000d5b80000, 0x0000000100000000)
  eden space 1536K, 100% used [0x00000000d5580000,0x00000000d5700000,0x00000000d5700000)
  from space 2048K, 80% used [0x00000000d5900000,0x00000000d5a9a218,0x00000000d5b00000)
  to   space 2048K, 0% used [0x00000000d5700000,0x00000000d5700000,0x00000000d5900000)
 ParOldGen       total 1114112K, used 1113618K [0x0000000080000000, 0x00000000c4000000, 0x00000000d5580000)
  object space 1114112K, 99% used [0x0000000080000000,0x00000000c3f84880,0x00000000c4000000)
 Metaspace       used 93206K, committed 94976K, reserved 1179648K
  class space    used 9400K, committed 10240K, reserved 1048576K
}
Event: 6168.483 GC heap after
{Heap after GC invocations=2451 (full 5):
 PSYoungGen      total 3584K, used 1148K [0x00000000d5580000, 0x00000000d5a80000, 0x0000000100000000)
  eden space 1536K, 0% used [0x00000000d5580000,0x00000000d5580000,0x00000000d5700000)
  from space 2048K, 56% used [0x00000000d5700000,0x00000000d581f200,0x00000000d5900000)
  to   space 1536K, 0% used [0x00000000d5900000,0x00000000d5900000,0x00000000d5a80000)
 ParOldGen       total 1115648K, used 1115143K [0x0000000080000000, 0x00000000c4180000, 0x00000000d5580000)
  object space 1115648K, 99% used [0x0000000080000000,0x00000000c4101dc0,0x00000000c4180000)
 Metaspace       used 93206K, committed 94976K, reserved 1179648K
  class space    used 9400K, committed 10240K, reserved 1048576K
}
Event: 6168.485 GC heap before
{Heap before GC invocations=2452 (full 5):
 PSYoungGen      total 3584K, used 2684K [0x00000000d5580000, 0x00000000d5a80000, 0x0000000100000000)
  eden space 1536K, 100% used [0x00000000d5580000,0x00000000d5700000,0x00000000d5700000)
  from space 2048K, 56% used [0x00000000d5700000,0x00000000d581f200,0x00000000d5900000)
  to   space 1536K, 0% used [0x00000000d5900000,0x00000000d5900000,0x00000000d5a80000)
 ParOldGen       total 1115648K, used 1115143K [0x0000000080000000, 0x00000000c4180000, 0x00000000d5580000)
  object space 1115648K, 99% used [0x0000000080000000,0x00000000c4101dc0,0x00000000c4180000)
 Metaspace       used 93206K, committed 94976K, reserved 1179648K
  class space    used 9400K, committed 10240K, reserved 1048576K
}
Event: 6168.487 GC heap after
{Heap after GC invocations=2452 (full 5):
 PSYoungGen      total 2560K, used 320K [0x00000000d5580000, 0x00000000d5980000, 0x0000000100000000)
  eden space 2048K, 0% used [0x00000000d5580000,0x00000000d5580000,0x00000000d5780000)
  from space 512K, 62% used [0x00000000d5900000,0x00000000d5950000,0x00000000d5980000)
  to   space 1024K, 0% used [0x00000000d5780000,0x00000000d5780000,0x00000000d5880000)
 ParOldGen       total 1116672K, used 1116184K [0x0000000080000000, 0x00000000c4280000, 0x00000000d5580000)
  object space 1116672K, 99% used [0x0000000080000000,0x00000000c42063e0,0x00000000c4280000)
 Metaspace       used 93206K, committed 94976K, reserved 1179648K
  class space    used 9400K, committed 10240K, reserved 1048576K
}
Event: 6168.493 GC heap before
{Heap before GC invocations=2453 (full 5):
 PSYoungGen      total 2560K, used 2368K [0x00000000d5580000, 0x00000000d5980000, 0x0000000100000000)
  eden space 2048K, 100% used [0x00000000d5580000,0x00000000d5780000,0x00000000d5780000)
  from space 512K, 62% used [0x00000000d5900000,0x00000000d5950000,0x00000000d5980000)
  to   space 1024K, 0% used [0x00000000d5780000,0x00000000d5780000,0x00000000d5880000)
 ParOldGen       total 1116672K, used 1116184K [0x0000000080000000, 0x00000000c4280000, 0x00000000d5580000)
  object space 1116672K, 99% used [0x0000000080000000,0x00000000c42063e0,0x00000000c4280000)
 Metaspace       used 93206K, committed 94976K, reserved 1179648K
  class space    used 9400K, committed 10240K, reserved 1048576K
}
Event: 6168.495 GC heap after
{Heap after GC invocations=2453 (full 5):
 PSYoungGen      total 3072K, used 512K [0x00000000d5580000, 0x00000000d5a00000, 0x0000000100000000)
  eden space 2048K, 0% used [0x00000000d5580000,0x00000000d5580000,0x00000000d5780000)
  from space 1024K, 50% used [0x00000000d5780000,0x00000000d5800020,0x00000000d5880000)
  to   space 1024K, 0% used [0x00000000d5900000,0x00000000d5900000,0x00000000d5a00000)
 ParOldGen       total 1116672K, used 1116256K [0x0000000080000000, 0x00000000c4280000, 0x00000000d5580000)
  object space 1116672K, 99% used [0x0000000080000000,0x00000000c42183e0,0x00000000c4280000)
 Metaspace       used 93206K, committed 94976K, reserved 1179648K
  class space    used 9400K, committed 10240K, reserved 1048576K
}
Event: 6168.514 GC heap before
{Heap before GC invocations=2454 (full 5):
 PSYoungGen      total 3072K, used 2560K [0x00000000d5580000, 0x00000000d5a00000, 0x0000000100000000)
  eden space 2048K, 100% used [0x00000000d5580000,0x00000000d5780000,0x00000000d5780000)
  from space 1024K, 50% used [0x00000000d5780000,0x00000000d5800020,0x00000000d5880000)
  to   space 1024K, 0% used [0x00000000d5900000,0x00000000d5900000,0x00000000d5a00000)
 ParOldGen       total 1136640K, used 1135457K [0x0000000080000000, 0x00000000c5600000, 0x00000000d5580000)
  object space 1136640K, 99% used [0x0000000080000000,0x00000000c54d8400,0x00000000c5600000)
 Metaspace       used 93207K, committed 94976K, reserved 1179648K
  class space    used 9400K, committed 10240K, reserved 1048576K
}
Event: 6168.516 GC heap after
{Heap after GC invocations=2454 (full 5):
 PSYoungGen      total 3584K, used 879K [0x00000000d5580000, 0x00000000d5a00000, 0x0000000100000000)
  eden space 2560K, 0% used [0x00000000d5580000,0x00000000d5580000,0x00000000d5800000)
  from space 1024K, 85% used [0x00000000d5900000,0x00000000d59dbed0,0x00000000d5a00000)
  to   space 1024K, 0% used [0x00000000d5800000,0x00000000d5800000,0x00000000d5900000)
 ParOldGen       total 1136640K, used 1136144K [0x0000000080000000, 0x00000000c5600000, 0x00000000d5580000)
  object space 1136640K, 99% used [0x0000000080000000,0x00000000c55842e0,0x00000000c5600000)
 Metaspace       used 93207K, committed 94976K, reserved 1179648K
  class space    used 9400K, committed 10240K, reserved 1048576K
}
Event: 6168.520 GC heap before
{Heap before GC invocations=2455 (full 5):
 PSYoungGen      total 3584K, used 3439K [0x00000000d5580000, 0x00000000d5a00000, 0x0000000100000000)
  eden space 2560K, 100% used [0x00000000d5580000,0x00000000d5800000,0x00000000d5800000)
  from space 1024K, 85% used [0x00000000d5900000,0x00000000d59dbed0,0x00000000d5a00000)
  to   space 1024K, 0% used [0x00000000d5800000,0x00000000d5800000,0x00000000d5900000)
 ParOldGen       total 1148416K, used 1147664K [0x0000000080000000, 0x00000000c6180000, 0x00000000d5580000)
  object space 1148416K, 99% used [0x0000000080000000,0x00000000c60c42f0,0x00000000c6180000)
 Metaspace       used 93207K, committed 94976K, reserved 1179648K
  class space    used 9400K, committed 10240K, reserved 1048576K
}
Event: 6168.523 GC heap after
{Heap after GC invocations=2455 (full 5):
 PSYoungGen      total 3584K, used 1024K [0x00000000d5580000, 0x00000000d5f80000, 0x0000000100000000)
  eden space 2560K, 0% used [0x00000000d5580000,0x00000000d5580000,0x00000000d5800000)
  from space 1024K, 100% used [0x00000000d5800000,0x00000000d5900000,0x00000000d5900000)
  to   space 3584K, 0% used [0x00000000d5c00000,0x00000000d5c00000,0x00000000d5f80000)
 ParOldGen       total 1149952K, used 1149632K [0x0000000080000000, 0x00000000c6300000, 0x00000000d5580000)
  object space 1149952K, 99% used [0x0000000080000000,0x00000000c62b01b0,0x00000000c6300000)
 Metaspace       used 93207K, committed 94976K, reserved 1179648K
  class space    used 9400K, committed 10240K, reserved 1048576K
}
Event: 6168.526 GC heap before
{Heap before GC invocations=2456 (full 5):
 PSYoungGen      total 3584K, used 3584K [0x00000000d5580000, 0x00000000d5f80000, 0x0000000100000000)
  eden space 2560K, 100% used [0x00000000d5580000,0x00000000d5800000,0x00000000d5800000)
  from space 1024K, 100% used [0x00000000d5800000,0x00000000d5900000,0x00000000d5900000)
  to   space 3584K, 0% used [0x00000000d5c00000,0x00000000d5c00000,0x00000000d5f80000)
 ParOldGen       total 1149952K, used 1149632K [0x0000000080000000, 0x00000000c6300000, 0x00000000d5580000)
  object space 1149952K, 99% used [0x0000000080000000,0x00000000c62b01b0,0x00000000c6300000)
 Metaspace       used 93208K, committed 94976K, reserved 1179648K
  class space    used 9400K, committed 10240K, reserved 1048576K
}
Event: 6168.529 GC heap after
{Heap after GC invocations=2456 (full 5):
 PSYoungGen      total 5632K, used 2240K [0x00000000d5580000, 0x00000000d5e80000, 0x0000000100000000)
  eden space 3072K, 0% used [0x00000000d5580000,0x00000000d5580000,0x00000000d5880000)
  from space 2560K, 87% used [0x00000000d5c00000,0x00000000d5e30000,0x00000000d5e80000)
  to   space 2560K, 0% used [0x00000000d5980000,0x00000000d5980000,0x00000000d5c00000)
 ParOldGen       total 1150976K, used 1150696K [0x0000000080000000, 0x00000000c6400000, 0x00000000d5580000)
  object space 1150976K, 99% used [0x0000000080000000,0x00000000c63ba1b0,0x00000000c6400000)
 Metaspace       used 93208K, committed 94976K, reserved 1179648K
  class space    used 9400K, committed 10240K, reserved 1048576K
}
Event: 6168.535 GC heap before
{Heap before GC invocations=2457 (full 5):
 PSYoungGen      total 5632K, used 5312K [0x00000000d5580000, 0x00000000d5e80000, 0x0000000100000000)
  eden space 3072K, 100% used [0x00000000d5580000,0x00000000d5880000,0x00000000d5880000)
  from space 2560K, 87% used [0x00000000d5c00000,0x00000000d5e30000,0x00000000d5e80000)
  to   space 2560K, 0% used [0x00000000d5980000,0x00000000d5980000,0x00000000d5c00000)
 ParOldGen       total 1150976K, used 1150696K [0x0000000080000000, 0x00000000c6400000, 0x00000000d5580000)
  object space 1150976K, 99% used [0x0000000080000000,0x00000000c63ba1b0,0x00000000c6400000)
 Metaspace       used 93210K, committed 94976K, reserved 1179648K
  class space    used 9400K, committed 10240K, reserved 1048576K
}
Event: 6168.538 GC heap after
{Heap after GC invocations=2457 (full 5):
 PSYoungGen      total 6656K, used 2560K [0x00000000d5580000, 0x00000000d6480000, 0x0000000100000000)
  eden space 4096K, 0% used [0x00000000d5580000,0x00000000d5580000,0x00000000d5980000)
  from space 2560K, 100% used [0x00000000d5980000,0x00000000d5c00000,0x00000000d5c00000)
  to   space 5632K, 0% used [0x00000000d5f00000,0x00000000d5f00000,0x00000000d6480000)
 ParOldGen       total 1153024K, used 1153016K [0x0000000080000000, 0x00000000c6600000, 0x00000000d5580000)
  object space 1153024K, 99% used [0x0000000080000000,0x00000000c65fe1b0,0x00000000c6600000)
 Metaspace       used 93210K, committed 94976K, reserved 1179648K
  class space    used 9400K, committed 10240K, reserved 1048576K
}
Event: 6168.562 GC heap before
{Heap before GC invocations=2458 (full 5):
 PSYoungGen      total 6656K, used 6656K [0x00000000d5580000, 0x00000000d6480000, 0x0000000100000000)
  eden space 4096K, 100% used [0x00000000d5580000,0x00000000d5980000,0x00000000d5980000)
  from space 2560K, 100% used [0x00000000d5980000,0x00000000d5c00000,0x00000000d5c00000)
  to   space 5632K, 0% used [0x00000000d5f00000,0x00000000d5f00000,0x00000000d6480000)
 ParOldGen       total 1153024K, used 1153016K [0x0000000080000000, 0x00000000c6600000, 0x00000000d5580000)
  object space 1153024K, 99% used [0x0000000080000000,0x00000000c65fe1b0,0x00000000c6600000)
 Metaspace       used 93210K, committed 94976K, reserved 1179648K
  class space    used 9400K, committed 10240K, reserved 1048576K
}
Event: 6168.565 GC heap after
{Heap after GC invocations=2458 (full 5):
 PSYoungGen      total 7680K, used 2544K [0x00000000d5580000, 0x00000000d6180000, 0x0000000100000000)
  eden space 5120K, 0% used [0x00000000d5580000,0x00000000d5580000,0x00000000d5a80000)
  from space 2560K, 99% used [0x00000000d5f00000,0x00000000d617c000,0x00000000d6180000)
  to   space 3584K, 0% used [0x00000000d5a80000,0x00000000d5a80000,0x00000000d5e00000)
 ParOldGen       total 1156096K, used 1155624K [0x0000000080000000, 0x00000000c6900000, 0x00000000d5580000)
  object space 1156096K, 99% used [0x0000000080000000,0x00000000c688a1b0,0x00000000c6900000)
 Metaspace       used 93210K, committed 94976K, reserved 1179648K
  class space    used 9400K, committed 10240K, reserved 1048576K
}

