# JRE version: OpenJDK Runtime Environment Temurin-21.0.11+10 (21.0.11+10) (build 21.0.11+10-LTS)
# Java VM: OpenJDK 64-Bit Server VM Temurin-21.0.11+10 (21.0.11+10-LTS, mixed mode, sharing, tiered, compressed oops, compressed class ptrs, parallel gc, windows-amd64)
GC Precious Log:
 CardTable entry size: 512
 CPUs: 12 total, 12 available
 Memory: 15681M
 Large Page Support: Disabled
 NUMA Support: Disabled
 Compressed Oops: Enabled (32-bit)
 Alignments: Space 512K, Generation 512K, Heap 2M
 Heap Min Capacity: 100M
 Heap Initial Capacity: 100M
 Heap Max Capacity: 2G
 Pre-touch: Disabled
 Parallel Workers: 10
Heap:
 PSYoungGen      total 9216K, used 960K [0x00000000d5580000, 0x00000000d6200000, 0x0000000100000000)
  eden space 6656K, 8% used [0x00000000d5580000,0x00000000d5610348,0x00000000d5c00000)
  from space 2560K, 15% used [0x00000000d5e00000,0x00000000d5e60020,0x00000000d6080000)
  to   space 1024K, 0% used [0x00000000d6100000,0x00000000d6100000,0x00000000d6200000)
 ParOldGen       total 686080K, used 685723K [0x0000000080000000, 0x00000000a9e00000, 0x00000000d5580000)
  object space 686080K, 99% used [0x0000000080000000,0x00000000a9da6ed8,0x00000000a9e00000)
 Metaspace       used 97971K, committed 99904K, reserved 1179648K
  class space    used 9893K, committed 10880K, reserved 1048576K
GC Heap History (20 events):
Event: 21339.615 GC heap before
{Heap before GC invocations=3250 (full 9):
 PSYoungGen      total 4096K, used 3659K [0x00000000d5580000, 0x00000000d5d00000, 0x0000000100000000)
  eden space 2048K, 100% used [0x00000000d5580000,0x00000000d5780000,0x00000000d5780000)
  from space 2048K, 78% used [0x00000000d5780000,0x00000000d5912e00,0x00000000d5980000)
  to   space 2560K, 0% used [0x00000000d5a80000,0x00000000d5a80000,0x00000000d5d00000)
 ParOldGen       total 631296K, used 630967K [0x0000000080000000, 0x00000000a6880000, 0x00000000d5580000)
  object space 631296K, 99% used [0x0000000080000000,0x00000000a682dc38,0x00000000a6880000)
 Metaspace       used 97939K, committed 99840K, reserved 1179648K
  class space    used 9893K, committed 10880K, reserved 1048576K
}
Event: 21339.619 GC heap after
{Heap after GC invocations=3250 (full 9):
 PSYoungGen      total 4096K, used 1495K [0x00000000d5580000, 0x00000000d5c00000, 0x0000000100000000)
  eden space 2560K, 0% used [0x00000000d5580000,0x00000000d5580000,0x00000000d5800000)
  from space 1536K, 97% used [0x00000000d5a80000,0x00000000d5bf5c00,0x00000000d5c00000)
  to   space 2048K, 0% used [0x00000000d5800000,0x00000000d5800000,0x00000000d5a00000)
 ParOldGen       total 632320K, used 632007K [0x0000000080000000, 0x00000000a6980000, 0x00000000d5580000)
  object space 632320K, 99% used [0x0000000080000000,0x00000000a6931c38,0x00000000a6980000)
 Metaspace       used 97939K, committed 99840K, reserved 1179648K
  class space    used 9893K, committed 10880K, reserved 1048576K
}
Event: 21339.627 GC heap before
{Heap before GC invocations=3251 (full 9):
 PSYoungGen      total 4096K, used 4047K [0x00000000d5580000, 0x00000000d5c00000, 0x0000000100000000)
  eden space 2560K, 99% used [0x00000000d5580000,0x00000000d57fe248,0x00000000d5800000)
  from space 1536K, 97% used [0x00000000d5a80000,0x00000000d5bf5c00,0x00000000d5c00000)
  to   space 2048K, 0% used [0x00000000d5800000,0x00000000d5800000,0x00000000d5a00000)
 ParOldGen       total 632320K, used 632007K [0x0000000080000000, 0x00000000a6980000, 0x00000000d5580000)
  object space 632320K, 99% used [0x0000000080000000,0x00000000a6931c38,0x00000000a6980000)
 Metaspace       used 97949K, committed 99840K, reserved 1179648K
  class space    used 9893K, committed 10880K, reserved 1048576K
}
Event: 21339.631 GC heap after
{Heap after GC invocations=3251 (full 9):
 PSYoungGen      total 4608K, used 2030K [0x00000000d5580000, 0x00000000d6480000, 0x0000000100000000)
  eden space 2560K, 0% used [0x00000000d5580000,0x00000000d5580000,0x00000000d5800000)
  from space 2048K, 99% used [0x00000000d5800000,0x00000000d59fb840,0x00000000d5a00000)
  to   space 6144K, 0% used [0x00000000d5e80000,0x00000000d5e80000,0x00000000d6480000)
 ParOldGen       total 635392K, used 635020K [0x0000000080000000, 0x00000000a6c80000, 0x00000000d5580000)
  object space 635392K, 99% used [0x0000000080000000,0x00000000a6c23038,0x00000000a6c80000)
 Metaspace       used 97949K, committed 99840K, reserved 1179648K
  class space    used 9893K, committed 10880K, reserved 1048576K
}
Event: 21339.644 GC heap before
{Heap before GC invocations=3252 (full 9):
 PSYoungGen      total 4608K, used 4590K [0x00000000d5580000, 0x00000000d6480000, 0x0000000100000000)
  eden space 2560K, 100% used [0x00000000d5580000,0x00000000d5800000,0x00000000d5800000)
  from space 2048K, 99% used [0x00000000d5800000,0x00000000d59fb840,0x00000000d5a00000)
  to   space 6144K, 0% used [0x00000000d5e80000,0x00000000d5e80000,0x00000000d6480000)
 ParOldGen       total 635392K, used 635020K [0x0000000080000000, 0x00000000a6c80000, 0x00000000d5580000)
  object space 635392K, 99% used [0x0000000080000000,0x00000000a6c23038,0x00000000a6c80000)
 Metaspace       used 97950K, committed 99840K, reserved 1179648K
  class space    used 9893K, committed 10880K, reserved 1048576K
}
Event: 21339.648 GC heap after
{Heap after GC invocations=3252 (full 9):
 PSYoungGen      total 6144K, used 2632K [0x00000000d5580000, 0x00000000d6180000, 0x0000000100000000)
  eden space 3072K, 0% used [0x00000000d5580000,0x00000000d5580000,0x00000000d5880000)
  from space 3072K, 85% used [0x00000000d5e80000,0x00000000d61120f8,0x00000000d6180000)
  to   space 3584K, 0% used [0x00000000d5a80000,0x00000000d5a80000,0x00000000d5e00000)
 ParOldGen       total 637440K, used 637010K [0x0000000080000000, 0x00000000a6e80000, 0x00000000d5580000)
  object space 637440K, 99% used [0x0000000080000000,0x00000000a6e148b8,0x00000000a6e80000)
 Metaspace       used 97950K, committed 99840K, reserved 1179648K
  class space    used 9893K, committed 10880K, reserved 1048576K
}
Event: 21339.658 GC heap before
{Heap before GC invocations=3253 (full 9):
 PSYoungGen      total 6144K, used 5704K [0x00000000d5580000, 0x00000000d6180000, 0x0000000100000000)
  eden space 3072K, 100% used [0x00000000d5580000,0x00000000d5880000,0x00000000d5880000)
  from space 3072K, 85% used [0x00000000d5e80000,0x00000000d61120f8,0x00000000d6180000)
  to   space 3584K, 0% used [0x00000000d5a80000,0x00000000d5a80000,0x00000000d5e00000)
 ParOldGen       total 637440K, used 637010K [0x0000000080000000, 0x00000000a6e80000, 0x00000000d5580000)
  object space 637440K, 99% used [0x0000000080000000,0x00000000a6e148b8,0x00000000a6e80000)
 Metaspace       used 97950K, committed 99840K, reserved 1179648K
  class space    used 9893K, committed 10880K, reserved 1048576K
}
Event: 21339.662 GC heap after
{Heap after GC invocations=3253 (full 9):
 PSYoungGen      total 7168K, used 2660K [0x00000000d5580000, 0x00000000d5f80000, 0x0000000100000000)
  eden space 4096K, 0% used [0x00000000d5580000,0x00000000d5580000,0x00000000d5980000)
  from space 3072K, 86% used [0x00000000d5a80000,0x00000000d5d19368,0x00000000d5d80000)
  to   space 2048K, 0% used [0x00000000d5d80000,0x00000000d5d80000,0x00000000d5f80000)
 ParOldGen       total 640000K, used 639511K [0x0000000080000000, 0x00000000a7100000, 0x00000000d5580000)
  object space 640000K, 99% used [0x0000000080000000,0x00000000a7085e78,0x00000000a7100000)
 Metaspace       used 97950K, committed 99840K, reserved 1179648K
  class space    used 9893K, committed 10880K, reserved 1048576K
}
Event: 21339.681 GC heap before
{Heap before GC invocations=3254 (full 9):
 PSYoungGen      total 7168K, used 6756K [0x00000000d5580000, 0x00000000d5f80000, 0x0000000100000000)
  eden space 4096K, 100% used [0x00000000d5580000,0x00000000d5980000,0x00000000d5980000)
  from space 3072K, 86% used [0x00000000d5a80000,0x00000000d5d19368,0x00000000d5d80000)
  to   space 2048K, 0% used [0x00000000d5d80000,0x00000000d5d80000,0x00000000d5f80000)
 ParOldGen       total 640000K, used 639511K [0x0000000080000000, 0x00000000a7100000, 0x00000000d5580000)
  object space 640000K, 99% used [0x0000000080000000,0x00000000a7085e78,0x00000000a7100000)
 Metaspace       used 97951K, committed 99840K, reserved 1179648K
  class space    used 9893K, committed 10880K, reserved 1048576K
}
Event: 21339.684 GC heap after
{Heap after GC invocations=3254 (full 9):
 PSYoungGen      total 6656K, used 1120K [0x00000000d5580000, 0x00000000d5f00000, 0x0000000100000000)
  eden space 5120K, 0% used [0x00000000d5580000,0x00000000d5580000,0x00000000d5a80000)
  from space 1536K, 72% used [0x00000000d5d80000,0x00000000d5e98020,0x00000000d5f00000)
  to   space 2048K, 0% used [0x00000000d5b00000,0x00000000d5b00000,0x00000000d5d00000)
 ParOldGen       total 642048K, used 641957K [0x0000000080000000, 0x00000000a7300000, 0x00000000d5580000)
  object space 642048K, 99% used [0x0000000080000000,0x00000000a72e95e0,0x00000000a7300000)
 Metaspace       used 97951K, committed 99840K, reserved 1179648K
  class space    used 9893K, committed 10880K, reserved 1048576K
}
Event: 21339.700 GC heap before
{Heap before GC invocations=3255 (full 9):
 PSYoungGen      total 6656K, used 6240K [0x00000000d5580000, 0x00000000d5f00000, 0x0000000100000000)
  eden space 5120K, 100% used [0x00000000d5580000,0x00000000d5a80000,0x00000000d5a80000)
  from space 1536K, 72% used [0x00000000d5d80000,0x00000000d5e98020,0x00000000d5f00000)
  to   space 2048K, 0% used [0x00000000d5b00000,0x00000000d5b00000,0x00000000d5d00000)
 ParOldGen       total 642048K, used 641957K [0x0000000080000000, 0x00000000a7300000, 0x00000000d5580000)
  object space 642048K, 99% used [0x0000000080000000,0x00000000a72e95e0,0x00000000a7300000)
 Metaspace       used 97951K, committed 99840K, reserved 1179648K
  class space    used 9893K, committed 10880K, reserved 1048576K
}
Event: 21339.704 GC heap after
{Heap after GC invocations=3255 (full 9):
 PSYoungGen      total 7680K, used 2047K [0x00000000d5580000, 0x00000000d6580000, 0x0000000100000000)
  eden space 5632K, 0% used [0x00000000d5580000,0x00000000d5580000,0x00000000d5b00000)
  from space 2048K, 99% used [0x00000000d5b00000,0x00000000d5cffd80,0x00000000d5d00000)
  to   space 5120K, 0% used [0x00000000d6080000,0x00000000d6080000,0x00000000d6580000)
 ParOldGen       total 644096K, used 644047K [0x0000000080000000, 0x00000000a7500000, 0x00000000d5580000)
  object space 644096K, 99% used [0x0000000080000000,0x00000000a74f3c78,0x00000000a7500000)
 Metaspace       used 97951K, committed 99840K, reserved 1179648K
  class space    used 9893K, committed 10880K, reserved 1048576K
}
Event: 21339.715 GC heap before
{Heap before GC invocations=3256 (full 9):
 PSYoungGen      total 7680K, used 7679K [0x00000000d5580000, 0x00000000d6580000, 0x0000000100000000)
  eden space 5632K, 100% used [0x00000000d5580000,0x00000000d5b00000,0x00000000d5b00000)
  from space 2048K, 99% used [0x00000000d5b00000,0x00000000d5cffd80,0x00000000d5d00000)
  to   space 5120K, 0% used [0x00000000d6080000,0x00000000d6080000,0x00000000d6580000)
 ParOldGen       total 644096K, used 644047K [0x0000000080000000, 0x00000000a7500000, 0x00000000d5580000)
  object space 644096K, 99% used [0x0000000080000000,0x00000000a74f3c78,0x00000000a7500000)
 Metaspace       used 97951K, committed 99840K, reserved 1179648K
  class space    used 9893K, committed 10880K, reserved 1048576K
}
Event: 21339.719 GC heap after
{Heap after GC invocations=3256 (full 9):
 PSYoungGen      total 11776K, used 4064K [0x00000000d5580000, 0x00000000d6580000, 0x0000000100000000)
  eden space 6656K, 0% used [0x00000000d5580000,0x00000000d5580000,0x00000000d5c00000)
  from space 5120K, 79% used [0x00000000d6080000,0x00000000d6478000,0x00000000d6580000)
  to   space 4608K, 0% used [0x00000000d5c00000,0x00000000d5c00000,0x00000000d6080000)
 ParOldGen       total 646144K, used 646142K [0x0000000080000000, 0x00000000a7700000, 0x00000000d5580000)
  object space 646144K, 99% used [0x0000000080000000,0x00000000a76ff9f8,0x00000000a7700000)
 Metaspace       used 97951K, committed 99840K, reserved 1179648K
  class space    used 9893K, committed 10880K, reserved 1048576K
}
Event: 21339.735 GC heap before
{Heap before GC invocations=3257 (full 9):
 PSYoungGen      total 11776K, used 10720K [0x00000000d5580000, 0x00000000d6580000, 0x0000000100000000)
  eden space 6656K, 100% used [0x00000000d5580000,0x00000000d5c00000,0x00000000d5c00000)
  from space 5120K, 79% used [0x00000000d6080000,0x00000000d6478000,0x00000000d6580000)
  to   space 4608K, 0% used [0x00000000d5c00000,0x00000000d5c00000,0x00000000d6080000)
 ParOldGen       total 646144K, used 646142K [0x0000000080000000, 0x00000000a7700000, 0x00000000d5580000)
  object space 646144K, 99% used [0x0000000080000000,0x00000000a76ff9f8,0x00000000a7700000)
 Metaspace       used 97951K, committed 99840K, reserved 1179648K
  class space    used 9893K, committed 10880K, reserved 1048576K
}
Event: 21339.740 GC heap after
{Heap after GC invocations=3257 (full 9):
 PSYoungGen      total 11264K, used 4056K [0x00000000d5580000, 0x00000000d6580000, 0x0000000100000000)
  eden space 6656K, 0% used [0x00000000d5580000,0x00000000d5580000,0x00000000d5c00000)
  from space 4608K, 88% used [0x00000000d5c00000,0x00000000d5ff6000,0x00000000d6080000)
  to   space 4096K, 0% used [0x00000000d6180000,0x00000000d6180000,0x00000000d6580000)
 ParOldGen       total 650240K, used 650174K [0x0000000080000000, 0x00000000a7b00000, 0x00000000d5580000)
  object space 650240K, 99% used [0x0000000080000000,0x00000000a7aef9f8,0x00000000a7b00000)
 Metaspace       used 97951K, committed 99840K, reserved 1179648K
  class space    used 9893K, committed 10880K, reserved 1048576K
}
Event: 21339.819 GC heap before
{Heap before GC invocations=3258 (full 9):
 PSYoungGen      total 11264K, used 10712K [0x00000000d5580000, 0x00000000d6580000, 0x0000000100000000)
  eden space 6656K, 100% used [0x00000000d5580000,0x00000000d5c00000,0x00000000d5c00000)
  from space 4608K, 88% used [0x00000000d5c00000,0x00000000d5ff6000,0x00000000d6080000)
  to   space 4096K, 0% used [0x00000000d6180000,0x00000000d6180000,0x00000000d6580000)
 ParOldGen       total 681984K, used 680894K [0x0000000080000000, 0x00000000a9a00000, 0x00000000d5580000)
  object space 681984K, 99% used [0x0000000080000000,0x00000000a98efa28,0x00000000a9a00000)
 Metaspace       used 97959K, committed 99840K, reserved 1179648K
  class space    used 9893K, committed 10880K, reserved 1048576K
}
Event: 21339.825 GC heap after
{Heap after GC invocations=3258 (full 9):
 PSYoungGen      total 8192K, used 1472K [0x00000000d5580000, 0x00000000d6300000, 0x0000000100000000)
  eden space 6656K, 0% used [0x00000000d5580000,0x00000000d5580000,0x00000000d5c00000)
  from space 1536K, 95% used [0x00000000d6180000,0x00000000d62f0000,0x00000000d6300000)
  to   space 2560K, 0% used [0x00000000d5e00000,0x00000000d5e00000,0x00000000d6080000)
 ParOldGen       total 684544K, used 684419K [0x0000000080000000, 0x00000000a9c80000, 0x00000000d5580000)
  object space 684544K, 99% used [0x0000000080000000,0x00000000a9c60c78,0x00000000a9c80000)
 Metaspace       used 97959K, committed 99840K, reserved 1179648K
  class space    used 9893K, committed 10880K, reserved 1048576K
}
Event: 21639.636 GC heap before
{Heap before GC invocations=3259 (full 9):
 PSYoungGen      total 8192K, used 8128K [0x00000000d5580000, 0x00000000d6300000, 0x0000000100000000)
  eden space 6656K, 100% used [0x00000000d5580000,0x00000000d5c00000,0x00000000d5c00000)
  from space 1536K, 95% used [0x00000000d6180000,0x00000000d62f0000,0x00000000d6300000)
  to   space 2560K, 0% used [0x00000000d5e00000,0x00000000d5e00000,0x00000000d6080000)
 ParOldGen       total 684544K, used 684419K [0x0000000080000000, 0x00000000a9c80000, 0x00000000d5580000)
  object space 684544K, 99% used [0x0000000080000000,0x00000000a9c60c78,0x00000000a9c80000)
 Metaspace       used 97969K, committed 99904K, reserved 1179648K
  class space    used 9893K, committed 10880K, reserved 1048576K
}
Event: 21639.638 GC heap after
{Heap after GC invocations=3259 (full 9):
 PSYoungGen      total 9216K, used 384K [0x00000000d5580000, 0x00000000d6200000, 0x0000000100000000)
  eden space 6656K, 0% used [0x00000000d5580000,0x00000000d5580000,0x00000000d5c00000)
  from space 2560K, 15% used [0x00000000d5e00000,0x00000000d5e60020,0x00000000d6080000)
  to   space 1024K, 0% used [0x00000000d6100000,0x00000000d6100000,0x00000000d6200000)
 ParOldGen       total 686080K, used 685723K [0x0000000080000000, 0x00000000a9e00000, 0x00000000d5580000)
  object space 686080K, 99% used [0x0000000080000000,0x00000000a9da6ed8,0x00000000a9e00000)
 Metaspace       used 97969K, committed 99904K, reserved 1179648K
  class space    used 9893K, committed 10880K, reserved 1048576K
}

