# JRE version: OpenJDK Runtime Environment Temurin-21.0.11+10 (21.0.11+10) (build 21.0.11+10-LTS)
# Java VM: OpenJDK 64-Bit Server VM Temurin-21.0.11+10 (21.0.11+10-LTS, mixed mode, sharing, tiered, compressed oops, compressed class ptrs, parallel gc, windows-amd64)
GC Precious Log:
 CardTable entry size: 512
 CPUs: 12 total, 12 available
 Memory: 15681M
 Large Page Support: Disabled
 NUMA Support: Disabled
 Compressed Oops: Enabled (32-bit)
 Alignments: Space 512K, Generation 512K, Heap 2M
 Heap Min Capacity: 100M
 Heap Initial Capacity: 100M
 Heap Max Capacity: 2G
 Pre-touch: Disabled
 Parallel Workers: 10
Heap:
 PSYoungGen      total 22016K, used 21596K [0x00000000d5580000, 0x00000000d6c00000, 0x0000000100000000)
  eden space 20992K, 100% used [0x00000000d5580000,0x00000000d6a00000,0x00000000d6a00000)
  from space 1024K, 59% used [0x00000000d6a00000,0x00000000d6a97298,0x00000000d6b00000)
  to   space 1024K, 0% used [0x00000000d6b00000,0x00000000d6b00000,0x00000000d6c00000)
 ParOldGen       total 79360K, used 79359K [0x0000000080000000, 0x0000000084d80000, 0x00000000d5580000)
  object space 79360K, 99% used [0x0000000080000000,0x0000000084d7ffe8,0x0000000084d80000)
 Metaspace       used 66550K, committed 68224K, reserved 1114112K
  class space    used 6953K, committed 7744K, reserved 1048576K
GC Heap History (20 events):
Event: 13.943 GC heap before
{Heap before GC invocations=79 (full 3):
 PSYoungGen      total 22016K, used 21728K [0x00000000d5580000, 0x00000000d6d00000, 0x0000000100000000)
  eden space 20992K, 100% used [0x00000000d5580000,0x00000000d6a00000,0x00000000d6a00000)
  from space 1024K, 71% used [0x00000000d6a00000,0x00000000d6ab8000,0x00000000d6b00000)
  to   space 1536K, 0% used [0x00000000d6b80000,0x00000000d6b80000,0x00000000d6d00000)
 ParOldGen       total 73728K, used 73418K [0x0000000080000000, 0x0000000084800000, 0x00000000d5580000)
  object space 73728K, 99% used [0x0000000080000000,0x00000000847b2870,0x0000000084800000)
 Metaspace       used 66484K, committed 68160K, reserved 1114112K
  class space    used 6950K, committed 7744K, reserved 1048576K
}
Event: 13.944 GC heap after
{Heap after GC invocations=79 (full 3):
 PSYoungGen      total 22016K, used 870K [0x00000000d5580000, 0x00000000d6c80000, 0x0000000100000000)
  eden space 20992K, 0% used [0x00000000d5580000,0x00000000d5580000,0x00000000d6a00000)
  from space 1024K, 85% used [0x00000000d6b80000,0x00000000d6c59af8,0x00000000d6c80000)
  to   space 1024K, 0% used [0x00000000d6a00000,0x00000000d6a00000,0x00000000d6b00000)
 ParOldGen       total 74240K, used 74056K [0x0000000080000000, 0x0000000084880000, 0x00000000d5580000)
  object space 74240K, 99% used [0x0000000080000000,0x0000000084852200,0x0000000084880000)
 Metaspace       used 66484K, committed 68160K, reserved 1114112K
  class space    used 6950K, committed 7744K, reserved 1048576K
}
Event: 13.956 GC heap before
{Heap before GC invocations=80 (full 3):
 PSYoungGen      total 22016K, used 21862K [0x00000000d5580000, 0x00000000d6c80000, 0x0000000100000000)
  eden space 20992K, 100% used [0x00000000d5580000,0x00000000d6a00000,0x00000000d6a00000)
  from space 1024K, 85% used [0x00000000d6b80000,0x00000000d6c59af8,0x00000000d6c80000)
  to   space 1024K, 0% used [0x00000000d6a00000,0x00000000d6a00000,0x00000000d6b00000)
 ParOldGen       total 74240K, used 74056K [0x0000000080000000, 0x0000000084880000, 0x00000000d5580000)
  object space 74240K, 99% used [0x0000000080000000,0x0000000084852200,0x0000000084880000)
 Metaspace       used 66484K, committed 68160K, reserved 1114112K
  class space    used 6950K, committed 7744K, reserved 1048576K
}
Event: 13.958 GC heap after
{Heap after GC invocations=80 (full 3):
 PSYoungGen      total 22016K, used 768K [0x00000000d5580000, 0x00000000d6c00000, 0x0000000100000000)
  eden space 20992K, 0% used [0x00000000d5580000,0x00000000d5580000,0x00000000d6a00000)
  from space 1024K, 75% used [0x00000000d6a00000,0x00000000d6ac0000,0x00000000d6b00000)
  to   space 1024K, 0% used [0x00000000d6b00000,0x00000000d6b00000,0x00000000d6c00000)
 ParOldGen       total 75264K, used 74836K [0x0000000080000000, 0x0000000084980000, 0x00000000d5580000)
  object space 75264K, 99% used [0x0000000080000000,0x0000000084915108,0x0000000084980000)
 Metaspace       used 66484K, committed 68160K, reserved 1114112K
  class space    used 6950K, committed 7744K, reserved 1048576K
}
Event: 13.973 GC heap before
{Heap before GC invocations=81 (full 3):
 PSYoungGen      total 22016K, used 21760K [0x00000000d5580000, 0x00000000d6c00000, 0x0000000100000000)
  eden space 20992K, 100% used [0x00000000d5580000,0x00000000d6a00000,0x00000000d6a00000)
  from space 1024K, 75% used [0x00000000d6a00000,0x00000000d6ac0000,0x00000000d6b00000)
  to   space 1024K, 0% used [0x00000000d6b00000,0x00000000d6b00000,0x00000000d6c00000)
 ParOldGen       total 75264K, used 74836K [0x0000000080000000, 0x0000000084980000, 0x00000000d5580000)
  object space 75264K, 99% used [0x0000000080000000,0x0000000084915108,0x0000000084980000)
 Metaspace       used 66485K, committed 68160K, reserved 1114112K
  class space    used 6950K, committed 7744K, reserved 1048576K
}
Event: 13.975 GC heap after
{Heap after GC invocations=81 (full 3):
 PSYoungGen      total 22016K, used 738K [0x00000000d5580000, 0x00000000d6c00000, 0x0000000100000000)
  eden space 20992K, 0% used [0x00000000d5580000,0x00000000d5580000,0x00000000d6a00000)
  from space 1024K, 72% used [0x00000000d6b00000,0x00000000d6bb88f8,0x00000000d6c00000)
  to   space 1024K, 0% used [0x00000000d6a00000,0x00000000d6a00000,0x00000000d6b00000)
 ParOldGen       total 75776K, used 75429K [0x0000000080000000, 0x0000000084a00000, 0x00000000d5580000)
  object space 75776K, 99% used [0x0000000080000000,0x00000000849a9410,0x0000000084a00000)
 Metaspace       used 66485K, committed 68160K, reserved 1114112K
  class space    used 6950K, committed 7744K, reserved 1048576K
}
Event: 13.991 GC heap before
{Heap before GC invocations=82 (full 3):
 PSYoungGen      total 22016K, used 21730K [0x00000000d5580000, 0x00000000d6c00000, 0x0000000100000000)
  eden space 20992K, 100% used [0x00000000d5580000,0x00000000d6a00000,0x00000000d6a00000)
  from space 1024K, 72% used [0x00000000d6b00000,0x00000000d6bb88f8,0x00000000d6c00000)
  to   space 1024K, 0% used [0x00000000d6a00000,0x00000000d6a00000,0x00000000d6b00000)
 ParOldGen       total 75776K, used 75429K [0x0000000080000000, 0x0000000084a00000, 0x00000000d5580000)
  object space 75776K, 99% used [0x0000000080000000,0x00000000849a9410,0x0000000084a00000)
 Metaspace       used 66485K, committed 68160K, reserved 1114112K
  class space    used 6950K, committed 7744K, reserved 1048576K
}
Event: 13.992 GC heap after
{Heap after GC invocations=82 (full 3):
 PSYoungGen      total 22016K, used 654K [0x00000000d5580000, 0x00000000d6c00000, 0x0000000100000000)
  eden space 20992K, 0% used [0x00000000d5580000,0x00000000d5580000,0x00000000d6a00000)
  from space 1024K, 63% used [0x00000000d6a00000,0x00000000d6aa3998,0x00000000d6b00000)
  to   space 1024K, 0% used [0x00000000d6b00000,0x00000000d6b00000,0x00000000d6c00000)
 ParOldGen       total 76288K, used 75898K [0x0000000080000000, 0x0000000084a80000, 0x00000000d5580000)
  object space 76288K, 99% used [0x0000000080000000,0x0000000084a1ea78,0x0000000084a80000)
 Metaspace       used 66485K, committed 68160K, reserved 1114112K
  class space    used 6950K, committed 7744K, reserved 1048576K
}
Event: 14.009 GC heap before
{Heap before GC invocations=83 (full 3):
 PSYoungGen      total 22016K, used 21646K [0x00000000d5580000, 0x00000000d6c00000, 0x0000000100000000)
  eden space 20992K, 100% used [0x00000000d5580000,0x00000000d6a00000,0x00000000d6a00000)
  from space 1024K, 63% used [0x00000000d6a00000,0x00000000d6aa3998,0x00000000d6b00000)
  to   space 1024K, 0% used [0x00000000d6b00000,0x00000000d6b00000,0x00000000d6c00000)
 ParOldGen       total 76288K, used 75901K [0x0000000080000000, 0x0000000084a80000, 0x00000000d5580000)
  object space 76288K, 99% used [0x0000000080000000,0x0000000084a1f428,0x0000000084a80000)
 Metaspace       used 66495K, committed 68160K, reserved 1114112K
  class space    used 6950K, committed 7744K, reserved 1048576K
}
Event: 14.010 GC heap after
{Heap after GC invocations=83 (full 3):
 PSYoungGen      total 22016K, used 544K [0x00000000d5580000, 0x00000000d6c00000, 0x0000000100000000)
  eden space 20992K, 0% used [0x00000000d5580000,0x00000000d5580000,0x00000000d6a00000)
  from space 1024K, 53% used [0x00000000d6b00000,0x00000000d6b88000,0x00000000d6c00000)
  to   space 1024K, 0% used [0x00000000d6a00000,0x00000000d6a00000,0x00000000d6b00000)
 ParOldGen       total 76800K, used 76327K [0x0000000080000000, 0x0000000084b00000, 0x00000000d5580000)
  object space 76800K, 99% used [0x0000000080000000,0x0000000084a89e58,0x0000000084b00000)
 Metaspace       used 66495K, committed 68160K, reserved 1114112K
  class space    used 6950K, committed 7744K, reserved 1048576K
}
Event: 14.030 GC heap before
{Heap before GC invocations=84 (full 3):
 PSYoungGen      total 22016K, used 21536K [0x00000000d5580000, 0x00000000d6c00000, 0x0000000100000000)
  eden space 20992K, 100% used [0x00000000d5580000,0x00000000d6a00000,0x00000000d6a00000)
  from space 1024K, 53% used [0x00000000d6b00000,0x00000000d6b88000,0x00000000d6c00000)
  to   space 1024K, 0% used [0x00000000d6a00000,0x00000000d6a00000,0x00000000d6b00000)
 ParOldGen       total 76800K, used 76327K [0x0000000080000000, 0x0000000084b00000, 0x00000000d5580000)
  object space 76800K, 99% used [0x0000000080000000,0x0000000084a89e58,0x0000000084b00000)
 Metaspace       used 66533K, committed 68224K, reserved 1114112K
  class space    used 6953K, committed 7744K, reserved 1048576K
}
Event: 14.032 GC heap after
{Heap after GC invocations=84 (full 3):
 PSYoungGen      total 22016K, used 672K [0x00000000d5580000, 0x00000000d6c00000, 0x0000000100000000)
  eden space 20992K, 0% used [0x00000000d5580000,0x00000000d5580000,0x00000000d6a00000)
  from space 1024K, 65% used [0x00000000d6a00000,0x00000000d6aa8020,0x00000000d6b00000)
  to   space 1024K, 0% used [0x00000000d6b00000,0x00000000d6b00000,0x00000000d6c00000)
 ParOldGen       total 76800K, used 76679K [0x0000000080000000, 0x0000000084b00000, 0x00000000d5580000)
  object space 76800K, 99% used [0x0000000080000000,0x0000000084ae1e58,0x0000000084b00000)
 Metaspace       used 66533K, committed 68224K, reserved 1114112K
  class space    used 6953K, committed 7744K, reserved 1048576K
}
Event: 14.044 GC heap before
{Heap before GC invocations=85 (full 3):
 PSYoungGen      total 22016K, used 21664K [0x00000000d5580000, 0x00000000d6c00000, 0x0000000100000000)
  eden space 20992K, 100% used [0x00000000d5580000,0x00000000d6a00000,0x00000000d6a00000)
  from space 1024K, 65% used [0x00000000d6a00000,0x00000000d6aa8020,0x00000000d6b00000)
  to   space 1024K, 0% used [0x00000000d6b00000,0x00000000d6b00000,0x00000000d6c00000)
 ParOldGen       total 76800K, used 76679K [0x0000000080000000, 0x0000000084b00000, 0x00000000d5580000)
  object space 76800K, 99% used [0x0000000080000000,0x0000000084ae1e58,0x0000000084b00000)
 Metaspace       used 66533K, committed 68224K, reserved 1114112K
  class space    used 6953K, committed 7744K, reserved 1048576K
}
Event: 14.046 GC heap after
{Heap after GC invocations=85 (full 3):
 PSYoungGen      total 22016K, used 782K [0x00000000d5580000, 0x00000000d6c00000, 0x0000000100000000)
  eden space 20992K, 0% used [0x00000000d5580000,0x00000000d5580000,0x00000000d6a00000)
  from space 1024K, 76% used [0x00000000d6b00000,0x00000000d6bc39a0,0x00000000d6c00000)
  to   space 1024K, 0% used [0x00000000d6a00000,0x00000000d6a00000,0x00000000d6b00000)
 ParOldGen       total 77312K, used 77160K [0x0000000080000000, 0x0000000084b80000, 0x00000000d5580000)
  object space 77312K, 99% used [0x0000000080000000,0x0000000084b5a278,0x0000000084b80000)
 Metaspace       used 66533K, committed 68224K, reserved 1114112K
  class space    used 6953K, committed 7744K, reserved 1048576K
}
Event: 14.056 GC heap before
{Heap before GC invocations=86 (full 3):
 PSYoungGen      total 22016K, used 21774K [0x00000000d5580000, 0x00000000d6c00000, 0x0000000100000000)
  eden space 20992K, 100% used [0x00000000d5580000,0x00000000d6a00000,0x00000000d6a00000)
  from space 1024K, 76% used [0x00000000d6b00000,0x00000000d6bc39a0,0x00000000d6c00000)
  to   space 1024K, 0% used [0x00000000d6a00000,0x00000000d6a00000,0x00000000d6b00000)
 ParOldGen       total 77312K, used 77160K [0x0000000080000000, 0x0000000084b80000, 0x00000000d5580000)
  object space 77312K, 99% used [0x0000000080000000,0x0000000084b5a278,0x0000000084b80000)
 Metaspace       used 66533K, committed 68224K, reserved 1114112K
  class space    used 6953K, committed 7744K, reserved 1048576K
}
Event: 14.058 GC heap after
{Heap after GC invocations=86 (full 3):
 PSYoungGen      total 22016K, used 384K [0x00000000d5580000, 0x00000000d6c00000, 0x0000000100000000)
  eden space 20992K, 0% used [0x00000000d5580000,0x00000000d5580000,0x00000000d6a00000)
  from space 1024K, 37% used [0x00000000d6a00000,0x00000000d6a60000,0x00000000d6b00000)
  to   space 1024K, 0% used [0x00000000d6b00000,0x00000000d6b00000,0x00000000d6c00000)
 ParOldGen       total 77824K, used 77708K [0x0000000080000000, 0x0000000084c00000, 0x00000000d5580000)
  object space 77824K, 99% used [0x0000000080000000,0x0000000084be3378,0x0000000084c00000)
 Metaspace       used 66533K, committed 68224K, reserved 1114112K
  class space    used 6953K, committed 7744K, reserved 1048576K
}
Event: 14.071 GC heap before
{Heap before GC invocations=87 (full 3):
 PSYoungGen      total 22016K, used 21376K [0x00000000d5580000, 0x00000000d6c00000, 0x0000000100000000)
  eden space 20992K, 100% used [0x00000000d5580000,0x00000000d6a00000,0x00000000d6a00000)
  from space 1024K, 37% used [0x00000000d6a00000,0x00000000d6a60000,0x00000000d6b00000)
  to   space 1024K, 0% used [0x00000000d6b00000,0x00000000d6b00000,0x00000000d6c00000)
 ParOldGen       total 77824K, used 77708K [0x0000000080000000, 0x0000000084c00000, 0x00000000d5580000)
  object space 77824K, 99% used [0x0000000080000000,0x0000000084be3378,0x0000000084c00000)
 Metaspace       used 66533K, committed 68224K, reserved 1114112K
  class space    used 6953K, committed 7744K, reserved 1048576K
}
Event: 14.072 GC heap after
{Heap after GC invocations=87 (full 3):
 PSYoungGen      total 22016K, used 581K [0x00000000d5580000, 0x00000000d6c00000, 0x0000000100000000)
  eden space 20992K, 0% used [0x00000000d5580000,0x00000000d5580000,0x00000000d6a00000)
  from space 1024K, 56% used [0x00000000d6b00000,0x00000000d6b916b0,0x00000000d6c00000)
  to   space 1024K, 0% used [0x00000000d6a00000,0x00000000d6a00000,0x00000000d6b00000)
 ParOldGen       total 78336K, used 77908K [0x0000000080000000, 0x0000000084c80000, 0x00000000d5580000)
  object space 78336K, 99% used [0x0000000080000000,0x0000000084c15378,0x0000000084c80000)
 Metaspace       used 66533K, committed 68224K, reserved 1114112K
  class space    used 6953K, committed 7744K, reserved 1048576K
}
Event: 14.086 GC heap before
{Heap before GC invocations=88 (full 3):
 PSYoungGen      total 22016K, used 21573K [0x00000000d5580000, 0x00000000d6c00000, 0x0000000100000000)
  eden space 20992K, 100% used [0x00000000d5580000,0x00000000d6a00000,0x00000000d6a00000)
  from space 1024K, 56% used [0x00000000d6b00000,0x00000000d6b916b0,0x00000000d6c00000)
  to   space 1024K, 0% used [0x00000000d6a00000,0x00000000d6a00000,0x00000000d6b00000)
 ParOldGen       total 78336K, used 77908K [0x0000000080000000, 0x0000000084c80000, 0x00000000d5580000)
  object space 78336K, 99% used [0x0000000080000000,0x0000000084c15378,0x0000000084c80000)
 Metaspace       used 66540K, committed 68224K, reserved 1114112K
  class space    used 6953K, committed 7744K, reserved 1048576K
}
Event: 14.088 GC heap after
{Heap after GC invocations=88 (full 3):
 PSYoungGen      total 22016K, used 670K [0x00000000d5580000, 0x00000000d6c00000, 0x0000000100000000)
  eden space 20992K, 0% used [0x00000000d5580000,0x00000000d5580000,0x00000000d6a00000)
  from space 1024K, 65% used [0x00000000d6a00000,0x00000000d6aa7858,0x00000000d6b00000)
  to   space 1024K, 0% used [0x00000000d6b00000,0x00000000d6b00000,0x00000000d6c00000)
 ParOldGen       total 78336K, used 78139K [0x0000000080000000, 0x0000000084c80000, 0x00000000d5580000)
  object space 78336K, 99% used [0x0000000080000000,0x0000000084c4ef38,0x0000000084c80000)
 Metaspace       used 66540K, committed 68224K, reserved 1114112K
  class space    used 6953K, committed 7744K, reserved 1048576K
}

