# JRE version: OpenJDK Runtime Environment Temurin-21.0.11+10 (21.0.11+10) (build 21.0.11+10-LTS)
# Java VM: OpenJDK 64-Bit Server VM Temurin-21.0.11+10 (21.0.11+10-LTS, mixed mode, sharing, tiered, compressed oops, compressed class ptrs, parallel gc, windows-amd64)
GC Precious Log:
 CardTable entry size: 512
 CPUs: 12 total, 12 available
 Memory: 15681M
 Large Page Support: Disabled
 NUMA Support: Disabled
 Compressed Oops: Enabled (32-bit)
 Alignments: Space 512K, Generation 512K, Heap 2M
 Heap Min Capacity: 100M
 Heap Initial Capacity: 100M
 Heap Max Capacity: 2G
 Pre-touch: Disabled
 Parallel Workers: 10
Heap:
 PSYoungGen      total 15360K, used 6711K [0x00000000d5580000, 0x00000000d6e80000, 0x0000000100000000)
  eden space 13824K, 41% used [0x00000000d5580000,0x00000000d5b0cc58,0x00000000d6300000)
  from space 1536K, 66% used [0x00000000d6d00000,0x00000000d6e01230,0x00000000d6e80000)
  to   space 4096K, 0% used [0x00000000d6680000,0x00000000d6680000,0x00000000d6a80000)
 ParOldGen       total 116736K, used 116404K [0x0000000080000000, 0x0000000087200000, 0x00000000d5580000)
  object space 116736K, 99% used [0x0000000080000000,0x00000000871ad178,0x0000000087200000)
 Metaspace       used 68780K, committed 70144K, reserved 1114112K
  class space    used 7167K, committed 7744K, reserved 1048576K
GC Heap History (20 events):
Event: 32.970 GC heap before
{Heap before GC invocations=116 (full 3):
 PSYoungGen      total 14848K, used 14816K [0x00000000d5580000, 0x00000000d6700000, 0x0000000100000000)
  eden space 13824K, 100% used [0x00000000d5580000,0x00000000d6300000,0x00000000d6300000)
  from space 1024K, 96% used [0x00000000d6600000,0x00000000d66f8000,0x00000000d6700000)
  to   space 1536K, 0% used [0x00000000d6400000,0x00000000d6400000,0x00000000d6580000)
 ParOldGen       total 101888K, used 101831K [0x0000000080000000, 0x0000000086380000, 0x00000000d5580000)
  object space 101888K, 99% used [0x0000000080000000,0x0000000086371f90,0x0000000086380000)
 Metaspace       used 67431K, committed 68864K, reserved 1114112K
  class space    used 7059K, committed 7680K, reserved 1048576K
}
Event: 32.971 GC heap after
{Heap after GC invocations=116 (full 3):
 PSYoungGen      total 15360K, used 1056K [0x00000000d5580000, 0x00000000d6680000, 0x0000000100000000)
  eden space 13824K, 0% used [0x00000000d5580000,0x00000000d5580000,0x00000000d6300000)
  from space 1536K, 68% used [0x00000000d6400000,0x00000000d6508000,0x00000000d6580000)
  to   space 1024K, 0% used [0x00000000d6580000,0x00000000d6580000,0x00000000d6680000)
 ParOldGen       total 102400K, used 102359K [0x0000000080000000, 0x0000000086400000, 0x00000000d5580000)
  object space 102400K, 99% used [0x0000000080000000,0x00000000863f5f90,0x0000000086400000)
 Metaspace       used 67431K, committed 68864K, reserved 1114112K
  class space    used 7059K, committed 7680K, reserved 1048576K
}
Event: 33.425 GC heap before
{Heap before GC invocations=117 (full 3):
 PSYoungGen      total 15360K, used 14880K [0x00000000d5580000, 0x00000000d6680000, 0x0000000100000000)
  eden space 13824K, 100% used [0x00000000d5580000,0x00000000d6300000,0x00000000d6300000)
  from space 1536K, 68% used [0x00000000d6400000,0x00000000d6508000,0x00000000d6580000)
  to   space 1024K, 0% used [0x00000000d6580000,0x00000000d6580000,0x00000000d6680000)
 ParOldGen       total 102400K, used 102359K [0x0000000080000000, 0x0000000086400000, 0x00000000d5580000)
  object space 102400K, 99% used [0x0000000080000000,0x00000000863f5f90,0x0000000086400000)
 Metaspace       used 67523K, committed 68928K, reserved 1114112K
  class space    used 7059K, committed 7680K, reserved 1048576K
}
Event: 33.426 GC heap after
{Heap after GC invocations=117 (full 3):
 PSYoungGen      total 14848K, used 1024K [0x00000000d5580000, 0x00000000d6700000, 0x0000000100000000)
  eden space 13824K, 0% used [0x00000000d5580000,0x00000000d5580000,0x00000000d6300000)
  from space 1024K, 100% used [0x00000000d6580000,0x00000000d6680000,0x00000000d6680000)
  to   space 2048K, 0% used [0x00000000d6300000,0x00000000d6300000,0x00000000d6500000)
 ParOldGen       total 103424K, used 103079K [0x0000000080000000, 0x0000000086500000, 0x00000000d5580000)
  object space 103424K, 99% used [0x0000000080000000,0x00000000864a9f90,0x0000000086500000)
 Metaspace       used 67523K, committed 68928K, reserved 1114112K
  class space    used 7059K, committed 7680K, reserved 1048576K
}
Event: 33.965 GC heap before
{Heap before GC invocations=118 (full 3):
 PSYoungGen      total 14848K, used 14848K [0x00000000d5580000, 0x00000000d6700000, 0x0000000100000000)
  eden space 13824K, 100% used [0x00000000d5580000,0x00000000d6300000,0x00000000d6300000)
  from space 1024K, 100% used [0x00000000d6580000,0x00000000d6680000,0x00000000d6680000)
  to   space 2048K, 0% used [0x00000000d6300000,0x00000000d6300000,0x00000000d6500000)
 ParOldGen       total 103424K, used 103079K [0x0000000080000000, 0x0000000086500000, 0x00000000d5580000)
  object space 103424K, 99% used [0x0000000080000000,0x00000000864a9f90,0x0000000086500000)
 Metaspace       used 67955K, committed 69312K, reserved 1114112K
  class space    used 7098K, committed 7680K, reserved 1048576K
}
Event: 33.968 GC heap after
{Heap after GC invocations=118 (full 3):
 PSYoungGen      total 14848K, used 832K [0x00000000d5580000, 0x00000000d6600000, 0x0000000100000000)
  eden space 13824K, 0% used [0x00000000d5580000,0x00000000d5580000,0x00000000d6300000)
  from space 1024K, 81% used [0x00000000d6300000,0x00000000d63d0020,0x00000000d6400000)
  to   space 1536K, 0% used [0x00000000d6480000,0x00000000d6480000,0x00000000d6600000)
 ParOldGen       total 103936K, used 103919K [0x0000000080000000, 0x0000000086580000, 0x00000000d5580000)
  object space 103936K, 99% used [0x0000000080000000,0x000000008657bf90,0x0000000086580000)
 Metaspace       used 67955K, committed 69312K, reserved 1114112K
  class space    used 7098K, committed 7680K, reserved 1048576K
}
Event: 34.347 GC heap before
{Heap before GC invocations=119 (full 3):
 PSYoungGen      total 14848K, used 14636K [0x00000000d5580000, 0x00000000d6600000, 0x0000000100000000)
  eden space 13824K, 99% used [0x00000000d5580000,0x00000000d62fb3a8,0x00000000d6300000)
  from space 1024K, 81% used [0x00000000d6300000,0x00000000d63d0020,0x00000000d6400000)
  to   space 1536K, 0% used [0x00000000d6480000,0x00000000d6480000,0x00000000d6600000)
 ParOldGen       total 103936K, used 103919K [0x0000000080000000, 0x0000000086580000, 0x00000000d5580000)
  object space 103936K, 99% used [0x0000000080000000,0x000000008657bf90,0x0000000086580000)
 Metaspace       used 68024K, committed 69376K, reserved 1114112K
  class space    used 7102K, committed 7680K, reserved 1048576K
}
Event: 34.348 GC heap after
{Heap after GC invocations=119 (full 3):
 PSYoungGen      total 14336K, used 314K [0x00000000d5580000, 0x00000000d6500000, 0x0000000100000000)
  eden space 13824K, 0% used [0x00000000d5580000,0x00000000d5580000,0x00000000d6300000)
  from space 512K, 61% used [0x00000000d6480000,0x00000000d64ce900,0x00000000d6500000)
  to   space 1024K, 0% used [0x00000000d6300000,0x00000000d6300000,0x00000000d6400000)
 ParOldGen       total 104960K, used 104479K [0x0000000080000000, 0x0000000086680000, 0x00000000d5580000)
  object space 104960K, 99% used [0x0000000080000000,0x0000000086607fb0,0x0000000086680000)
 Metaspace       used 68024K, committed 69376K, reserved 1114112K
  class space    used 7102K, committed 7680K, reserved 1048576K
}
Event: 34.409 GC heap before
{Heap before GC invocations=120 (full 3):
 PSYoungGen      total 14336K, used 14138K [0x00000000d5580000, 0x00000000d6500000, 0x0000000100000000)
  eden space 13824K, 100% used [0x00000000d5580000,0x00000000d6300000,0x00000000d6300000)
  from space 512K, 61% used [0x00000000d6480000,0x00000000d64ce900,0x00000000d6500000)
  to   space 1024K, 0% used [0x00000000d6300000,0x00000000d6300000,0x00000000d6400000)
 ParOldGen       total 104960K, used 104479K [0x0000000080000000, 0x0000000086680000, 0x00000000d5580000)
  object space 104960K, 99% used [0x0000000080000000,0x0000000086607fb0,0x0000000086680000)
 Metaspace       used 68056K, committed 69440K, reserved 1114112K
  class space    used 7105K, committed 7680K, reserved 1048576K
}
Event: 34.410 GC heap after
{Heap after GC invocations=120 (full 3):
 PSYoungGen      total 14848K, used 1000K [0x00000000d5580000, 0x00000000d6600000, 0x0000000100000000)
  eden space 13824K, 0% used [0x00000000d5580000,0x00000000d5580000,0x00000000d6300000)
  from space 1024K, 97% used [0x00000000d6300000,0x00000000d63fa108,0x00000000d6400000)
  to   space 1536K, 0% used [0x00000000d6480000,0x00000000d6480000,0x00000000d6600000)
 ParOldGen       total 104960K, used 104818K [0x0000000080000000, 0x0000000086680000, 0x00000000d5580000)
  object space 104960K, 99% used [0x0000000080000000,0x000000008665cbb0,0x0000000086680000)
 Metaspace       used 68056K, committed 69440K, reserved 1114112K
  class space    used 7105K, committed 7680K, reserved 1048576K
}
Event: 177.551 GC heap before
{Heap before GC invocations=121 (full 3):
 PSYoungGen      total 14848K, used 14824K [0x00000000d5580000, 0x00000000d6600000, 0x0000000100000000)
  eden space 13824K, 100% used [0x00000000d5580000,0x00000000d6300000,0x00000000d6300000)
  from space 1024K, 97% used [0x00000000d6300000,0x00000000d63fa108,0x00000000d6400000)
  to   space 1536K, 0% used [0x00000000d6480000,0x00000000d6480000,0x00000000d6600000)
 ParOldGen       total 104960K, used 104818K [0x0000000080000000, 0x0000000086680000, 0x00000000d5580000)
  object space 104960K, 99% used [0x0000000080000000,0x000000008665cbb0,0x0000000086680000)
 Metaspace       used 68273K, committed 69696K, reserved 1114112K
  class space    used 7129K, committed 7744K, reserved 1048576K
}
Event: 177.553 GC heap after
{Heap after GC invocations=121 (full 3):
 PSYoungGen      total 14848K, used 740K [0x00000000d5580000, 0x00000000d6580000, 0x0000000100000000)
  eden space 13824K, 0% used [0x00000000d5580000,0x00000000d5580000,0x00000000d6300000)
  from space 1024K, 72% used [0x00000000d6480000,0x00000000d6539210,0x00000000d6580000)
  to   space 1024K, 0% used [0x00000000d6300000,0x00000000d6300000,0x00000000d6400000)
 ParOldGen       total 105472K, used 104978K [0x0000000080000000, 0x0000000086700000, 0x00000000d5580000)
  object space 105472K, 99% used [0x0000000080000000,0x0000000086684bb0,0x0000000086700000)
 Metaspace       used 68273K, committed 69696K, reserved 1114112K
  class space    used 7129K, committed 7744K, reserved 1048576K
}
Event: 177.669 GC heap before
{Heap before GC invocations=122 (full 3):
 PSYoungGen      total 14848K, used 14386K [0x00000000d5580000, 0x00000000d6580000, 0x0000000100000000)
  eden space 13824K, 98% used [0x00000000d5580000,0x00000000d62d3978,0x00000000d6300000)
  from space 1024K, 72% used [0x00000000d6480000,0x00000000d6539210,0x00000000d6580000)
  to   space 1024K, 0% used [0x00000000d6300000,0x00000000d6300000,0x00000000d6400000)
 ParOldGen       total 105472K, used 104978K [0x0000000080000000, 0x0000000086700000, 0x00000000d5580000)
  object space 105472K, 99% used [0x0000000080000000,0x0000000086684bb0,0x0000000086700000)
 Metaspace       used 68434K, committed 69888K, reserved 1114112K
  class space    used 7142K, committed 7744K, reserved 1048576K
}
Event: 177.673 GC heap after
{Heap after GC invocations=122 (full 3):
 PSYoungGen      total 14848K, used 1018K [0x00000000d5580000, 0x00000000d7200000, 0x0000000100000000)
  eden space 13824K, 0% used [0x00000000d5580000,0x00000000d5580000,0x00000000d6300000)
  from space 1024K, 99% used [0x00000000d6300000,0x00000000d63fe8a0,0x00000000d6400000)
  to   space 7680K, 0% used [0x00000000d6a80000,0x00000000d6a80000,0x00000000d7200000)
 ParOldGen       total 110592K, used 110390K [0x0000000080000000, 0x0000000086c00000, 0x00000000d5580000)
  object space 110592K, 99% used [0x0000000080000000,0x0000000086bcd940,0x0000000086c00000)
 Metaspace       used 68434K, committed 69888K, reserved 1114112K
  class space    used 7142K, committed 7744K, reserved 1048576K
}
Event: 177.853 GC heap before
{Heap before GC invocations=123 (full 3):
 PSYoungGen      total 14848K, used 14147K [0x00000000d5580000, 0x00000000d7200000, 0x0000000100000000)
  eden space 13824K, 94% used [0x00000000d5580000,0x00000000d6252460,0x00000000d6300000)
  from space 1024K, 99% used [0x00000000d6300000,0x00000000d63fe8a0,0x00000000d6400000)
  to   space 7680K, 0% used [0x00000000d6a80000,0x00000000d6a80000,0x00000000d7200000)
 ParOldGen       total 110592K, used 110390K [0x0000000080000000, 0x0000000086c00000, 0x00000000d5580000)
  object space 110592K, 99% used [0x0000000080000000,0x0000000086bcd940,0x0000000086c00000)
 Metaspace       used 68498K, committed 69888K, reserved 1114112K
  class space    used 7143K, committed 7744K, reserved 1048576K
}
Event: 177.856 GC heap after
{Heap after GC invocations=123 (full 3):
 PSYoungGen      total 15360K, used 1135K [0x00000000d5580000, 0x00000000d6c00000, 0x0000000100000000)
  eden space 13824K, 0% used [0x00000000d5580000,0x00000000d5580000,0x00000000d6300000)
  from space 1536K, 73% used [0x00000000d6a80000,0x00000000d6b9bf80,0x00000000d6c00000)
  to   space 3072K, 0% used [0x00000000d6600000,0x00000000d6600000,0x00000000d6900000)
 ParOldGen       total 110592K, used 110534K [0x0000000080000000, 0x0000000086c00000, 0x00000000d5580000)
  object space 110592K, 99% used [0x0000000080000000,0x0000000086bf1940,0x0000000086c00000)
 Metaspace       used 68498K, committed 69888K, reserved 1114112K
  class space    used 7143K, committed 7744K, reserved 1048576K
}
Event: 178.001 GC heap before
{Heap before GC invocations=124 (full 3):
 PSYoungGen      total 15360K, used 14959K [0x00000000d5580000, 0x00000000d6c00000, 0x0000000100000000)
  eden space 13824K, 100% used [0x00000000d5580000,0x00000000d6300000,0x00000000d6300000)
  from space 1536K, 73% used [0x00000000d6a80000,0x00000000d6b9bf80,0x00000000d6c00000)
  to   space 3072K, 0% used [0x00000000d6600000,0x00000000d6600000,0x00000000d6900000)
 ParOldGen       total 110592K, used 110534K [0x0000000080000000, 0x0000000086c00000, 0x00000000d5580000)
  object space 110592K, 99% used [0x0000000080000000,0x0000000086bf1940,0x0000000086c00000)
 Metaspace       used 68561K, committed 69952K, reserved 1114112K
  class space    used 7149K, committed 7744K, reserved 1048576K
}
Event: 178.005 GC heap after
{Heap after GC invocations=124 (full 3):
 PSYoungGen      total 16896K, used 3069K [0x00000000d5580000, 0x00000000d7700000, 0x0000000100000000)
  eden space 13824K, 0% used [0x00000000d5580000,0x00000000d5580000,0x00000000d6300000)
  from space 3072K, 99% used [0x00000000d6600000,0x00000000d68ff640,0x00000000d6900000)
  to   space 10240K, 0% used [0x00000000d6d00000,0x00000000d6d00000,0x00000000d7700000)
 ParOldGen       total 116224K, used 115925K [0x0000000080000000, 0x0000000087180000, 0x00000000d5580000)
  object space 116224K, 99% used [0x0000000080000000,0x0000000087135418,0x0000000087180000)
 Metaspace       used 68561K, committed 69952K, reserved 1114112K
  class space    used 7149K, committed 7744K, reserved 1048576K
}
Event: 184.549 GC heap before
{Heap before GC invocations=125 (full 3):
 PSYoungGen      total 16896K, used 16891K [0x00000000d5580000, 0x00000000d7700000, 0x0000000100000000)
  eden space 13824K, 99% used [0x00000000d5580000,0x00000000d62ff808,0x00000000d6300000)
  from space 3072K, 99% used [0x00000000d6600000,0x00000000d68ff640,0x00000000d6900000)
  to   space 10240K, 0% used [0x00000000d6d00000,0x00000000d6d00000,0x00000000d7700000)
 ParOldGen       total 116224K, used 115925K [0x0000000080000000, 0x0000000087180000, 0x00000000d5580000)
  object space 116224K, 99% used [0x0000000080000000,0x0000000087135418,0x0000000087180000)
 Metaspace       used 68772K, committed 70144K, reserved 1114112K
  class space    used 7167K, committed 7744K, reserved 1048576K
}
Event: 184.551 GC heap after
{Heap after GC invocations=125 (full 3):
 PSYoungGen      total 15360K, used 1028K [0x00000000d5580000, 0x00000000d6e80000, 0x0000000100000000)
  eden space 13824K, 0% used [0x00000000d5580000,0x00000000d5580000,0x00000000d6300000)
  from space 1536K, 66% used [0x00000000d6d00000,0x00000000d6e01230,0x00000000d6e80000)
  to   space 4096K, 0% used [0x00000000d6680000,0x00000000d6680000,0x00000000d6a80000)
 ParOldGen       total 116736K, used 116404K [0x0000000080000000, 0x0000000087200000, 0x00000000d5580000)
  object space 116736K, 99% used [0x0000000080000000,0x00000000871ad178,0x0000000087200000)
 Metaspace       used 68772K, committed 70144K, reserved 1114112K
  class space    used 7167K, committed 7744K, reserved 1048576K
}

