# JRE version: OpenJDK Runtime Environment Temurin-21.0.11+10 (21.0.11+10) (build 21.0.11+10-LTS)
# Java VM: OpenJDK 64-Bit Server VM Temurin-21.0.11+10 (21.0.11+10-LTS, mixed mode, sharing, tiered, compressed oops, compressed class ptrs, parallel gc, windows-amd64)
GC Precious Log:
 CardTable entry size: 512
 CPUs: 12 total, 12 available
 Memory: 15681M
 Large Page Support: Disabled
 NUMA Support: Disabled
 Compressed Oops: Enabled (32-bit)
 Alignments: Space 512K, Generation 512K, Heap 2M
 Heap Min Capacity: 100M
 Heap Initial Capacity: 100M
 Heap Max Capacity: 2G
 Pre-touch: Disabled
 Parallel Workers: 10
Heap:
 PSYoungGen      total 19968K, used 13252K [0x00000000d5580000, 0x00000000d6c00000, 0x0000000100000000)
  eden space 17408K, 63% used [0x00000000d5580000,0x00000000d60408f8,0x00000000d6680000)
  from space 2560K, 87% used [0x00000000d6980000,0x00000000d6bb07e0,0x00000000d6c00000)
  to   space 2560K, 0% used [0x00000000d6700000,0x00000000d6700000,0x00000000d6980000)
 ParOldGen       total 68608K, used 61256K [0x0000000080000000, 0x0000000084300000, 0x00000000d5580000)
  object space 68608K, 89% used [0x0000000080000000,0x0000000083bd2018,0x0000000084300000)
 Metaspace       used 56984K, committed 58304K, reserved 1114112K
  class space    used 6102K, committed 6720K, reserved 1048576K
GC Heap History (20 events):
Event: 7.385 GC heap before
{Heap before GC invocations=29 (full 2):
 PSYoungGen      total 17920K, used 17920K [0x00000000d5580000, 0x00000000d6c80000, 0x0000000100000000)
  eden space 17408K, 100% used [0x00000000d5580000,0x00000000d6680000,0x00000000d6680000)
  from space 512K, 100% used [0x00000000d6c00000,0x00000000d6c80000,0x00000000d6c80000)
  to   space 3072K, 0% used [0x00000000d6680000,0x00000000d6680000,0x00000000d6980000)
 ParOldGen       total 68608K, used 48214K [0x0000000080000000, 0x0000000084300000, 0x00000000d5580000)
  object space 68608K, 70% used [0x0000000080000000,0x0000000082f158f8,0x0000000084300000)
 Metaspace       used 44947K, committed 46272K, reserved 1114112K
  class space    used 4811K, committed 5440K, reserved 1048576K
}
Event: 7.386 GC heap after
{Heap after GC invocations=29 (full 2):
 PSYoungGen      total 20480K, used 960K [0x00000000d5580000, 0x00000000d6c80000, 0x0000000100000000)
  eden space 17408K, 0% used [0x00000000d5580000,0x00000000d5580000,0x00000000d6680000)
  from space 3072K, 31% used [0x00000000d6680000,0x00000000d6770000,0x00000000d6980000)
  to   space 1536K, 0% used [0x00000000d6b00000,0x00000000d6b00000,0x00000000d6c80000)
 ParOldGen       total 68608K, used 48734K [0x0000000080000000, 0x0000000084300000, 0x00000000d5580000)
  object space 68608K, 71% used [0x0000000080000000,0x0000000082f978f8,0x0000000084300000)
 Metaspace       used 44947K, committed 46272K, reserved 1114112K
  class space    used 4811K, committed 5440K, reserved 1048576K
}
Event: 7.664 GC heap before
{Heap before GC invocations=30 (full 2):
 PSYoungGen      total 20480K, used 18368K [0x00000000d5580000, 0x00000000d6c80000, 0x0000000100000000)
  eden space 17408K, 100% used [0x00000000d5580000,0x00000000d6680000,0x00000000d6680000)
  from space 3072K, 31% used [0x00000000d6680000,0x00000000d6770000,0x00000000d6980000)
  to   space 1536K, 0% used [0x00000000d6b00000,0x00000000d6b00000,0x00000000d6c80000)
 ParOldGen       total 68608K, used 48734K [0x0000000080000000, 0x0000000084300000, 0x00000000d5580000)
  object space 68608K, 71% used [0x0000000080000000,0x0000000082f978f8,0x0000000084300000)
 Metaspace       used 46921K, committed 48256K, reserved 1114112K
  class space    used 5087K, committed 5696K, reserved 1048576K
}
Event: 7.665 GC heap after
{Heap after GC invocations=30 (full 2):
 PSYoungGen      total 18944K, used 1248K [0x00000000d5580000, 0x00000000d6c80000, 0x0000000100000000)
  eden space 17408K, 0% used [0x00000000d5580000,0x00000000d5580000,0x00000000d6680000)
  from space 1536K, 81% used [0x00000000d6b00000,0x00000000d6c38000,0x00000000d6c80000)
  to   space 1536K, 0% used [0x00000000d6980000,0x00000000d6980000,0x00000000d6b00000)
 ParOldGen       total 68608K, used 49497K [0x0000000080000000, 0x0000000084300000, 0x00000000d5580000)
  object space 68608K, 72% used [0x0000000080000000,0x0000000083056618,0x0000000084300000)
 Metaspace       used 46921K, committed 48256K, reserved 1114112K
  class space    used 5087K, committed 5696K, reserved 1048576K
}
Event: 7.860 GC heap before
{Heap before GC invocations=31 (full 2):
 PSYoungGen      total 18944K, used 18656K [0x00000000d5580000, 0x00000000d6c80000, 0x0000000100000000)
  eden space 17408K, 100% used [0x00000000d5580000,0x00000000d6680000,0x00000000d6680000)
  from space 1536K, 81% used [0x00000000d6b00000,0x00000000d6c38000,0x00000000d6c80000)
  to   space 1536K, 0% used [0x00000000d6980000,0x00000000d6980000,0x00000000d6b00000)
 ParOldGen       total 68608K, used 49497K [0x0000000080000000, 0x0000000084300000, 0x00000000d5580000)
  object space 68608K, 72% used [0x0000000080000000,0x0000000083056618,0x0000000084300000)
 Metaspace       used 48761K, committed 50048K, reserved 1114112K
  class space    used 5294K, committed 5888K, reserved 1048576K
}
Event: 7.863 GC heap after
{Heap after GC invocations=31 (full 2):
 PSYoungGen      total 18944K, used 1279K [0x00000000d5580000, 0x00000000d6b80000, 0x0000000100000000)
  eden space 17408K, 0% used [0x00000000d5580000,0x00000000d5580000,0x00000000d6680000)
  from space 1536K, 83% used [0x00000000d6980000,0x00000000d6abfc80,0x00000000d6b00000)
  to   space 512K, 0% used [0x00000000d6b00000,0x00000000d6b00000,0x00000000d6b80000)
 ParOldGen       total 68608K, used 50593K [0x0000000080000000, 0x0000000084300000, 0x00000000d5580000)
  object space 68608K, 73% used [0x0000000080000000,0x0000000083168638,0x0000000084300000)
 Metaspace       used 48761K, committed 50048K, reserved 1114112K
  class space    used 5294K, committed 5888K, reserved 1048576K
}
Event: 8.102 GC heap before
{Heap before GC invocations=32 (full 2):
 PSYoungGen      total 18944K, used 18687K [0x00000000d5580000, 0x00000000d6b80000, 0x0000000100000000)
  eden space 17408K, 100% used [0x00000000d5580000,0x00000000d6680000,0x00000000d6680000)
  from space 1536K, 83% used [0x00000000d6980000,0x00000000d6abfc80,0x00000000d6b00000)
  to   space 512K, 0% used [0x00000000d6b00000,0x00000000d6b00000,0x00000000d6b80000)
 ParOldGen       total 68608K, used 50593K [0x0000000080000000, 0x0000000084300000, 0x00000000d5580000)
  object space 68608K, 73% used [0x0000000080000000,0x0000000083168638,0x0000000084300000)
 Metaspace       used 50832K, committed 52160K, reserved 1114112K
  class space    used 5529K, committed 6144K, reserved 1048576K
}
Event: 8.104 GC heap after
{Heap after GC invocations=32 (full 2):
 PSYoungGen      total 17920K, used 507K [0x00000000d5580000, 0x00000000d6b80000, 0x0000000100000000)
  eden space 17408K, 0% used [0x00000000d5580000,0x00000000d5580000,0x00000000d6680000)
  from space 512K, 99% used [0x00000000d6b00000,0x00000000d6b7ee98,0x00000000d6b80000)
  to   space 2048K, 0% used [0x00000000d6780000,0x00000000d6780000,0x00000000d6980000)
 ParOldGen       total 68608K, used 51968K [0x0000000080000000, 0x0000000084300000, 0x00000000d5580000)
  object space 68608K, 75% used [0x0000000080000000,0x00000000832c0178,0x0000000084300000)
 Metaspace       used 50832K, committed 52160K, reserved 1114112K
  class space    used 5529K, committed 6144K, reserved 1048576K
}
Event: 8.383 GC heap before
{Heap before GC invocations=33 (full 2):
 PSYoungGen      total 17920K, used 17915K [0x00000000d5580000, 0x00000000d6b80000, 0x0000000100000000)
  eden space 17408K, 100% used [0x00000000d5580000,0x00000000d6680000,0x00000000d6680000)
  from space 512K, 99% used [0x00000000d6b00000,0x00000000d6b7ee98,0x00000000d6b80000)
  to   space 2048K, 0% used [0x00000000d6780000,0x00000000d6780000,0x00000000d6980000)
 ParOldGen       total 68608K, used 51968K [0x0000000080000000, 0x0000000084300000, 0x00000000d5580000)
  object space 68608K, 75% used [0x0000000080000000,0x00000000832c0178,0x0000000084300000)
 Metaspace       used 51517K, committed 52928K, reserved 1114112K
  class space    used 5637K, committed 6272K, reserved 1048576K
}
Event: 8.385 GC heap after
{Heap after GC invocations=33 (full 2):
 PSYoungGen      total 19456K, used 544K [0x00000000d5580000, 0x00000000d6b80000, 0x0000000100000000)
  eden space 17408K, 0% used [0x00000000d5580000,0x00000000d5580000,0x00000000d6680000)
  from space 2048K, 26% used [0x00000000d6780000,0x00000000d6808000,0x00000000d6980000)
  to   space 1536K, 0% used [0x00000000d6a00000,0x00000000d6a00000,0x00000000d6b80000)
 ParOldGen       total 68608K, used 52463K [0x0000000080000000, 0x0000000084300000, 0x00000000d5580000)
  object space 68608K, 76% used [0x0000000080000000,0x000000008333bf88,0x0000000084300000)
 Metaspace       used 51517K, committed 52928K, reserved 1114112K
  class space    used 5637K, committed 6272K, reserved 1048576K
}
Event: 8.747 GC heap before
{Heap before GC invocations=34 (full 2):
 PSYoungGen      total 19456K, used 17943K [0x00000000d5580000, 0x00000000d6b80000, 0x0000000100000000)
  eden space 17408K, 99% used [0x00000000d5580000,0x00000000d667df50,0x00000000d6680000)
  from space 2048K, 26% used [0x00000000d6780000,0x00000000d6808000,0x00000000d6980000)
  to   space 1536K, 0% used [0x00000000d6a00000,0x00000000d6a00000,0x00000000d6b80000)
 ParOldGen       total 68608K, used 52463K [0x0000000080000000, 0x0000000084300000, 0x00000000d5580000)
  object space 68608K, 76% used [0x0000000080000000,0x000000008333bf88,0x0000000084300000)
 Metaspace       used 52431K, committed 53760K, reserved 1114112K
  class space    used 5731K, committed 6336K, reserved 1048576K
}
Event: 8.748 GC heap after
{Heap after GC invocations=34 (full 2):
 PSYoungGen      total 17920K, used 437K [0x00000000d5580000, 0x00000000d6a80000, 0x0000000100000000)
  eden space 17408K, 0% used [0x00000000d5580000,0x00000000d5580000,0x00000000d6680000)
  from space 512K, 85% used [0x00000000d6a00000,0x00000000d6a6d7e0,0x00000000d6a80000)
  to   space 1024K, 0% used [0x00000000d6880000,0x00000000d6880000,0x00000000d6980000)
 ParOldGen       total 68608K, used 52850K [0x0000000080000000, 0x0000000084300000, 0x00000000d5580000)
  object space 68608K, 77% used [0x0000000080000000,0x000000008339c9b8,0x0000000084300000)
 Metaspace       used 52431K, committed 53760K, reserved 1114112K
  class space    used 5731K, committed 6336K, reserved 1048576K
}
Event: 8.895 GC heap before
{Heap before GC invocations=35 (full 2):
 PSYoungGen      total 17920K, used 17845K [0x00000000d5580000, 0x00000000d6a80000, 0x0000000100000000)
  eden space 17408K, 100% used [0x00000000d5580000,0x00000000d6680000,0x00000000d6680000)
  from space 512K, 85% used [0x00000000d6a00000,0x00000000d6a6d7e0,0x00000000d6a80000)
  to   space 1024K, 0% used [0x00000000d6880000,0x00000000d6880000,0x00000000d6980000)
 ParOldGen       total 68608K, used 52850K [0x0000000080000000, 0x0000000084300000, 0x00000000d5580000)
  object space 68608K, 77% used [0x0000000080000000,0x000000008339c9b8,0x0000000084300000)
 Metaspace       used 52964K, committed 54336K, reserved 1114112K
  class space    used 5780K, committed 6400K, reserved 1048576K
}
Event: 8.896 GC heap after
{Heap after GC invocations=35 (full 2):
 PSYoungGen      total 18432K, used 1019K [0x00000000d5580000, 0x00000000d7080000, 0x0000000100000000)
  eden space 17408K, 0% used [0x00000000d5580000,0x00000000d5580000,0x00000000d6680000)
  from space 1024K, 99% used [0x00000000d6880000,0x00000000d697ee38,0x00000000d6980000)
  to   space 5120K, 0% used [0x00000000d6b80000,0x00000000d6b80000,0x00000000d7080000)
 ParOldGen       total 68608K, used 56109K [0x0000000080000000, 0x0000000084300000, 0x00000000d5580000)
  object space 68608K, 81% used [0x0000000080000000,0x00000000836cb460,0x0000000084300000)
 Metaspace       used 52964K, committed 54336K, reserved 1114112K
  class space    used 5780K, committed 6400K, reserved 1048576K
}
Event: 9.268 GC heap before
{Heap before GC invocations=36 (full 2):
 PSYoungGen      total 18432K, used 18427K [0x00000000d5580000, 0x00000000d7080000, 0x0000000100000000)
  eden space 17408K, 100% used [0x00000000d5580000,0x00000000d6680000,0x00000000d6680000)
  from space 1024K, 99% used [0x00000000d6880000,0x00000000d697ee38,0x00000000d6980000)
  to   space 5120K, 0% used [0x00000000d6b80000,0x00000000d6b80000,0x00000000d7080000)
 ParOldGen       total 68608K, used 56109K [0x0000000080000000, 0x0000000084300000, 0x00000000d5580000)
  object space 68608K, 81% used [0x0000000080000000,0x00000000836cb460,0x0000000084300000)
 Metaspace       used 54448K, committed 55872K, reserved 1114112K
  class space    used 5891K, committed 6528K, reserved 1048576K
}
Event: 9.270 GC heap after
{Heap after GC invocations=36 (full 2):
 PSYoungGen      total 20480K, used 2940K [0x00000000d5580000, 0x00000000d6e80000, 0x0000000100000000)
  eden space 17408K, 0% used [0x00000000d5580000,0x00000000d5580000,0x00000000d6680000)
  from space 3072K, 95% used [0x00000000d6b80000,0x00000000d6e5f010,0x00000000d6e80000)
  to   space 3584K, 0% used [0x00000000d6780000,0x00000000d6780000,0x00000000d6b00000)
 ParOldGen       total 68608K, used 57123K [0x0000000080000000, 0x0000000084300000, 0x00000000d5580000)
  object space 68608K, 83% used [0x0000000080000000,0x00000000837c8c88,0x0000000084300000)
 Metaspace       used 54448K, committed 55872K, reserved 1114112K
  class space    used 5891K, committed 6528K, reserved 1048576K
}
Event: 9.513 GC heap before
{Heap before GC invocations=37 (full 2):
 PSYoungGen      total 20480K, used 20317K [0x00000000d5580000, 0x00000000d6e80000, 0x0000000100000000)
  eden space 17408K, 99% used [0x00000000d5580000,0x00000000d6678548,0x00000000d6680000)
  from space 3072K, 95% used [0x00000000d6b80000,0x00000000d6e5f010,0x00000000d6e80000)
  to   space 3584K, 0% used [0x00000000d6780000,0x00000000d6780000,0x00000000d6b00000)
 ParOldGen       total 68608K, used 57123K [0x0000000080000000, 0x0000000084300000, 0x00000000d5580000)
  object space 68608K, 83% used [0x0000000080000000,0x00000000837c8c88,0x0000000084300000)
 Metaspace       used 55326K, committed 56704K, reserved 1114112K
  class space    used 5946K, committed 6592K, reserved 1048576K
}
Event: 9.515 GC heap after
{Heap after GC invocations=37 (full 2):
 PSYoungGen      total 19456K, used 1644K [0x00000000d5580000, 0x00000000d6c00000, 0x0000000100000000)
  eden space 17408K, 0% used [0x00000000d5580000,0x00000000d5580000,0x00000000d6680000)
  from space 2048K, 80% used [0x00000000d6780000,0x00000000d691b218,0x00000000d6980000)
  to   space 2560K, 0% used [0x00000000d6980000,0x00000000d6980000,0x00000000d6c00000)
 ParOldGen       total 68608K, used 59859K [0x0000000080000000, 0x0000000084300000, 0x00000000d5580000)
  object space 68608K, 87% used [0x0000000080000000,0x0000000083a74c70,0x0000000084300000)
 Metaspace       used 55326K, committed 56704K, reserved 1114112K
  class space    used 5946K, committed 6592K, reserved 1048576K
}
Event: 9.887 GC heap before
{Heap before GC invocations=38 (full 2):
 PSYoungGen      total 19456K, used 19052K [0x00000000d5580000, 0x00000000d6c00000, 0x0000000100000000)
  eden space 17408K, 100% used [0x00000000d5580000,0x00000000d6680000,0x00000000d6680000)
  from space 2048K, 80% used [0x00000000d6780000,0x00000000d691b218,0x00000000d6980000)
  to   space 2560K, 0% used [0x00000000d6980000,0x00000000d6980000,0x00000000d6c00000)
 ParOldGen       total 68608K, used 59859K [0x0000000080000000, 0x0000000084300000, 0x00000000d5580000)
  object space 68608K, 87% used [0x0000000080000000,0x0000000083a74c70,0x0000000084300000)
 Metaspace       used 56609K, committed 57984K, reserved 1114112K
  class space    used 6084K, committed 6720K, reserved 1048576K
}
Event: 9.889 GC heap after
{Heap after GC invocations=38 (full 2):
 PSYoungGen      total 19968K, used 2241K [0x00000000d5580000, 0x00000000d6c00000, 0x0000000100000000)
  eden space 17408K, 0% used [0x00000000d5580000,0x00000000d5580000,0x00000000d6680000)
  from space 2560K, 87% used [0x00000000d6980000,0x00000000d6bb07e0,0x00000000d6c00000)
  to   space 2560K, 0% used [0x00000000d6700000,0x00000000d6700000,0x00000000d6980000)
 ParOldGen       total 68608K, used 61256K [0x0000000080000000, 0x0000000084300000, 0x00000000d5580000)
  object space 68608K, 89% used [0x0000000080000000,0x0000000083bd2018,0x0000000084300000)
 Metaspace       used 56609K, committed 57984K, reserved 1114112K
  class space    used 6084K, committed 6720K, reserved 1048576K
}

