# JRE version: OpenJDK Runtime Environment Temurin-21.0.11+10 (21.0.11+10) (build 21.0.11+10-LTS)
# Java VM: OpenJDK 64-Bit Server VM Temurin-21.0.11+10 (21.0.11+10-LTS, mixed mode, sharing, tiered, compressed oops, compressed class ptrs, parallel gc, windows-amd64)
GC Precious Log:
 CardTable entry size: 512
 CPUs: 12 total, 12 available
 Memory: 15681M
 Large Page Support: Disabled
 NUMA Support: Disabled
 Compressed Oops: Enabled (32-bit)
 Alignments: Space 512K, Generation 512K, Heap 2M
 Heap Min Capacity: 100M
 Heap Initial Capacity: 100M
 Heap Max Capacity: 2G
 Pre-touch: Disabled
 Parallel Workers: 10
Heap:
 PSYoungGen      total 19456K, used 12457K [0x00000000d5580000, 0x00000000d6a80000, 0x0000000100000000)
  eden space 17920K, 63% used [0x00000000d5580000,0x00000000d6095268,0x00000000d6700000)
  from space 1536K, 72% used [0x00000000d6800000,0x00000000d6915200,0x00000000d6980000)
  to   space 1024K, 0% used [0x00000000d6980000,0x00000000d6980000,0x00000000d6a80000)
 ParOldGen       total 117248K, used 117129K [0x0000000080000000, 0x0000000087280000, 0x00000000d5580000)
  object space 117248K, 99% used [0x0000000080000000,0x00000000872625e8,0x0000000087280000)
 Metaspace       used 72173K, committed 73856K, reserved 1179648K
  class space    used 7409K, committed 8128K, reserved 1048576K
GC Heap History (20 events):
Event: 30.969 GC heap before
{Heap before GC invocations=181 (full 3):
 PSYoungGen      total 18432K, used 18240K [0x00000000d5580000, 0x00000000d6880000, 0x0000000100000000)
  eden space 17920K, 100% used [0x00000000d5580000,0x00000000d6700000,0x00000000d6700000)
  from space 512K, 62% used [0x00000000d6780000,0x00000000d67d0000,0x00000000d6800000)
  to   space 512K, 0% used [0x00000000d6800000,0x00000000d6800000,0x00000000d6880000)
 ParOldGen       total 105984K, used 105586K [0x0000000080000000, 0x0000000086780000, 0x00000000d5580000)
  object space 105984K, 99% used [0x0000000080000000,0x000000008671caf0,0x0000000086780000)
 Metaspace       used 67273K, committed 68928K, reserved 1114112K
  class space    used 6996K, committed 7680K, reserved 1048576K
}
Event: 30.971 GC heap after
{Heap after GC invocations=181 (full 3):
 PSYoungGen      total 18432K, used 480K [0x00000000d5580000, 0x00000000d6900000, 0x0000000100000000)
  eden space 17920K, 0% used [0x00000000d5580000,0x00000000d5580000,0x00000000d6700000)
  from space 512K, 93% used [0x00000000d6800000,0x00000000d6878020,0x00000000d6880000)
  to   space 1024K, 0% used [0x00000000d6700000,0x00000000d6700000,0x00000000d6800000)
 ParOldGen       total 105984K, used 105730K [0x0000000080000000, 0x0000000086780000, 0x00000000d5580000)
  object space 105984K, 99% used [0x0000000080000000,0x0000000086740af0,0x0000000086780000)
 Metaspace       used 67273K, committed 68928K, reserved 1114112K
  class space    used 6996K, committed 7680K, reserved 1048576K
}
Event: 31.062 GC heap before
{Heap before GC invocations=182 (full 3):
 PSYoungGen      total 18432K, used 18400K [0x00000000d5580000, 0x00000000d6900000, 0x0000000100000000)
  eden space 17920K, 100% used [0x00000000d5580000,0x00000000d6700000,0x00000000d6700000)
  from space 512K, 93% used [0x00000000d6800000,0x00000000d6878020,0x00000000d6880000)
  to   space 1024K, 0% used [0x00000000d6700000,0x00000000d6700000,0x00000000d6800000)
 ParOldGen       total 105984K, used 105730K [0x0000000080000000, 0x0000000086780000, 0x00000000d5580000)
  object space 105984K, 99% used [0x0000000080000000,0x0000000086740af0,0x0000000086780000)
 Metaspace       used 67477K, committed 69120K, reserved 1114112K
  class space    used 7023K, committed 7744K, reserved 1048576K
}
Event: 31.066 GC heap after
{Heap after GC invocations=182 (full 3):
 PSYoungGen      total 18944K, used 992K [0x00000000d5580000, 0x00000000d7000000, 0x0000000100000000)
  eden space 17920K, 0% used [0x00000000d5580000,0x00000000d5580000,0x00000000d6700000)
  from space 1024K, 96% used [0x00000000d6700000,0x00000000d67f8010,0x00000000d6800000)
  to   space 4608K, 0% used [0x00000000d6b80000,0x00000000d6b80000,0x00000000d7000000)
 ParOldGen       total 108544K, used 108479K [0x0000000080000000, 0x0000000086a00000, 0x00000000d5580000)
  object space 108544K, 99% used [0x0000000080000000,0x00000000869eff90,0x0000000086a00000)
 Metaspace       used 67477K, committed 69120K, reserved 1114112K
  class space    used 7023K, committed 7744K, reserved 1048576K
}
Event: 31.108 GC heap before
{Heap before GC invocations=183 (full 3):
 PSYoungGen      total 18944K, used 18912K [0x00000000d5580000, 0x00000000d7000000, 0x0000000100000000)
  eden space 17920K, 100% used [0x00000000d5580000,0x00000000d6700000,0x00000000d6700000)
  from space 1024K, 96% used [0x00000000d6700000,0x00000000d67f8010,0x00000000d6800000)
  to   space 4608K, 0% used [0x00000000d6b80000,0x00000000d6b80000,0x00000000d7000000)
 ParOldGen       total 108544K, used 108479K [0x0000000080000000, 0x0000000086a00000, 0x00000000d5580000)
  object space 108544K, 99% used [0x0000000080000000,0x00000000869eff90,0x0000000086a00000)
 Metaspace       used 67517K, committed 69184K, reserved 1114112K
  class space    used 7024K, committed 7744K, reserved 1048576K
}
Event: 31.111 GC heap after
{Heap after GC invocations=183 (full 3):
 PSYoungGen      total 22016K, used 3658K [0x00000000d5580000, 0x00000000d6f80000, 0x0000000100000000)
  eden space 17920K, 0% used [0x00000000d5580000,0x00000000d5580000,0x00000000d6700000)
  from space 4096K, 89% used [0x00000000d6b80000,0x00000000d6f12840,0x00000000d6f80000)
  to   space 4096K, 0% used [0x00000000d6780000,0x00000000d6780000,0x00000000d6b80000)
 ParOldGen       total 109568K, used 109437K [0x0000000080000000, 0x0000000086b00000, 0x00000000d5580000)
  object space 109568K, 99% used [0x0000000080000000,0x0000000086adf400,0x0000000086b00000)
 Metaspace       used 67517K, committed 69184K, reserved 1114112K
  class space    used 7024K, committed 7744K, reserved 1048576K
}
Event: 31.170 GC heap before
{Heap before GC invocations=184 (full 3):
 PSYoungGen      total 22016K, used 21507K [0x00000000d5580000, 0x00000000d6f80000, 0x0000000100000000)
  eden space 17920K, 99% used [0x00000000d5580000,0x00000000d66ee488,0x00000000d6700000)
  from space 4096K, 89% used [0x00000000d6b80000,0x00000000d6f12840,0x00000000d6f80000)
  to   space 4096K, 0% used [0x00000000d6780000,0x00000000d6780000,0x00000000d6b80000)
 ParOldGen       total 109568K, used 109437K [0x0000000080000000, 0x0000000086b00000, 0x00000000d5580000)
  object space 109568K, 99% used [0x0000000080000000,0x0000000086adf400,0x0000000086b00000)
 Metaspace       used 67594K, committed 69248K, reserved 1114112K
  class space    used 7028K, committed 7744K, reserved 1048576K
}
Event: 31.173 GC heap after
{Heap after GC invocations=184 (full 3):
 PSYoungGen      total 20480K, used 2270K [0x00000000d5580000, 0x00000000d6d00000, 0x0000000100000000)
  eden space 17920K, 0% used [0x00000000d5580000,0x00000000d5580000,0x00000000d6700000)
  from space 2560K, 88% used [0x00000000d6780000,0x00000000d69b78c8,0x00000000d6a00000)
  to   space 3072K, 0% used [0x00000000d6a00000,0x00000000d6a00000,0x00000000d6d00000)
 ParOldGen       total 112640K, used 112441K [0x0000000080000000, 0x0000000086e00000, 0x00000000d5580000)
  object space 112640K, 99% used [0x0000000080000000,0x0000000086dce438,0x0000000086e00000)
 Metaspace       used 67594K, committed 69248K, reserved 1114112K
  class space    used 7028K, committed 7744K, reserved 1048576K
}
Event: 31.210 GC heap before
{Heap before GC invocations=185 (full 3):
 PSYoungGen      total 20480K, used 20190K [0x00000000d5580000, 0x00000000d6d00000, 0x0000000100000000)
  eden space 17920K, 100% used [0x00000000d5580000,0x00000000d6700000,0x00000000d6700000)
  from space 2560K, 88% used [0x00000000d6780000,0x00000000d69b78c8,0x00000000d6a00000)
  to   space 3072K, 0% used [0x00000000d6a00000,0x00000000d6a00000,0x00000000d6d00000)
 ParOldGen       total 112640K, used 112441K [0x0000000080000000, 0x0000000086e00000, 0x00000000d5580000)
  object space 112640K, 99% used [0x0000000080000000,0x0000000086dce438,0x0000000086e00000)
 Metaspace       used 67852K, committed 69504K, reserved 1114112K
  class space    used 7039K, committed 7744K, reserved 1048576K
}
Event: 31.212 GC heap after
{Heap after GC invocations=185 (full 3):
 PSYoungGen      total 18944K, used 896K [0x00000000d5580000, 0x00000000d6b00000, 0x0000000100000000)
  eden space 17920K, 0% used [0x00000000d5580000,0x00000000d5580000,0x00000000d6700000)
  from space 1024K, 87% used [0x00000000d6a00000,0x00000000d6ae0000,0x00000000d6b00000)
  to   space 1536K, 0% used [0x00000000d6800000,0x00000000d6800000,0x00000000d6980000)
 ParOldGen       total 114176K, used 113718K [0x0000000080000000, 0x0000000086f80000, 0x00000000d5580000)
  object space 114176K, 99% used [0x0000000080000000,0x0000000086f0d970,0x0000000086f80000)
 Metaspace       used 67852K, committed 69504K, reserved 1114112K
  class space    used 7039K, committed 7744K, reserved 1048576K
}
Event: 31.330 GC heap before
{Heap before GC invocations=186 (full 3):
 PSYoungGen      total 18944K, used 18816K [0x00000000d5580000, 0x00000000d6b00000, 0x0000000100000000)
  eden space 17920K, 100% used [0x00000000d5580000,0x00000000d6700000,0x00000000d6700000)
  from space 1024K, 87% used [0x00000000d6a00000,0x00000000d6ae0000,0x00000000d6b00000)
  to   space 1536K, 0% used [0x00000000d6800000,0x00000000d6800000,0x00000000d6980000)
 ParOldGen       total 114176K, used 113718K [0x0000000080000000, 0x0000000086f80000, 0x00000000d5580000)
  object space 114176K, 99% used [0x0000000080000000,0x0000000086f0d970,0x0000000086f80000)
 Metaspace       used 69147K, committed 70784K, reserved 1114112K
  class space    used 7171K, committed 7872K, reserved 1048576K
}
Event: 31.331 GC heap after
{Heap after GC invocations=186 (full 3):
 PSYoungGen      total 19456K, used 1198K [0x00000000d5580000, 0x00000000d6a80000, 0x0000000100000000)
  eden space 17920K, 0% used [0x00000000d5580000,0x00000000d5580000,0x00000000d6700000)
  from space 1536K, 78% used [0x00000000d6800000,0x00000000d692bb38,0x00000000d6980000)
  to   space 1024K, 0% used [0x00000000d6980000,0x00000000d6980000,0x00000000d6a80000)
 ParOldGen       total 114688K, used 114402K [0x0000000080000000, 0x0000000087000000, 0x00000000d5580000)
  object space 114688K, 99% used [0x0000000080000000,0x0000000086fb8980,0x0000000087000000)
 Metaspace       used 69147K, committed 70784K, reserved 1114112K
  class space    used 7171K, committed 7872K, reserved 1048576K
}
Event: 31.414 GC heap before
{Heap before GC invocations=187 (full 3):
 PSYoungGen      total 19456K, used 19118K [0x00000000d5580000, 0x00000000d6a80000, 0x0000000100000000)
  eden space 17920K, 100% used [0x00000000d5580000,0x00000000d6700000,0x00000000d6700000)
  from space 1536K, 78% used [0x00000000d6800000,0x00000000d692bb38,0x00000000d6980000)
  to   space 1024K, 0% used [0x00000000d6980000,0x00000000d6980000,0x00000000d6a80000)
 ParOldGen       total 114688K, used 114402K [0x0000000080000000, 0x0000000087000000, 0x00000000d5580000)
  object space 114688K, 99% used [0x0000000080000000,0x0000000086fb8980,0x0000000087000000)
 Metaspace       used 70264K, committed 71872K, reserved 1114112K
  class space    used 7253K, committed 7936K, reserved 1048576K
}
Event: 31.416 GC heap after
{Heap after GC invocations=187 (full 3):
 PSYoungGen      total 18944K, used 964K [0x00000000d5580000, 0x00000000d6a80000, 0x0000000100000000)
  eden space 17920K, 0% used [0x00000000d5580000,0x00000000d5580000,0x00000000d6700000)
  from space 1024K, 94% used [0x00000000d6980000,0x00000000d6a71210,0x00000000d6a80000)
  to   space 1536K, 0% used [0x00000000d6780000,0x00000000d6780000,0x00000000d6900000)
 ParOldGen       total 115200K, used 114934K [0x0000000080000000, 0x0000000087080000, 0x00000000d5580000)
  object space 115200K, 99% used [0x0000000080000000,0x000000008703d8c8,0x0000000087080000)
 Metaspace       used 70264K, committed 71872K, reserved 1114112K
  class space    used 7253K, committed 7936K, reserved 1048576K
}
Event: 31.543 GC heap before
{Heap before GC invocations=188 (full 3):
 PSYoungGen      total 18944K, used 18884K [0x00000000d5580000, 0x00000000d6a80000, 0x0000000100000000)
  eden space 17920K, 100% used [0x00000000d5580000,0x00000000d6700000,0x00000000d6700000)
  from space 1024K, 94% used [0x00000000d6980000,0x00000000d6a71210,0x00000000d6a80000)
  to   space 1536K, 0% used [0x00000000d6780000,0x00000000d6780000,0x00000000d6900000)
 ParOldGen       total 115200K, used 114934K [0x0000000080000000, 0x0000000087080000, 0x00000000d5580000)
  object space 115200K, 99% used [0x0000000080000000,0x000000008703d8c8,0x0000000087080000)
 Metaspace       used 70925K, committed 72512K, reserved 1114112K
  class space    used 7293K, committed 8000K, reserved 1048576K
}
Event: 31.545 GC heap after
{Heap after GC invocations=188 (full 3):
 PSYoungGen      total 19456K, used 1535K [0x00000000d5580000, 0x00000000d6d00000, 0x0000000100000000)
  eden space 17920K, 0% used [0x00000000d5580000,0x00000000d5580000,0x00000000d6700000)
  from space 1536K, 99% used [0x00000000d6780000,0x00000000d68ffff0,0x00000000d6900000)
  to   space 3072K, 0% used [0x00000000d6a00000,0x00000000d6a00000,0x00000000d6d00000)
 ParOldGen       total 116224K, used 115807K [0x0000000080000000, 0x0000000087180000, 0x00000000d5580000)
  object space 116224K, 99% used [0x0000000080000000,0x0000000087117df8,0x0000000087180000)
 Metaspace       used 70925K, committed 72512K, reserved 1114112K
  class space    used 7293K, committed 8000K, reserved 1048576K
}
Event: 31.678 GC heap before
{Heap before GC invocations=189 (full 3):
 PSYoungGen      total 19456K, used 19455K [0x00000000d5580000, 0x00000000d6d00000, 0x0000000100000000)
  eden space 17920K, 100% used [0x00000000d5580000,0x00000000d6700000,0x00000000d6700000)
  from space 1536K, 99% used [0x00000000d6780000,0x00000000d68ffff0,0x00000000d6900000)
  to   space 3072K, 0% used [0x00000000d6a00000,0x00000000d6a00000,0x00000000d6d00000)
 ParOldGen       total 116224K, used 115807K [0x0000000080000000, 0x0000000087180000, 0x00000000d5580000)
  object space 116224K, 99% used [0x0000000080000000,0x0000000087117df8,0x0000000087180000)
 Metaspace       used 71634K, committed 73216K, reserved 1179648K
  class space    used 7357K, committed 8064K, reserved 1048576K
}
Event: 31.680 GC heap after
{Heap after GC invocations=189 (full 3):
 PSYoungGen      total 18944K, used 628K [0x00000000d5580000, 0x00000000d6b00000, 0x0000000100000000)
  eden space 17920K, 0% used [0x00000000d5580000,0x00000000d5580000,0x00000000d6700000)
  from space 1024K, 61% used [0x00000000d6a00000,0x00000000d6a9d200,0x00000000d6b00000)
  to   space 1536K, 0% used [0x00000000d6800000,0x00000000d6800000,0x00000000d6980000)
 ParOldGen       total 116736K, used 116697K [0x0000000080000000, 0x0000000087200000, 0x00000000d5580000)
  object space 116736K, 99% used [0x0000000080000000,0x00000000871f65e8,0x0000000087200000)
 Metaspace       used 71634K, committed 73216K, reserved 1179648K
  class space    used 7357K, committed 8064K, reserved 1048576K
}
Event: 31.799 GC heap before
{Heap before GC invocations=190 (full 3):
 PSYoungGen      total 18944K, used 18548K [0x00000000d5580000, 0x00000000d6b00000, 0x0000000100000000)
  eden space 17920K, 100% used [0x00000000d5580000,0x00000000d6700000,0x00000000d6700000)
  from space 1024K, 61% used [0x00000000d6a00000,0x00000000d6a9d200,0x00000000d6b00000)
  to   space 1536K, 0% used [0x00000000d6800000,0x00000000d6800000,0x00000000d6980000)
 ParOldGen       total 116736K, used 116697K [0x0000000080000000, 0x0000000087200000, 0x00000000d5580000)
  object space 116736K, 99% used [0x0000000080000000,0x00000000871f65e8,0x0000000087200000)
 Metaspace       used 72059K, committed 73728K, reserved 1179648K
  class space    used 7409K, committed 8128K, reserved 1048576K
}
Event: 31.800 GC heap after
{Heap after GC invocations=190 (full 3):
 PSYoungGen      total 19456K, used 1108K [0x00000000d5580000, 0x00000000d6a80000, 0x0000000100000000)
  eden space 17920K, 0% used [0x00000000d5580000,0x00000000d5580000,0x00000000d6700000)
  from space 1536K, 72% used [0x00000000d6800000,0x00000000d6915200,0x00000000d6980000)
  to   space 1024K, 0% used [0x00000000d6980000,0x00000000d6980000,0x00000000d6a80000)
 ParOldGen       total 117248K, used 117129K [0x0000000080000000, 0x0000000087280000, 0x00000000d5580000)
  object space 117248K, 99% used [0x0000000080000000,0x00000000872625e8,0x0000000087280000)
 Metaspace       used 72059K, committed 73728K, reserved 1179648K
  class space    used 7409K, committed 8128K, reserved 1048576K
}

