# JRE version: OpenJDK Runtime Environment Temurin-21.0.11+10 (21.0.11+10) (build 21.0.11+10-LTS)
# Java VM: OpenJDK 64-Bit Server VM Temurin-21.0.11+10 (21.0.11+10-LTS, mixed mode, sharing, tiered, compressed oops, compressed class ptrs, parallel gc, windows-amd64)
GC Precious Log:
 CardTable entry size: 512
 CPUs: 12 total, 12 available
 Memory: 15681M
 Large Page Support: Disabled
 NUMA Support: Disabled
 Compressed Oops: Enabled (32-bit)
 Alignments: Space 512K, Generation 512K, Heap 2M
 Heap Min Capacity: 100M
 Heap Initial Capacity: 100M
 Heap Max Capacity: 2G
 Pre-touch: Disabled
 Parallel Workers: 10
Heap:
 PSYoungGen      total 3584K, used 3332K [0x00000000d5580000, 0x00000000d5a80000, 0x0000000100000000)
  eden space 2560K, 100% used [0x00000000d5580000,0x00000000d5800000,0x00000000d5800000)
  from space 1024K, 75% used [0x00000000d5980000,0x00000000d5a41210,0x00000000d5a80000)
  to   space 1024K, 60% used [0x00000000d5880000,0x00000000d591a910,0x00000000d5980000)
 ParOldGen       total 339456K, used 339451K [0x0000000080000000, 0x0000000094b80000, 0x00000000d5580000)
  object space 339456K, 99% used [0x0000000080000000,0x0000000094b7ed08,0x0000000094b80000)
 Metaspace       used 78939K, committed 80960K, reserved 1179648K
  class space    used 8243K, committed 9152K, reserved 1048576K
GC Heap History (20 events):
Event: 10192.503 GC heap after
{Heap after GC invocations=386 (full 3):
 PSYoungGen      total 3072K, used 512K [0x00000000d5580000, 0x00000000d5b00000, 0x0000000100000000)
  eden space 2560K, 0% used [0x00000000d5580000,0x00000000d5580000,0x00000000d5800000)
  from space 512K, 100% used [0x00000000d5a00000,0x00000000d5a80000,0x00000000d5a80000)
  to   space 512K, 0% used [0x00000000d5a80000,0x00000000d5a80000,0x00000000d5b00000)
 ParOldGen       total 336384K, used 336376K [0x0000000080000000, 0x0000000094880000, 0x00000000d5580000)
  object space 336384K, 99% used [0x0000000080000000,0x000000009487e3d0,0x0000000094880000)
 Metaspace       used 78832K, committed 80832K, reserved 1179648K
  class space    used 8243K, committed 9152K, reserved 1048576K
}
Event: 10192.721 GC heap before
{Heap before GC invocations=387 (full 3):
 PSYoungGen      total 3072K, used 3071K [0x00000000d5580000, 0x00000000d5b00000, 0x0000000100000000)
  eden space 2560K, 99% used [0x00000000d5580000,0x00000000d57ffff0,0x00000000d5800000)
  from space 512K, 100% used [0x00000000d5a00000,0x00000000d5a80000,0x00000000d5a80000)
  to   space 512K, 0% used [0x00000000d5a80000,0x00000000d5a80000,0x00000000d5b00000)
 ParOldGen       total 336384K, used 336376K [0x0000000080000000, 0x0000000094880000, 0x00000000d5580000)
  object space 336384K, 99% used [0x0000000080000000,0x000000009487e3d0,0x0000000094880000)
 Metaspace       used 78851K, committed 80832K, reserved 1179648K
  class space    used 8243K, committed 9152K, reserved 1048576K
}
Event: 10192.722 GC heap after
{Heap after GC invocations=387 (full 3):
 PSYoungGen      total 3072K, used 320K [0x00000000d5580000, 0x00000000d5b00000, 0x0000000100000000)
  eden space 2560K, 0% used [0x00000000d5580000,0x00000000d5580000,0x00000000d5800000)
  from space 512K, 62% used [0x00000000d5a80000,0x00000000d5ad0000,0x00000000d5b00000)
  to   space 512K, 0% used [0x00000000d5a00000,0x00000000d5a00000,0x00000000d5a80000)
 ParOldGen       total 336896K, used 336856K [0x0000000080000000, 0x0000000094900000, 0x00000000d5580000)
  object space 336896K, 99% used [0x0000000080000000,0x00000000948f63e0,0x0000000094900000)
 Metaspace       used 78851K, committed 80832K, reserved 1179648K
  class space    used 8243K, committed 9152K, reserved 1048576K
}
Event: 10192.931 GC heap before
{Heap before GC invocations=388 (full 3):
 PSYoungGen      total 3072K, used 2880K [0x00000000d5580000, 0x00000000d5b00000, 0x0000000100000000)
  eden space 2560K, 100% used [0x00000000d5580000,0x00000000d5800000,0x00000000d5800000)
  from space 512K, 62% used [0x00000000d5a80000,0x00000000d5ad0000,0x00000000d5b00000)
  to   space 512K, 0% used [0x00000000d5a00000,0x00000000d5a00000,0x00000000d5a80000)
 ParOldGen       total 336896K, used 336856K [0x0000000080000000, 0x0000000094900000, 0x00000000d5580000)
  object space 336896K, 99% used [0x0000000080000000,0x00000000948f63e0,0x0000000094900000)
 Metaspace       used 78856K, committed 80832K, reserved 1179648K
  class space    used 8243K, committed 9152K, reserved 1048576K
}
Event: 10192.932 GC heap after
{Heap after GC invocations=388 (full 3):
 PSYoungGen      total 3072K, used 484K [0x00000000d5580000, 0x00000000d5b00000, 0x0000000100000000)
  eden space 2560K, 0% used [0x00000000d5580000,0x00000000d5580000,0x00000000d5800000)
  from space 512K, 94% used [0x00000000d5a00000,0x00000000d5a79210,0x00000000d5a80000)
  to   space 512K, 0% used [0x00000000d5a80000,0x00000000d5a80000,0x00000000d5b00000)
 ParOldGen       total 337408K, used 337096K [0x0000000080000000, 0x0000000094980000, 0x00000000d5580000)
  object space 337408K, 99% used [0x0000000080000000,0x00000000949323e0,0x0000000094980000)
 Metaspace       used 78856K, committed 80832K, reserved 1179648K
  class space    used 8243K, committed 9152K, reserved 1048576K
}
Event: 10192.940 GC heap before
{Heap before GC invocations=389 (full 3):
 PSYoungGen      total 3072K, used 3044K [0x00000000d5580000, 0x00000000d5b00000, 0x0000000100000000)
  eden space 2560K, 100% used [0x00000000d5580000,0x00000000d5800000,0x00000000d5800000)
  from space 512K, 94% used [0x00000000d5a00000,0x00000000d5a79210,0x00000000d5a80000)
  to   space 512K, 0% used [0x00000000d5a80000,0x00000000d5a80000,0x00000000d5b00000)
 ParOldGen       total 337408K, used 337096K [0x0000000080000000, 0x0000000094980000, 0x00000000d5580000)
  object space 337408K, 99% used [0x0000000080000000,0x00000000949323e0,0x0000000094980000)
 Metaspace       used 78857K, committed 80832K, reserved 1179648K
  class space    used 8243K, committed 9152K, reserved 1048576K
}
Event: 10192.941 GC heap after
{Heap after GC invocations=389 (full 3):
 PSYoungGen      total 3072K, used 500K [0x00000000d5580000, 0x00000000d5b00000, 0x0000000100000000)
  eden space 2560K, 0% used [0x00000000d5580000,0x00000000d5580000,0x00000000d5800000)
  from space 512K, 97% used [0x00000000d5a80000,0x00000000d5afd200,0x00000000d5b00000)
  to   space 1536K, 0% used [0x00000000d5800000,0x00000000d5800000,0x00000000d5980000)
 ParOldGen       total 337920K, used 337765K [0x0000000080000000, 0x0000000094a00000, 0x00000000d5580000)
  object space 337920K, 99% used [0x0000000080000000,0x00000000949d9600,0x0000000094a00000)
 Metaspace       used 78857K, committed 80832K, reserved 1179648K
  class space    used 8243K, committed 9152K, reserved 1048576K
}
Event: 10301.015 GC heap before
{Heap before GC invocations=390 (full 3):
 PSYoungGen      total 3072K, used 3060K [0x00000000d5580000, 0x00000000d5b00000, 0x0000000100000000)
  eden space 2560K, 100% used [0x00000000d5580000,0x00000000d5800000,0x00000000d5800000)
  from space 512K, 97% used [0x00000000d5a80000,0x00000000d5afd200,0x00000000d5b00000)
  to   space 1536K, 0% used [0x00000000d5800000,0x00000000d5800000,0x00000000d5980000)
 ParOldGen       total 337920K, used 337765K [0x0000000080000000, 0x0000000094a00000, 0x00000000d5580000)
  object space 337920K, 99% used [0x0000000080000000,0x00000000949d9600,0x0000000094a00000)
 Metaspace       used 78869K, committed 80832K, reserved 1179648K
  class space    used 8243K, committed 9152K, reserved 1048576K
}
Event: 10301.016 GC heap after
{Heap after GC invocations=390 (full 3):
 PSYoungGen      total 4096K, used 410K [0x00000000d5580000, 0x00000000d5b00000, 0x0000000100000000)
  eden space 2560K, 0% used [0x00000000d5580000,0x00000000d5580000,0x00000000d5800000)
  from space 1536K, 26% used [0x00000000d5800000,0x00000000d5866920,0x00000000d5980000)
  to   space 1024K, 0% used [0x00000000d5a00000,0x00000000d5a00000,0x00000000d5b00000)
 ParOldGen       total 338432K, used 338258K [0x0000000080000000, 0x0000000094a80000, 0x00000000d5580000)
  object space 338432K, 99% used [0x0000000080000000,0x0000000094a54800,0x0000000094a80000)
 Metaspace       used 78869K, committed 80832K, reserved 1179648K
  class space    used 8243K, committed 9152K, reserved 1048576K
}
Event: 15384.487 GC heap before
{Heap before GC invocations=391 (full 3):
 PSYoungGen      total 4096K, used 2970K [0x00000000d5580000, 0x00000000d5b00000, 0x0000000100000000)
  eden space 2560K, 100% used [0x00000000d5580000,0x00000000d5800000,0x00000000d5800000)
  from space 1536K, 26% used [0x00000000d5800000,0x00000000d5866920,0x00000000d5980000)
  to   space 1024K, 0% used [0x00000000d5a00000,0x00000000d5a00000,0x00000000d5b00000)
 ParOldGen       total 338432K, used 338258K [0x0000000080000000, 0x0000000094a80000, 0x00000000d5580000)
  object space 338432K, 99% used [0x0000000080000000,0x0000000094a54800,0x0000000094a80000)
 Metaspace       used 78882K, committed 80896K, reserved 1179648K
  class space    used 8243K, committed 9152K, reserved 1048576K
}
Event: 15384.495 GC heap after
{Heap after GC invocations=391 (full 3):
 PSYoungGen      total 3072K, used 192K [0x00000000d5580000, 0x00000000d5a80000, 0x0000000100000000)
  eden space 2560K, 0% used [0x00000000d5580000,0x00000000d5580000,0x00000000d5800000)
  from space 512K, 37% used [0x00000000d5a00000,0x00000000d5a30000,0x00000000d5a80000)
  to   space 512K, 0% used [0x00000000d5980000,0x00000000d5980000,0x00000000d5a00000)
 ParOldGen       total 338432K, used 338394K [0x0000000080000000, 0x0000000094a80000, 0x00000000d5580000)
  object space 338432K, 99% used [0x0000000080000000,0x0000000094a76820,0x0000000094a80000)
 Metaspace       used 78882K, committed 80896K, reserved 1179648K
  class space    used 8243K, committed 9152K, reserved 1048576K
}
Event: 16180.629 GC heap before
{Heap before GC invocations=392 (full 3):
 PSYoungGen      total 3072K, used 2751K [0x00000000d5580000, 0x00000000d5a80000, 0x0000000100000000)
  eden space 2560K, 99% used [0x00000000d5580000,0x00000000d57fffa0,0x00000000d5800000)
  from space 512K, 37% used [0x00000000d5a00000,0x00000000d5a30000,0x00000000d5a80000)
  to   space 512K, 0% used [0x00000000d5980000,0x00000000d5980000,0x00000000d5a00000)
 ParOldGen       total 338432K, used 338394K [0x0000000080000000, 0x0000000094a80000, 0x00000000d5580000)
  object space 338432K, 99% used [0x0000000080000000,0x0000000094a76820,0x0000000094a80000)
 Metaspace       used 78913K, committed 80960K, reserved 1179648K
  class space    used 8243K, committed 9152K, reserved 1048576K
}
Event: 16180.632 GC heap after
{Heap after GC invocations=392 (full 3):
 PSYoungGen      total 3072K, used 320K [0x00000000d5580000, 0x00000000d5a80000, 0x0000000100000000)
  eden space 2560K, 0% used [0x00000000d5580000,0x00000000d5580000,0x00000000d5800000)
  from space 512K, 62% used [0x00000000d5980000,0x00000000d59d0000,0x00000000d5a00000)
  to   space 512K, 0% used [0x00000000d5a00000,0x00000000d5a00000,0x00000000d5a80000)
 ParOldGen       total 338432K, used 338418K [0x0000000080000000, 0x0000000094a80000, 0x00000000d5580000)
  object space 338432K, 99% used [0x0000000080000000,0x0000000094a7c820,0x0000000094a80000)
 Metaspace       used 78913K, committed 80960K, reserved 1179648K
  class space    used 8243K, committed 9152K, reserved 1048576K
}
Event: 16180.662 GC heap before
{Heap before GC invocations=393 (full 3):
 PSYoungGen      total 3072K, used 2880K [0x00000000d5580000, 0x00000000d5a80000, 0x0000000100000000)
  eden space 2560K, 100% used [0x00000000d5580000,0x00000000d5800000,0x00000000d5800000)
  from space 512K, 62% used [0x00000000d5980000,0x00000000d59d0000,0x00000000d5a00000)
  to   space 512K, 0% used [0x00000000d5a00000,0x00000000d5a00000,0x00000000d5a80000)
 ParOldGen       total 338432K, used 338418K [0x0000000080000000, 0x0000000094a80000, 0x00000000d5580000)
  object space 338432K, 99% used [0x0000000080000000,0x0000000094a7c820,0x0000000094a80000)
 Metaspace       used 78913K, committed 80960K, reserved 1179648K
  class space    used 8243K, committed 9152K, reserved 1048576K
}
Event: 16180.665 GC heap after
{Heap after GC invocations=393 (full 3):
 PSYoungGen      total 3072K, used 500K [0x00000000d5580000, 0x00000000d5a80000, 0x0000000100000000)
  eden space 2560K, 0% used [0x00000000d5580000,0x00000000d5580000,0x00000000d5800000)
  from space 512K, 97% used [0x00000000d5a00000,0x00000000d5a7d220,0x00000000d5a80000)
  to   space 1024K, 0% used [0x00000000d5880000,0x00000000d5880000,0x00000000d5980000)
 ParOldGen       total 338944K, used 338598K [0x0000000080000000, 0x0000000094b00000, 0x00000000d5580000)
  object space 338944K, 99% used [0x0000000080000000,0x0000000094aa9ab8,0x0000000094b00000)
 Metaspace       used 78913K, committed 80960K, reserved 1179648K
  class space    used 8243K, committed 9152K, reserved 1048576K
}
Event: 16180.785 GC heap before
{Heap before GC invocations=394 (full 3):
 PSYoungGen      total 3072K, used 3060K [0x00000000d5580000, 0x00000000d5a80000, 0x0000000100000000)
  eden space 2560K, 99% used [0x00000000d5580000,0x00000000d57fffa8,0x00000000d5800000)
  from space 512K, 97% used [0x00000000d5a00000,0x00000000d5a7d220,0x00000000d5a80000)
  to   space 1024K, 0% used [0x00000000d5880000,0x00000000d5880000,0x00000000d5980000)
 ParOldGen       total 338944K, used 338598K [0x0000000080000000, 0x0000000094b00000, 0x00000000d5580000)
  object space 338944K, 99% used [0x0000000080000000,0x0000000094aa9ab8,0x0000000094b00000)
 Metaspace       used 78918K, committed 80960K, reserved 1179648K
  class space    used 8243K, committed 9152K, reserved 1048576K
}
Event: 16180.789 GC heap after
{Heap after GC invocations=394 (full 3):
 PSYoungGen      total 3584K, used 624K [0x00000000d5580000, 0x00000000d5a80000, 0x0000000100000000)
  eden space 2560K, 0% used [0x00000000d5580000,0x00000000d5580000,0x00000000d5800000)
  from space 1024K, 60% used [0x00000000d5880000,0x00000000d591c030,0x00000000d5980000)
  to   space 1024K, 0% used [0x00000000d5980000,0x00000000d5980000,0x00000000d5a80000)
 ParOldGen       total 339456K, used 339019K [0x0000000080000000, 0x0000000094b80000, 0x00000000d5580000)
  object space 339456K, 99% used [0x0000000080000000,0x0000000094b12ce8,0x0000000094b80000)
 Metaspace       used 78918K, committed 80960K, reserved 1179648K
  class space    used 8243K, committed 9152K, reserved 1048576K
}
Event: 16180.812 GC heap before
{Heap before GC invocations=395 (full 3):
 PSYoungGen      total 3584K, used 3184K [0x00000000d5580000, 0x00000000d5a80000, 0x0000000100000000)
  eden space 2560K, 100% used [0x00000000d5580000,0x00000000d5800000,0x00000000d5800000)
  from space 1024K, 60% used [0x00000000d5880000,0x00000000d591c030,0x00000000d5980000)
  to   space 1024K, 0% used [0x00000000d5980000,0x00000000d5980000,0x00000000d5a80000)
 ParOldGen       total 339456K, used 339019K [0x0000000080000000, 0x0000000094b80000, 0x00000000d5580000)
  object space 339456K, 99% used [0x0000000080000000,0x0000000094b12ce8,0x0000000094b80000)
 Metaspace       used 78935K, committed 80960K, reserved 1179648K
  class space    used 8243K, committed 9152K, reserved 1048576K
}
Event: 16180.815 GC heap after
{Heap after GC invocations=395 (full 3):
 PSYoungGen      total 3584K, used 772K [0x00000000d5580000, 0x00000000d5a80000, 0x0000000100000000)
  eden space 2560K, 0% used [0x00000000d5580000,0x00000000d5580000,0x00000000d5800000)
  from space 1024K, 75% used [0x00000000d5980000,0x00000000d5a41210,0x00000000d5a80000)
  to   space 1024K, 0% used [0x00000000d5880000,0x00000000d5880000,0x00000000d5980000)
 ParOldGen       total 339456K, used 339427K [0x0000000080000000, 0x0000000094b80000, 0x00000000d5580000)
  object space 339456K, 99% used [0x0000000080000000,0x0000000094b78d08,0x0000000094b80000)
 Metaspace       used 78935K, committed 80960K, reserved 1179648K
  class space    used 8243K, committed 9152K, reserved 1048576K
}
Event: 16181.091 GC heap before
{Heap before GC invocations=396 (full 3):
 PSYoungGen      total 3584K, used 3332K [0x00000000d5580000, 0x00000000d5a80000, 0x0000000100000000)
  eden space 2560K, 100% used [0x00000000d5580000,0x00000000d5800000,0x00000000d5800000)
  from space 1024K, 75% used [0x00000000d5980000,0x00000000d5a41210,0x00000000d5a80000)
  to   space 1024K, 0% used [0x00000000d5880000,0x00000000d5880000,0x00000000d5980000)
 ParOldGen       total 339456K, used 339427K [0x0000000080000000, 0x0000000094b80000, 0x00000000d5580000)
  object space 339456K, 99% used [0x0000000080000000,0x0000000094b78d08,0x0000000094b80000)
 Metaspace       used 78939K, committed 80960K, reserved 1179648K
  class space    used 8243K, committed 9152K, reserved 1048576K
}

